"2016-12-29 20:14:28.671 +0300" : {
  "main_scheduler" : {
    "bqs" : {
      "13135" : {
        "mmconts" : [0, 11, 168],
        "acts" : [502, 7155],
        "tstate" : { "idle" : 61133, "run" : 1057, "locked" : 8, "mmap" : 7952 }
      },
      "13136" : {
        "mmconts" : [0, 3, 5],
        "acts" : [6, 85],
        "tstate" : { "idle" : 48577, "run" : 10017, "locked" : 6, "mmap" : 11512 }
      }
    }
  },
  "benchmark_io" : {
    "simple_times" : {
      "mcount" : {
        "mcount" : { "65 -- 104" : 1, "25 -- 41" : 1 }
      }
    },
    "stream_method" : {
      "conns" : [2, 28],
      "in" : [2349, 33396],
      "out" : [94, 1336],
      "mmtasks" : [0, 1, 2],
      "load" : 0.003,
      "mcount" : {
        "mcount" : { "Success" : 2 }
      },
      "http_proto0" : {
        "mcount" : {
          "mcount" : { "OK" : 2 }
        }
      },
      "source_log" : {
        "delta" : [0, 2856, 2832]
      },
      "loggers" : {
        "brief_logger" : {
          "records" : [2, 28],
          "out" : [123, 1747]
        }
      }
    }
  }
}