2016-12-29 20:14:20,392 [WARNING] yandextank.core.consoleworker consoleworker.py:163	/etc/yandex-tank is not accessible to get configs list
2016-12-29 20:14:20,392 [INFO] yandextank.core.tankcore tankcore.py:122	Loading configs...
2016-12-29 20:14:20,392 [DEBUG] yandextank.core.tankcore tankcore.py:623	Reading configs: ['/usr/local/lib/python2.7/dist-packages/yandextank/core/config/00-base.ini', '/home/ubuntu/.yandex-tank', 'load.ini']
2016-12-29 20:14:20,393 [DEBUG] yandextank.core.tankcore tankcore.py:653	Section: [tank] prefix: '' options:
[('uuid', 'f96f0df2-8c9a-4ef5-ba0d-02dfc1952dd0'), ('pid', '13064'), ('lock_dir', '/var/lock'), ('plugin_rcheck', 'yandextank.plugins.ResourceCheck'), ('plugin_shellexec', 'yandextank.plugins.ShellExec'), ('plugin_phantom', 'yandextank.plugins.Phantom'), ('plugin_aggregate', 'yandextank.plugins.Aggregator'), ('plugin_autostop', 'yandextank.plugins.Autostop'), ('plugin_telegraf', 'yandextank.plugins.Telegraf'), ('plugin_console', 'yandextank.plugins.Console'), ('plugin_tips', 'yandextank.plugins.TipsAndTricks'), ('plugin_rcassert', 'yandextank.plugins.RCAssert'), ('plugin_jsonreport', 'yandextank.plugins.JsonReport'), ('artifacts_base_dir', 'logs'), ('plugin_overload', 'yandextank.plugins.Overload')]
2016-12-29 20:14:20,393 [DEBUG] yandextank.core.tankcore tankcore.py:491	Adding artifact file to collect (keep=False): /var/lock/lunapark_oVoUgW.lock
2016-12-29 20:14:20,393 [INFO] yandextank.core.tankcore tankcore.py:141	Loading plugins...
2016-12-29 20:14:20,394 [DEBUG] yandextank.core.tankcore tankcore.py:653	Section: [tank] prefix: 'plugin_' options:
[('rcheck', 'yandextank.plugins.ResourceCheck'), ('shellexec', 'yandextank.plugins.ShellExec'), ('phantom', 'yandextank.plugins.Phantom'), ('aggregate', 'yandextank.plugins.Aggregator'), ('autostop', 'yandextank.plugins.Autostop'), ('telegraf', 'yandextank.plugins.Telegraf'), ('console', 'yandextank.plugins.Console'), ('tips', 'yandextank.plugins.TipsAndTricks'), ('rcassert', 'yandextank.plugins.RCAssert'), ('jsonreport', 'yandextank.plugins.JsonReport'), ('overload', 'yandextank.plugins.Overload')]
2016-12-29 20:14:20,394 [DEBUG] yandextank.core.tankcore tankcore.py:162	Loading plugin rcheck from yandextank.plugins.ResourceCheck
2016-12-29 20:14:20,394 [DEBUG] yandextank.core.tankcore tankcore.py:162	Loading plugin shellexec from yandextank.plugins.ShellExec
2016-12-29 20:14:20,395 [DEBUG] yandextank.core.tankcore tankcore.py:162	Loading plugin phantom from yandextank.plugins.Phantom
2016-12-29 20:14:20,395 [DEBUG] yandextank.core.tankcore tankcore.py:162	Loading plugin aggregate from yandextank.plugins.Aggregator
2016-12-29 20:14:20,395 [DEBUG] yandextank.core.tankcore tankcore.py:162	Loading plugin autostop from yandextank.plugins.Autostop
2016-12-29 20:14:20,395 [DEBUG] yandextank.core.tankcore tankcore.py:162	Loading plugin telegraf from yandextank.plugins.Telegraf
2016-12-29 20:14:20,395 [DEBUG] yandextank.core.tankcore tankcore.py:162	Loading plugin console from yandextank.plugins.Console
2016-12-29 20:14:20,395 [DEBUG] yandextank.core.tankcore tankcore.py:162	Loading plugin tips from yandextank.plugins.TipsAndTricks
2016-12-29 20:14:20,395 [DEBUG] yandextank.core.tankcore tankcore.py:162	Loading plugin rcassert from yandextank.plugins.RCAssert
2016-12-29 20:14:20,395 [DEBUG] yandextank.core.tankcore tankcore.py:162	Loading plugin jsonreport from yandextank.plugins.JsonReport
2016-12-29 20:14:20,396 [DEBUG] yandextank.core.tankcore tankcore.py:162	Loading plugin overload from yandextank.plugins.Overload
2016-12-29 20:14:20,398 [DEBUG] yandextank.core.tankcore tankcore.py:210	Plugin instances: [<yandextank.plugins.ResourceCheck.plugin.Plugin object at 0xb50aa5ec>, <yandextank.plugins.ShellExec.plugin.Plugin object at 0xb50aa9ec>, <yandextank.plugins.Phantom.plugin.Plugin object at 0xb50aaa4c>, <yandextank.plugins.Aggregator.plugin.Plugin object at 0xb50aaa6c>, <yandextank.plugins.Autostop.plugin.Plugin object at 0xb50aad2c>, <yandextank.plugins.Telegraf.plugin.Plugin object at 0xb50aad6c>, <yandextank.plugins.Console.plugin.Plugin object at 0xb50aae8c>, <yandextank.plugins.TipsAndTricks.plugin.Plugin object at 0xb50af16c>, <yandextank.plugins.RCAssert.plugin.Plugin object at 0xb50af34c>, <yandextank.plugins.JsonReport.plugin.Plugin object at 0xb50af6ac>, <yandextank.plugins.Overload.plugin.Plugin object at 0xb50bd02c>]
2016-12-29 20:14:20,398 [INFO] yandextank.core.consoleworker consoleworker.py:257	Performing test
2016-12-29 20:14:20,398 [INFO] yandextank.core.tankcore tankcore.py:220	Configuring plugins...
2016-12-29 20:14:20,399 [DEBUG] yandextank.core.tankcore tankcore.py:449	Searching for plugin: <class 'yandextank.plugins.Telegraf.plugin.Plugin'>
2016-12-29 20:14:20,399 [DEBUG] yandextank.core.tankcore tankcore.py:449	Searching for plugin: <class 'yandextank.plugins.Aggregator.plugin.Plugin'>
2016-12-29 20:14:20,399 [DEBUG] yandextank.core.tankcore tankcore.py:449	Searching for plugin: <class 'yandextank.common.interfaces.GeneratorPlugin'>
2016-12-29 20:14:20,399 [DEBUG] yandextank.core.tankcore tankcore.py:409	No section 'meta', adding
2016-12-29 20:14:20,400 [DEBUG] yandextank.core.tankcore tankcore.py:276	Configuring <yandextank.plugins.ResourceCheck.plugin.Plugin object at 0xb50aa5ec>
2016-12-29 20:14:20,400 [DEBUG] yandextank.core.tankcore tankcore.py:276	Configuring <yandextank.plugins.ShellExec.plugin.Plugin object at 0xb50aa9ec>
2016-12-29 20:14:20,400 [DEBUG] yandextank.core.tankcore tankcore.py:409	No section 'shellexec', adding
2016-12-29 20:14:20,401 [DEBUG] yandextank.core.tankcore tankcore.py:276	Configuring <yandextank.plugins.Phantom.plugin.Plugin object at 0xb50aaa4c>
2016-12-29 20:14:20,402 [DEBUG] yandextank.core.tankcore tankcore.py:449	Searching for plugin: <class 'yandextank.plugins.Autostop.plugin.Plugin'>
2016-12-29 20:14:20,403 [DEBUG] yandextank.core.tankcore tankcore.py:491	Adding artifact file to collect (keep=False): /home/ubuntu/Desktop/GetPoll/load/logs/answ_MRGet4.log
2016-12-29 20:14:20,403 [DEBUG] yandextank.core.tankcore tankcore.py:491	Adding artifact file to collect (keep=False): /home/ubuntu/Desktop/GetPoll/load/logs/phout_cDmzRS.log
2016-12-29 20:14:20,404 [DEBUG] yandextank.core.tankcore tankcore.py:491	Adding artifact file to collect (keep=False): /home/ubuntu/Desktop/GetPoll/load/logs/phantom_stat_qKR9X4.log
2016-12-29 20:14:20,404 [DEBUG] yandextank.core.tankcore tankcore.py:491	Adding artifact file to collect (keep=False): /home/ubuntu/Desktop/GetPoll/load/logs/phantom_vDFqPM.log
2016-12-29 20:14:20,407 [DEBUG] yandextank.common.util util.py:528	Trying to resolve address string: 127.0.0.1
2016-12-29 20:14:20,407 [DEBUG] yandextank.common.util util.py:545	Parsing port
2016-12-29 20:14:20,407 [DEBUG] yandextank.common.util util.py:555	Lookup result: [(2, 1, 6, '', ('127.0.0.1', 0)), (2, 2, 17, '', ('127.0.0.1', 0)), (2, 3, 0, '', ('127.0.0.1', 0))]
2016-12-29 20:14:20,407 [WARNING] yandextank.common.util util.py:568	Using phantom.port option is deprecated. Use phantom.address=[address]:port instead
2016-12-29 20:14:20,407 [INFO] yandextank.plugins.Phantom.utils utils.py:268	Resolved 127.0.0.1 into 127.0.0.1:8080
2016-12-29 20:14:20,409 [INFO] yandextank.stepper.main main.py:138	Configuring StepperWrapper...
2016-12-29 20:14:20,410 [DEBUG] yandextank.stepper.main main.py:122	Option phantom.ammofile = 
2016-12-29 20:14:20,410 [DEBUG] yandextank.stepper.main main.py:122	Option phantom.ammo_type = 
2016-12-29 20:14:20,410 [DEBUG] yandextank.stepper.main main.py:122	Option phantom.loop = -1
2016-12-29 20:14:20,411 [DEBUG] yandextank.stepper.main main.py:122	Option phantom.ammo_limit = -1
2016-12-29 20:14:20,411 [DEBUG] yandextank.stepper.main main.py:122	Option phantom.rps_schedule = 
2016-12-29 20:14:20,411 [DEBUG] yandextank.stepper.main main.py:122	Option phantom.instances_schedule = 
2016-12-29 20:14:20,411 [DEBUG] yandextank.stepper.main main.py:122	Option phantom.instances = 1000
2016-12-29 20:14:20,411 [DEBUG] yandextank.stepper.main main.py:122	Option phantom.uris = /polls
/polls?creationDateTime=2016-12-29T16%3A27%3A41%2B0300
2016-12-29 20:14:20,412 [DEBUG] yandextank.stepper.main main.py:122	Option phantom.headers = 
2016-12-29 20:14:20,412 [DEBUG] yandextank.stepper.main main.py:122	Option phantom.header_http = 1.0
2016-12-29 20:14:20,412 [DEBUG] yandextank.stepper.main main.py:122	Option phantom.autocases = 0
2016-12-29 20:14:20,412 [DEBUG] yandextank.stepper.main main.py:122	Option phantom.enum_ammo = False
2016-12-29 20:14:20,413 [DEBUG] yandextank.stepper.main main.py:122	Option phantom.use_caching = 1
2016-12-29 20:14:20,413 [DEBUG] yandextank.stepper.main main.py:122	Option phantom.file_cache = 8192
2016-12-29 20:14:20,413 [DEBUG] yandextank.stepper.main main.py:122	Option phantom.force_stepping = 0
2016-12-29 20:14:20,413 [DEBUG] yandextank.stepper.main main.py:122	Option phantom.stpd_file = 
2016-12-29 20:14:20,414 [DEBUG] yandextank.stepper.main main.py:122	Option phantom.chosen_cases = 
2016-12-29 20:14:20,414 [DEBUG] yandextank.core.tankcore tankcore.py:276	Configuring <yandextank.plugins.Aggregator.plugin.Plugin object at 0xb50aaa6c>
2016-12-29 20:14:20,414 [DEBUG] yandextank.core.tankcore tankcore.py:409	No section 'aggregator', adding
2016-12-29 20:14:20,414 [DEBUG] yandextank.core.tankcore tankcore.py:276	Configuring <yandextank.plugins.Autostop.plugin.Plugin object at 0xb50aad2c>
2016-12-29 20:14:20,414 [DEBUG] yandextank.core.tankcore tankcore.py:449	Searching for plugin: <class 'yandextank.plugins.Aggregator.plugin.Plugin'>
2016-12-29 20:14:20,415 [DEBUG] yandextank.core.tankcore tankcore.py:409	No section 'autostop', adding
2016-12-29 20:14:20,415 [DEBUG] yandextank.core.tankcore tankcore.py:276	Configuring <yandextank.plugins.Telegraf.plugin.Plugin object at 0xb50aad6c>
2016-12-29 20:14:20,416 [DEBUG] yandextank.core.tankcore tankcore.py:409	No section 'telegraf', adding
2016-12-29 20:14:20,416 [WARNING] yandextank.core.tankcore tankcore.py:423	Mandatory option config was not found in section telegraf
2016-12-29 20:14:20,416 [DEBUG] yandextank.core.tankcore tankcore.py:409	No section 'monitoring', adding
2016-12-29 20:14:20,416 [WARNING] yandextank.core.tankcore tankcore.py:423	Mandatory option config was not found in section monitoring
2016-12-29 20:14:20,416 [WARNING] yandextank.core.tankcore tankcore.py:423	Mandatory option default_target was not found in section telegraf
2016-12-29 20:14:20,416 [WARNING] yandextank.core.tankcore tankcore.py:423	Mandatory option default_target was not found in section monitoring
2016-12-29 20:14:20,417 [DEBUG] yandextank.core.tankcore tankcore.py:491	Adding artifact file to collect (keep=False): /home/ubuntu/Desktop/GetPoll/load/logs/monitoring_iiCVje.xml
2016-12-29 20:14:20,417 [DEBUG] yandextank.core.tankcore tankcore.py:449	Searching for plugin: <class 'yandextank.plugins.Autostop.plugin.Plugin'>
2016-12-29 20:14:20,417 [DEBUG] yandextank.core.tankcore tankcore.py:276	Configuring <yandextank.plugins.Console.plugin.Plugin object at 0xb50aae8c>
2016-12-29 20:14:20,418 [DEBUG] yandextank.core.tankcore tankcore.py:409	No section 'console', adding
2016-12-29 20:14:20,418 [DEBUG] yandextank.core.tankcore tankcore.py:449	Searching for plugin: <class 'yandextank.plugins.Aggregator.plugin.Plugin'>
2016-12-29 20:14:20,419 [DEBUG] yandextank.core.tankcore tankcore.py:276	Configuring <yandextank.plugins.TipsAndTricks.plugin.Plugin object at 0xb50af16c>
2016-12-29 20:14:20,419 [DEBUG] yandextank.core.tankcore tankcore.py:409	No section 'tips', adding
2016-12-29 20:14:20,420 [DEBUG] yandextank.core.tankcore tankcore.py:276	Configuring <yandextank.plugins.RCAssert.plugin.Plugin object at 0xb50af34c>
2016-12-29 20:14:20,420 [DEBUG] yandextank.core.tankcore tankcore.py:409	No section 'rcassert', adding
2016-12-29 20:14:20,423 [DEBUG] yandextank.core.tankcore tankcore.py:276	Configuring <yandextank.plugins.JsonReport.plugin.Plugin object at 0xb50af6ac>
2016-12-29 20:14:20,423 [DEBUG] yandextank.core.tankcore tankcore.py:409	No section 'json_report', adding
2016-12-29 20:14:20,424 [DEBUG] yandextank.core.tankcore tankcore.py:276	Configuring <yandextank.plugins.Overload.plugin.Plugin object at 0xb50bd02c>
2016-12-29 20:14:20,424 [DEBUG] yandextank.plugins.Overload.plugin plugin.py:78	Trying to read token from token.txt
2016-12-29 20:14:20,424 [INFO] yandextank.plugins.Overload.plugin plugin.py:84	Read authentication token from token.txt, token length is 32 bytes
2016-12-29 20:14:20,431 [DEBUG] yandextank.core.tankcore tankcore.py:449	Searching for plugin: <class 'yandextank.plugins.Monitoring.plugin.Plugin'>
2016-12-29 20:14:20,431 [DEBUG] yandextank.plugins.Overload.plugin plugin.py:311	Can't get monitoring config
Traceback (most recent call last):
  File "/usr/local/lib/python2.7/dist-packages/yandextank/plugins/Overload/plugin.py", line 304, in __save_conf
    mon = self.core.get_plugin_of_type(MonitoringPlugin)
  File "/usr/local/lib/python2.7/dist-packages/yandextank/core/tankcore.py", line 461, in get_plugin_of_type
    plugin_class)
KeyError: "Requested plugin type not found: <class 'yandextank.plugins.Monitoring.plugin.Plugin'>"
2016-12-29 20:14:20,432 [INFO] yandextank.core.tankcore tankcore.py:284	Preparing test...
2016-12-29 20:14:20,432 [DEBUG] yandextank.core.tankcore tankcore.py:287	Preparing <yandextank.plugins.ResourceCheck.plugin.Plugin object at 0xb50aa5ec>
2016-12-29 20:14:20,432 [INFO] yandextank.common.interfaces plugin.py:37	Checking tank resources...
2016-12-29 20:14:20,432 [DEBUG] yandextank.common.util util.py:454	Starting: sh -c "df --no-sync -m -P -l -x fuse -x tmpfs -x devtmpfs -x davfs -x nfs logs | tail -n 1 | awk '{print \$4}' "
2016-12-29 20:14:20,445 [DEBUG] yandextank.common.util util.py:476	Process output:
4975

2016-12-29 20:14:20,446 [DEBUG] yandextank.common.util util.py:478	Process exit code: 0
2016-12-29 20:14:20,446 [DEBUG] root plugin.py:56	Result: (0, '4975\n', '')
2016-12-29 20:14:20,446 [DEBUG] yandextank.common.interfaces plugin.py:62	Disk free space: 4975/2048
2016-12-29 20:14:20,446 [DEBUG] yandextank.common.interfaces plugin.py:72	Memory free: 337/100
2016-12-29 20:14:20,446 [DEBUG] yandextank.core.tankcore tankcore.py:287	Preparing <yandextank.plugins.ShellExec.plugin.Plugin object at 0xb50aa9ec>
2016-12-29 20:14:20,446 [DEBUG] yandextank.core.tankcore tankcore.py:287	Preparing <yandextank.plugins.Phantom.plugin.Plugin object at 0xb50aaa4c>
2016-12-29 20:14:20,447 [DEBUG] yandextank.stepper.main main.py:255	stpd-hash source: cache version 6||-1|-1||0|/polls;/polls?creationDateTime=2016-12-29T16%3A27%3A41%2B0300||1.0||False|phantom|/polls;/polls?creationDateTime=2016-12-29T16%3A27%3A41%2B0300|
2016-12-29 20:14:20,447 [DEBUG] yandextank.stepper.main main.py:264	Generated cache file name: logs/_3382433a8735e22591ef65b431091843.stpd
2016-12-29 20:14:20,447 [INFO] yandextank.stepper.main main.py:202	Using cached stpd-file: logs/_3382433a8735e22591ef65b431091843.stpd
2016-12-29 20:14:20,448 [DEBUG] yandextank.stepper.main main.py:271	Reading cached stepper info: logs/_3382433a8735e22591ef65b431091843.stpd_si.json
2016-12-29 20:14:20,448 [DEBUG] yandextank.stepper.info info.py:43	Published [] to loadscheme
2016-12-29 20:14:20,448 [DEBUG] yandextank.stepper.info info.py:43	Published 1 to loop_count
2016-12-29 20:14:20,448 [DEBUG] yandextank.stepper.info info.py:43	Published [] to steps
2016-12-29 20:14:20,448 [DEBUG] yandextank.stepper.info info.py:43	Published 0 to duration
2016-12-29 20:14:20,449 [DEBUG] yandextank.stepper.info info.py:43	Published 0 to instances
2016-12-29 20:14:20,449 [DEBUG] yandextank.core.tankcore tankcore.py:491	Adding artifact file to collect (keep=False): /home/ubuntu/Desktop/GetPoll/load/logs/phantom_GFfWnW.conf
2016-12-29 20:14:20,449 [DEBUG] yandextank.plugins.Phantom.utils utils.py:119	Generating phantom config: /home/ubuntu/Desktop/GetPoll/load/logs/phantom_GFfWnW.conf
2016-12-29 20:14:20,451 [DEBUG] yandextank.common.util util.py:454	Starting: [u'phantom', 'check', '/home/ubuntu/Desktop/GetPoll/load/logs/phantom_GFfWnW.conf']
2016-12-29 20:14:20,495 [DEBUG] yandextank.common.util util.py:476	Process output:
setup_t module_setup = setup_module_t {
  dir = "/usr/lib/phantom"
  list = {
    io_monitor
    io_benchmark
    io_benchmark_method_stream
    io_benchmark_method_stream_ipv4
    io_benchmark_method_stream_ipv6
    io_benchmark_method_stream_source_log
    io_benchmark_method_stream_proto_none
    io_benchmark_method_stream_proto_http
  }
}
setup_t stat_setup = setup_stat_t {
  list = {
    default
  }
}
scheduler_t main_scheduler = scheduler_simple_t {
  threads = 2
  limit = unlimited
  event_buf_size = 20
  timeout_prec = 001
  tname = ""
  policy = other
  priority = 0
}
logger_t phantom_logger = logger_file_t {
  level = info
  filename = "/home/ubuntu/Desktop/GetPoll/load/logs/phantom_vDFqPM.log"
  check_interval = 1s
  scheduler = main_scheduler
}
logger = phantom_logger
io_t benchmark_io = io_benchmark_t {
  instances = 1000
  method_t stream_method = method_stream_ipv4_t {
    address = 127.0.0.1
    port = 8080
    bind = {
    }
    cork = true
    timeout = 11s
    ibuf_size = 4K
    obuf_size = 1K
    source_t source_log = source_log_t {
      filename = "logs/_3382433a8735e22591ef65b431091843.stpd"
      ibuf_size = 1M
    }
    source = source_log
    transport = NULL
    proto_t http_proto0 = proto_http_t {
      reply_limits = {
        line = 1K
        field_num = 128
        field = 8K
        entity = 8M
      }
    }
    proto_t none_proto = proto_none_t {
    }
    proto = http_proto0
    logger_t benchmark_logger = logger_default_t {
      filename = "/home/ubuntu/Desktop/GetPoll/load/logs/answ_MRGet4.log"
      check_interval = 1s
      scheduler = main_scheduler
      level = all
    }
    logger_t brief_logger = logger_brief_t {
      time_format = unix
      filename = "/home/ubuntu/Desktop/GetPoll/load/logs/phout_cDmzRS.log"
      check_interval = 1s
      scheduler = main_scheduler
      level = all
    }
    loggers = {
      brief_logger
    }
  }
  method = stream_method
  times_t simple_times = times_simple_t {
    max = 11s
    min = 001
    steps = 20
  }
  times = simple_times
  scheduler = main_scheduler
}
io_t monitor_io = io_monitor_t {
  clear = true
  period = 1s
  list = {
    main_scheduler
    benchmark_io
  }
  stat_id = default
  filename = "/home/ubuntu/Desktop/GetPoll/load/logs/phantom_stat_qKR9X4.log"
  check_interval = 1s
  scheduler = main_scheduler
}

2016-12-29 20:14:20,495 [DEBUG] yandextank.common.util util.py:478	Process exit code: 0
2016-12-29 20:14:20,495 [DEBUG] yandextank.plugins.Phantom.plugin plugin.py:118	Linking sample reader to aggregator. Reading samples from /home/ubuntu/Desktop/GetPoll/load/logs/phout_cDmzRS.log
2016-12-29 20:14:20,496 [DEBUG] yandextank.plugins.Phantom.plugin plugin.py:121	Linking stats reader to aggregator. Reading stats from /home/ubuntu/Desktop/GetPoll/load/logs/phantom_stat_qKR9X4.log
2016-12-29 20:14:20,496 [DEBUG] yandextank.plugins.Phantom.utils utils.py:150	Steps: []
2016-12-29 20:14:20,496 [DEBUG] yandextank.core.tankcore tankcore.py:449	Searching for plugin: <class 'yandextank.plugins.Console.plugin.Plugin'>
2016-12-29 20:14:20,496 [DEBUG] yandextank.plugins.Phantom.utils utils.py:150	Steps: []
2016-12-29 20:14:20,497 [DEBUG] yandextank.plugins.Phantom.utils utils.py:150	Steps: []
2016-12-29 20:14:20,497 [DEBUG] yandextank.core.tankcore tankcore.py:449	Searching for plugin: <class 'yandextank.plugins.Aggregator.plugin.Plugin'>
2016-12-29 20:14:20,497 [DEBUG] yandextank.core.tankcore tankcore.py:287	Preparing <yandextank.plugins.Aggregator.plugin.Plugin object at 0xb50aaa6c>
2016-12-29 20:14:20,498 [DEBUG] yandextank.core.tankcore tankcore.py:287	Preparing <yandextank.plugins.Autostop.plugin.Plugin object at 0xb50aad2c>
2016-12-29 20:14:20,498 [DEBUG] yandextank.common.interfaces plugin.py:82	Criterion objects: {}
2016-12-29 20:14:20,498 [DEBUG] yandextank.core.tankcore tankcore.py:449	Searching for plugin: <class 'yandextank.plugins.Console.plugin.Plugin'>
2016-12-29 20:14:20,498 [DEBUG] yandextank.core.tankcore tankcore.py:287	Preparing <yandextank.plugins.Telegraf.plugin.Plugin object at 0xb50aad6c>
2016-12-29 20:14:20,499 [DEBUG] yandextank.plugins.Telegraf.plugin plugin.py:173	Changed monitoring target to 127.0.0.1
2016-12-29 20:14:20,500 [DEBUG] yandextank.core.tankcore tankcore.py:491	Adding artifact file to collect (keep=False): /home/ubuntu/Desktop/GetPoll/load/logs/monitoring_overall_y7WWU2.data
2016-12-29 20:14:20,500 [DEBUG] yandextank.core.tankcore tankcore.py:449	Searching for plugin: <class 'yandextank.plugins.Console.plugin.Plugin'>
2016-12-29 20:14:20,505 [DEBUG] yandextank.plugins.Telegraf.config config.py:103	Using target hint: 127.0.0.1
2016-12-29 20:14:20,505 [INFO] root config.py:140	Empty host config, using defaults
2016-12-29 20:14:20,505 [DEBUG] yandextank.plugins.Telegraf.collector collector.py:66	Installing monitoring agent. Host: localhost
2016-12-29 20:14:20,506 [INFO] yandextank.plugins.Telegraf.client client.py:55	Created temp dir /tmp/tmpToB7V4
2016-12-29 20:14:20,506 [INFO] yandextank.plugins.Telegraf.config config.py:249	Found agent config file in working directory with the same name as created for host 127.0.0.1.
Creating new one via tempfile. This will affect predictable filenames for agent artefacts
2016-12-29 20:14:20,507 [INFO] yandextank.plugins.Telegraf.config config.py:181	Found agent startup config file in working directory with the same name as created for host 127.0.0.1.
Creating new one via tempfile. This will affect predictable filenames for agent artefacts
2016-12-29 20:14:20,508 [INFO] yandextank.plugins.Telegraf.config config.py:213	Found agent custom execs config file in working directory with the same name as created for host 127.0.0.1.
Creating new one via tempfile. This will affect predictable filenames for agent artefacts
2016-12-29 20:14:20,509 [INFO] yandextank.plugins.Telegraf.client client.py:98	Starting agent on localhost
2016-12-29 20:14:20,716 [DEBUG] yandextank.plugins.Telegraf.collector collector.py:107	Polling/decoding agents data took: 0.07ms
2016-12-29 20:14:20,716 [DEBUG] yandextank.plugins.Overload.plugin plugin.py:284	No jobNo gained yet
2016-12-29 20:14:20,917 [DEBUG] yandextank.plugins.Telegraf.collector collector.py:107	Polling/decoding agents data took: 0.06ms
2016-12-29 20:14:20,917 [DEBUG] yandextank.plugins.Overload.plugin plugin.py:284	No jobNo gained yet
2016-12-29 20:14:21,118 [DEBUG] yandextank.plugins.Telegraf.collector collector.py:107	Polling/decoding agents data took: 0.04ms
2016-12-29 20:14:21,118 [DEBUG] yandextank.plugins.Overload.plugin plugin.py:284	No jobNo gained yet
2016-12-29 20:14:21,319 [DEBUG] yandextank.plugins.Telegraf.collector collector.py:107	Polling/decoding agents data took: 0.04ms
2016-12-29 20:14:21,319 [DEBUG] yandextank.plugins.Overload.plugin plugin.py:284	No jobNo gained yet
2016-12-29 20:14:21,524 [DEBUG] yandextank.plugins.Telegraf.collector collector.py:107	Polling/decoding agents data took: 0.11ms
2016-12-29 20:14:21,525 [DEBUG] yandextank.plugins.Overload.plugin plugin.py:284	No jobNo gained yet
2016-12-29 20:14:21,726 [DEBUG] yandextank.plugins.Telegraf.collector collector.py:107	Polling/decoding agents data took: 0.10ms
2016-12-29 20:14:21,727 [DEBUG] yandextank.plugins.Overload.plugin plugin.py:284	No jobNo gained yet
2016-12-29 20:14:21,928 [DEBUG] yandextank.plugins.Telegraf.collector collector.py:107	Polling/decoding agents data took: 0.04ms
2016-12-29 20:14:21,929 [DEBUG] yandextank.plugins.Overload.plugin plugin.py:284	No jobNo gained yet
2016-12-29 20:14:22,130 [DEBUG] yandextank.plugins.Telegraf.collector collector.py:107	Polling/decoding agents data took: 0.04ms
2016-12-29 20:14:22,130 [DEBUG] yandextank.plugins.Overload.plugin plugin.py:284	No jobNo gained yet
2016-12-29 20:14:22,333 [DEBUG] yandextank.plugins.Telegraf.collector collector.py:107	Polling/decoding agents data took: 0.05ms
2016-12-29 20:14:22,334 [DEBUG] yandextank.plugins.Overload.plugin plugin.py:284	No jobNo gained yet
2016-12-29 20:14:22,534 [DEBUG] yandextank.plugins.Telegraf.collector collector.py:107	Polling/decoding agents data took: 0.05ms
2016-12-29 20:14:22,535 [DEBUG] yandextank.plugins.Overload.plugin plugin.py:284	No jobNo gained yet
2016-12-29 20:14:22,735 [DEBUG] yandextank.plugins.Telegraf.collector collector.py:107	Polling/decoding agents data took: 0.03ms
2016-12-29 20:14:22,735 [DEBUG] yandextank.plugins.Overload.plugin plugin.py:284	No jobNo gained yet
2016-12-29 20:14:22,939 [DEBUG] yandextank.plugins.Telegraf.collector collector.py:107	Polling/decoding agents data took: 0.04ms
2016-12-29 20:14:22,941 [DEBUG] yandextank.plugins.Overload.plugin plugin.py:284	No jobNo gained yet
2016-12-29 20:14:23,147 [DEBUG] yandextank.plugins.Telegraf.collector collector.py:107	Polling/decoding agents data took: 0.06ms
2016-12-29 20:14:23,147 [DEBUG] yandextank.plugins.Overload.plugin plugin.py:284	No jobNo gained yet
2016-12-29 20:14:23,350 [DEBUG] yandextank.plugins.Telegraf.collector collector.py:107	Polling/decoding agents data took: 0.04ms
2016-12-29 20:14:23,350 [DEBUG] yandextank.plugins.Overload.plugin plugin.py:284	No jobNo gained yet
2016-12-29 20:14:23,551 [DEBUG] yandextank.plugins.Telegraf.collector collector.py:107	Polling/decoding agents data took: 0.04ms
2016-12-29 20:14:23,552 [DEBUG] yandextank.plugins.Overload.plugin plugin.py:284	No jobNo gained yet
2016-12-29 20:14:23,753 [DEBUG] yandextank.plugins.Telegraf.collector collector.py:107	Polling/decoding agents data took: 0.04ms
2016-12-29 20:14:23,753 [DEBUG] yandextank.plugins.Overload.plugin plugin.py:284	No jobNo gained yet
2016-12-29 20:14:23,954 [DEBUG] yandextank.plugins.Telegraf.collector collector.py:107	Polling/decoding agents data took: 0.04ms
2016-12-29 20:14:23,954 [DEBUG] yandextank.plugins.Overload.plugin plugin.py:284	No jobNo gained yet
2016-12-29 20:14:24,154 [DEBUG] yandextank.plugins.Telegraf.collector collector.py:107	Polling/decoding agents data took: 0.05ms
2016-12-29 20:14:24,155 [DEBUG] yandextank.plugins.Overload.plugin plugin.py:284	No jobNo gained yet
2016-12-29 20:14:24,356 [DEBUG] yandextank.plugins.Telegraf.collector collector.py:107	Polling/decoding agents data took: 0.04ms
2016-12-29 20:14:24,356 [DEBUG] yandextank.plugins.Overload.plugin plugin.py:284	No jobNo gained yet
2016-12-29 20:14:24,558 [DEBUG] yandextank.plugins.Telegraf.collector collector.py:107	Polling/decoding agents data took: 0.05ms
2016-12-29 20:14:24,558 [DEBUG] yandextank.plugins.Overload.plugin plugin.py:284	No jobNo gained yet
2016-12-29 20:14:24,759 [DEBUG] yandextank.plugins.Telegraf.collector collector.py:107	Polling/decoding agents data took: 0.03ms
2016-12-29 20:14:24,759 [DEBUG] yandextank.plugins.Overload.plugin plugin.py:284	No jobNo gained yet
2016-12-29 20:14:24,960 [DEBUG] yandextank.plugins.Telegraf.collector collector.py:107	Polling/decoding agents data took: 0.03ms
2016-12-29 20:14:24,960 [DEBUG] yandextank.plugins.Overload.plugin plugin.py:284	No jobNo gained yet
2016-12-29 20:14:25,161 [DEBUG] yandextank.plugins.Telegraf.collector collector.py:107	Polling/decoding agents data took: 0.04ms
2016-12-29 20:14:25,161 [DEBUG] yandextank.plugins.Overload.plugin plugin.py:284	No jobNo gained yet
2016-12-29 20:14:25,362 [DEBUG] yandextank.plugins.Telegraf.collector collector.py:107	Polling/decoding agents data took: 0.04ms
2016-12-29 20:14:25,362 [DEBUG] yandextank.plugins.Overload.plugin plugin.py:284	No jobNo gained yet
2016-12-29 20:14:25,566 [DEBUG] yandextank.plugins.Telegraf.collector collector.py:107	Polling/decoding agents data took: 0.05ms
2016-12-29 20:14:25,567 [DEBUG] yandextank.plugins.Overload.plugin plugin.py:284	No jobNo gained yet
2016-12-29 20:14:25,767 [DEBUG] yandextank.plugins.Telegraf.collector collector.py:107	Polling/decoding agents data took: 0.04ms
2016-12-29 20:14:25,768 [DEBUG] yandextank.plugins.Overload.plugin plugin.py:284	No jobNo gained yet
2016-12-29 20:14:25,968 [DEBUG] yandextank.plugins.Telegraf.collector collector.py:107	Polling/decoding agents data took: 0.10ms
2016-12-29 20:14:25,969 [DEBUG] yandextank.plugins.Overload.plugin plugin.py:284	No jobNo gained yet
2016-12-29 20:14:26,170 [DEBUG] yandextank.plugins.Telegraf.collector collector.py:107	Polling/decoding agents data took: 0.04ms
2016-12-29 20:14:26,170 [DEBUG] yandextank.plugins.Overload.plugin plugin.py:284	No jobNo gained yet
2016-12-29 20:14:26,373 [DEBUG] yandextank.plugins.Telegraf.collector collector.py:107	Polling/decoding agents data took: 0.05ms
2016-12-29 20:14:26,374 [DEBUG] yandextank.plugins.Overload.plugin plugin.py:284	No jobNo gained yet
2016-12-29 20:14:26,574 [DEBUG] yandextank.plugins.Telegraf.collector collector.py:107	Polling/decoding agents data took: 0.04ms
2016-12-29 20:14:26,575 [DEBUG] yandextank.plugins.Overload.plugin plugin.py:284	No jobNo gained yet
2016-12-29 20:14:26,775 [DEBUG] yandextank.plugins.Telegraf.collector collector.py:107	Polling/decoding agents data took: 0.06ms
2016-12-29 20:14:26,776 [DEBUG] yandextank.plugins.Overload.plugin plugin.py:284	No jobNo gained yet
2016-12-29 20:14:26,976 [DEBUG] yandextank.plugins.Telegraf.collector collector.py:107	Polling/decoding agents data took: 0.04ms
2016-12-29 20:14:26,977 [DEBUG] yandextank.plugins.Overload.plugin plugin.py:284	No jobNo gained yet
2016-12-29 20:14:27,177 [DEBUG] yandextank.plugins.Telegraf.collector collector.py:107	Polling/decoding agents data took: 0.04ms
2016-12-29 20:14:27,178 [DEBUG] yandextank.plugins.Overload.plugin plugin.py:284	No jobNo gained yet
2016-12-29 20:14:27,382 [DEBUG] yandextank.plugins.Telegraf.collector collector.py:107	Polling/decoding agents data took: 0.04ms
2016-12-29 20:14:27,382 [DEBUG] yandextank.plugins.Overload.plugin plugin.py:284	No jobNo gained yet
2016-12-29 20:14:27,582 [DEBUG] yandextank.plugins.Telegraf.collector collector.py:107	Polling/decoding agents data took: 0.06ms
2016-12-29 20:14:27,583 [DEBUG] yandextank.plugins.Overload.plugin plugin.py:284	No jobNo gained yet
2016-12-29 20:14:27,784 [DEBUG] yandextank.plugins.Telegraf.collector collector.py:107	Polling/decoding agents data took: 0.06ms
2016-12-29 20:14:27,784 [DEBUG] yandextank.plugins.Overload.plugin plugin.py:284	No jobNo gained yet
2016-12-29 20:14:27,985 [DEBUG] yandextank.plugins.Telegraf.collector collector.py:107	Polling/decoding agents data took: 0.05ms
2016-12-29 20:14:27,985 [DEBUG] yandextank.plugins.Overload.plugin plugin.py:284	No jobNo gained yet
2016-12-29 20:14:28,186 [DEBUG] yandextank.plugins.Telegraf.collector collector.py:107	Polling/decoding agents data took: 0.04ms
2016-12-29 20:14:28,186 [DEBUG] yandextank.plugins.Overload.plugin plugin.py:284	No jobNo gained yet
2016-12-29 20:14:28,391 [DEBUG] yandextank.plugins.Telegraf.collector collector.py:107	Polling/decoding agents data took: 0.04ms
2016-12-29 20:14:28,391 [DEBUG] yandextank.plugins.Overload.plugin plugin.py:284	No jobNo gained yet
2016-12-29 20:14:28,593 [DEBUG] yandextank.plugins.Telegraf.collector collector.py:107	Polling/decoding agents data took: 0.99ms
2016-12-29 20:14:28,593 [INFO] yandextank.plugins.Telegraf.collector collector.py:113	Monitoring received first data.
2016-12-29 20:14:28,593 [DEBUG] yandextank.core.tankcore tankcore.py:287	Preparing <yandextank.plugins.Console.plugin.Plugin object at 0xb50aae8c>
2016-12-29 20:14:28,593 [DEBUG] yandextank.core.tankcore tankcore.py:287	Preparing <yandextank.plugins.TipsAndTricks.plugin.Plugin object at 0xb50af16c>
2016-12-29 20:14:28,593 [DEBUG] yandextank.core.tankcore tankcore.py:449	Searching for plugin: <class 'yandextank.plugins.Console.plugin.Plugin'>
2016-12-29 20:14:28,594 [DEBUG] yandextank.core.tankcore tankcore.py:287	Preparing <yandextank.plugins.RCAssert.plugin.Plugin object at 0xb50af34c>
2016-12-29 20:14:28,594 [DEBUG] yandextank.core.tankcore tankcore.py:287	Preparing <yandextank.plugins.JsonReport.plugin.Plugin object at 0xb50af6ac>
2016-12-29 20:14:28,594 [DEBUG] yandextank.core.tankcore tankcore.py:287	Preparing <yandextank.plugins.Overload.plugin.Plugin object at 0xb50bd02c>
2016-12-29 20:14:28,594 [DEBUG] yandextank.core.tankcore tankcore.py:449	Searching for plugin: <class 'yandextank.plugins.Console.plugin.Plugin'>
2016-12-29 20:14:28,594 [DEBUG] yandextank.core.tankcore tankcore.py:449	Searching for plugin: <class 'yandextank.plugins.Phantom.plugin.Plugin'>
2016-12-29 20:14:28,594 [DEBUG] yandextank.core.tankcore tankcore.py:449	Searching for plugin: <class 'yandextank.plugins.Monitoring.plugin.Plugin'>
2016-12-29 20:14:28,594 [DEBUG] yandextank.plugins.Overload.plugin plugin.py:311	Can't get monitoring config
Traceback (most recent call last):
  File "/usr/local/lib/python2.7/dist-packages/yandextank/plugins/Overload/plugin.py", line 304, in __save_conf
    mon = self.core.get_plugin_of_type(MonitoringPlugin)
  File "/usr/local/lib/python2.7/dist-packages/yandextank/core/tankcore.py", line 461, in get_plugin_of_type
    plugin_class)
KeyError: "Requested plugin type not found: <class 'yandextank.plugins.Monitoring.plugin.Plugin'>"
2016-12-29 20:14:28,595 [INFO] yandextank.core.tankcore tankcore.py:294	Starting test...
2016-12-29 20:14:28,595 [DEBUG] yandextank.core.tankcore tankcore.py:297	Starting <yandextank.plugins.ResourceCheck.plugin.Plugin object at 0xb50aa5ec>
2016-12-29 20:14:28,595 [DEBUG] yandextank.core.tankcore tankcore.py:297	Starting <yandextank.plugins.ShellExec.plugin.Plugin object at 0xb50aa9ec>
2016-12-29 20:14:28,595 [DEBUG] yandextank.core.tankcore tankcore.py:297	Starting <yandextank.plugins.Phantom.plugin.Plugin object at 0xb50aaa4c>
2016-12-29 20:14:28,595 [DEBUG] yandextank.plugins.Phantom.plugin plugin.py:155	Starting phantom with arguments: [u'phantom', 'run', '/home/ubuntu/Desktop/GetPoll/load/logs/phantom_GFfWnW.conf']
2016-12-29 20:14:28,595 [DEBUG] yandextank.core.tankcore tankcore.py:491	Adding artifact file to collect (keep=False): /home/ubuntu/Desktop/GetPoll/load/logs/phantom_stdout_stderr_PKY3GM.log
2016-12-29 20:14:28,599 [DEBUG] yandextank.core.tankcore tankcore.py:297	Starting <yandextank.plugins.Aggregator.plugin.Plugin object at 0xb50aaa6c>
2016-12-29 20:14:28,616 [DEBUG] yandextank.core.tankcore tankcore.py:297	Starting <yandextank.plugins.Autostop.plugin.Plugin object at 0xb50aad2c>
2016-12-29 20:14:28,620 [DEBUG] yandextank.core.tankcore tankcore.py:297	Starting <yandextank.plugins.Telegraf.plugin.Plugin object at 0xb50aad6c>
2016-12-29 20:14:28,620 [DEBUG] yandextank.plugins.Telegraf.plugin plugin.py:58	load_start_time = 1483031668.62
2016-12-29 20:14:28,620 [DEBUG] yandextank.core.tankcore tankcore.py:297	Starting <yandextank.plugins.Console.plugin.Plugin object at 0xb50aae8c>
2016-12-29 20:14:28,620 [DEBUG] yandextank.core.tankcore tankcore.py:297	Starting <yandextank.plugins.TipsAndTricks.plugin.Plugin object at 0xb50af16c>
2016-12-29 20:14:28,621 [DEBUG] yandextank.core.tankcore tankcore.py:297	Starting <yandextank.plugins.RCAssert.plugin.Plugin object at 0xb50af34c>
2016-12-29 20:14:28,621 [DEBUG] yandextank.core.tankcore tankcore.py:297	Starting <yandextank.plugins.JsonReport.plugin.Plugin object at 0xb50af6ac>
2016-12-29 20:14:28,621 [DEBUG] yandextank.core.tankcore tankcore.py:297	Starting <yandextank.plugins.Overload.plugin.Plugin object at 0xb50bd02c>
2016-12-29 20:14:28,621 [DEBUG] yandextank.core.tankcore tankcore.py:449	Searching for plugin: <class 'yandextank.plugins.Phantom.plugin.Plugin'>
2016-12-29 20:14:28,621 [DEBUG] yandextank.core.tankcore tankcore.py:449	Searching for plugin: <class 'yandextank.plugins.JMeter.plugin.Plugin'>
2016-12-29 20:14:28,621 [DEBUG] yandextank.plugins.Overload.plugin plugin.py:194	No jmeter plugin to get info: "Requested plugin type not found: <class 'yandextank.plugins.JMeter.plugin.Plugin'>"
2016-12-29 20:14:28,621 [INFO] yandextank.plugins.Overload.plugin plugin.py:204	Detected target: 127.0.0.1
2016-12-29 20:14:28,623 [DEBUG] yandextank.plugins.Overload.client client.py:93	Job create request: {'person': 'ubuntu', 'host': '127.0.0.1', 'task': u'DEFAULT', 'tank': 'ubuntu-VirtualBox', 'notify': [u''], 'loadscheme': [], 'detailed_time': 'interval_real', 'port': 8080}
2016-12-29 20:14:28,623 [DEBUG] yandextank.plugins.Overload.client client.py:69	Making POST request to: https://overload.yandex.net/api/job/create.json?api_token=a694d38cccf44963b1e9bc297139907a
{
  "person": "ubuntu", 
  "host": "127.0.0.1", 
  "task": "DEFAULT", 
  "tank": "ubuntu-VirtualBox", 
  "notify": [
    ""
  ], 
  "loadscheme": [], 
  "detailed_time": "interval_real", 
  "port": 8080
}
2016-12-29 20:14:29,119 [DEBUG] yandextank.plugins.Overload.client client.py:74	Response: [{"upload_token": "49b2366b3fe243c4946e5fd0db6e93ad", "job": 5738}]
2016-12-29 20:14:29,119 [INFO] yandextank.plugins.Overload.plugin plugin.py:210	Web link: https://overload.yandex.net/5738
2016-12-29 20:14:29,119 [DEBUG] yandextank.common.interfaces interfaces.py:80	Publishing status: Plugin/jobno: 5738
2016-12-29 20:14:29,119 [DEBUG] yandextank.common.interfaces interfaces.py:80	Publishing status: Plugin/web_link: https://overload.yandex.net/5738
2016-12-29 20:14:29,120 [DEBUG] yandextank.plugins.Overload.client client.py:69	Making POST request to: https://overload.yandex.net/api/job/5738/edit.json?api_token=a694d38cccf44963b1e9bc297139907a
{
  "description": "", 
  "component": "", 
  "instances": "1000", 
  "regression": "0", 
  "name": "none", 
  "command_line": "/usr/local/bin/yandex-tank -c load.ini", 
  "tank_type": 1, 
  "version": "", 
  "ammo": "/home/ubuntu/Desktop/GetPoll/load/ ", 
  "starred": 0, 
  "loop": 1
}
2016-12-29 20:14:29,258 [DEBUG] yandextank.plugins.Overload.client client.py:74	Response: [{"success": true}]
2016-12-29 20:14:29,258 [DEBUG] yandextank.core.tankcore tankcore.py:449	Searching for plugin: <class 'yandextank.plugins.Monitoring.plugin.Plugin'>
2016-12-29 20:14:29,258 [DEBUG] yandextank.plugins.Overload.plugin plugin.py:311	Can't get monitoring config
Traceback (most recent call last):
  File "/usr/local/lib/python2.7/dist-packages/yandextank/plugins/Overload/plugin.py", line 304, in __save_conf
    mon = self.core.get_plugin_of_type(MonitoringPlugin)
  File "/usr/local/lib/python2.7/dist-packages/yandextank/core/tankcore.py", line 461, in get_plugin_of_type
    plugin_class)
KeyError: "Requested plugin type not found: <class 'yandextank.plugins.Monitoring.plugin.Plugin'>"
2016-12-29 20:14:29,259 [DEBUG] yandextank.plugins.Overload.client client.py:307	Sending config snapshot
2016-12-29 20:14:29,259 [DEBUG] yandextank.plugins.Overload.client client.py:58	Making POST request to: https://overload.yandex.net/api/job/5738/configinfo.txt?api_token=a694d38cccf44963b1e9bc297139907a
2016-12-29 20:14:29,479 [DEBUG] yandextank.plugins.Overload.client client.py:63	Response: [{"success": 1}]
2016-12-29 20:14:29,479 [INFO] yandextank.core.tankcore tankcore.py:307	Waiting for test to finish...
2016-12-29 20:14:29,479 [DEBUG] yandextank.core.tankcore tankcore.py:315	Polling <yandextank.plugins.ResourceCheck.plugin.Plugin object at 0xb50aa5ec>
2016-12-29 20:14:29,480 [DEBUG] yandextank.common.interfaces plugin.py:42	Checking tank resources...
2016-12-29 20:14:29,480 [DEBUG] yandextank.common.util util.py:454	Starting: sh -c "df --no-sync -m -P -l -x fuse -x tmpfs -x devtmpfs -x davfs -x nfs logs | tail -n 1 | awk '{print \$4}' "
2016-12-29 20:14:29,489 [DEBUG] yandextank.common.util util.py:476	Process output:
4975

2016-12-29 20:14:29,489 [DEBUG] yandextank.common.util util.py:478	Process exit code: 0
2016-12-29 20:14:29,489 [DEBUG] root plugin.py:56	Result: (0, '4975\n', '')
2016-12-29 20:14:29,489 [DEBUG] yandextank.common.interfaces plugin.py:62	Disk free space: 4975/2048
2016-12-29 20:14:29,489 [DEBUG] yandextank.common.interfaces plugin.py:72	Memory free: 323/100
2016-12-29 20:14:29,489 [DEBUG] yandextank.core.tankcore tankcore.py:315	Polling <yandextank.plugins.ShellExec.plugin.Plugin object at 0xb50aa9ec>
2016-12-29 20:14:29,490 [DEBUG] yandextank.core.tankcore tankcore.py:315	Polling <yandextank.plugins.Phantom.plugin.Plugin object at 0xb50aaa4c>
2016-12-29 20:14:29,490 [INFO] yandextank.plugins.Phantom.plugin plugin.py:184	Phantom done its work with exit code: 0
2016-12-29 20:14:29,490 [INFO] yandextank.core.tankcore tankcore.py:332	Finishing test...
2016-12-29 20:14:29,490 [DEBUG] yandextank.core.tankcore tankcore.py:336	Finalize <yandextank.plugins.ResourceCheck.plugin.Plugin object at 0xb50aa5ec>
2016-12-29 20:14:29,490 [DEBUG] yandextank.core.tankcore tankcore.py:338	RC before: 0
2016-12-29 20:14:29,490 [DEBUG] yandextank.core.tankcore tankcore.py:340	RC after: 0
2016-12-29 20:14:29,490 [DEBUG] yandextank.core.tankcore tankcore.py:336	Finalize <yandextank.plugins.ShellExec.plugin.Plugin object at 0xb50aa9ec>
2016-12-29 20:14:29,490 [DEBUG] yandextank.core.tankcore tankcore.py:338	RC before: 0
2016-12-29 20:14:29,490 [DEBUG] yandextank.core.tankcore tankcore.py:340	RC after: 0
2016-12-29 20:14:29,490 [DEBUG] yandextank.core.tankcore tankcore.py:336	Finalize <yandextank.plugins.Phantom.plugin.Plugin object at 0xb50aaa4c>
2016-12-29 20:14:29,490 [DEBUG] yandextank.core.tankcore tankcore.py:338	RC before: 0
2016-12-29 20:14:29,491 [DEBUG] yandextank.plugins.Phantom.plugin plugin.py:208	Seems phantom finished OK
2016-12-29 20:14:29,491 [DEBUG] yandextank.core.tankcore tankcore.py:340	RC after: 0
2016-12-29 20:14:29,491 [DEBUG] yandextank.core.tankcore tankcore.py:336	Finalize <yandextank.plugins.Aggregator.plugin.Plugin object at 0xb50aaa6c>
2016-12-29 20:14:29,491 [DEBUG] yandextank.core.tankcore tankcore.py:338	RC before: 0
2016-12-29 20:14:29,616 [DEBUG] yandextank.plugins.Phantom.reader reader.py:53	Chunk decode time: 5.75ms
2016-12-29 20:14:30,630 [DEBUG] yandextank.plugins.Aggregator.aggregator aggregator.py:154	Aggregation time: 6.06ms
2016-12-29 20:14:32,635 [DEBUG] yandextank.plugins.Aggregator.plugin plugin.py:98	Data timestamps:
[1483031668]
2016-12-29 20:14:32,635 [DEBUG] yandextank.plugins.Aggregator.plugin plugin.py:99	Stats timestamps:
[]
2016-12-29 20:14:32,636 [DEBUG] yandextank.core.tankcore tankcore.py:340	RC after: 0
2016-12-29 20:14:32,636 [DEBUG] yandextank.core.tankcore tankcore.py:336	Finalize <yandextank.plugins.Autostop.plugin.Plugin object at 0xb50aad2c>
2016-12-29 20:14:32,636 [DEBUG] yandextank.core.tankcore tankcore.py:338	RC before: 0
2016-12-29 20:14:32,636 [DEBUG] yandextank.core.tankcore tankcore.py:340	RC after: 0
2016-12-29 20:14:32,636 [DEBUG] yandextank.core.tankcore tankcore.py:336	Finalize <yandextank.plugins.Telegraf.plugin.Plugin object at 0xb50aad6c>
2016-12-29 20:14:32,636 [DEBUG] yandextank.core.tankcore tankcore.py:338	RC before: 0
2016-12-29 20:14:32,636 [INFO] yandextank.plugins.Telegraf.plugin plugin.py:217	Finishing monitoring
2016-12-29 20:14:32,636 [DEBUG] yandextank.plugins.Telegraf.collector collector.py:120	Uninstalling monitoring agents
2016-12-29 20:14:32,636 [INFO] yandextank.plugins.Telegraf.client client.py:134	Waiting monitoring data...
2016-12-29 20:14:32,636 [INFO] yandextank.plugins.Telegraf.client client.py:141	Saving monitoring artefacts from localhost
2016-12-29 20:14:32,637 [INFO] yandextank.plugins.Telegraf.client client.py:144	Deleting temp directory: /tmp/tmpToB7V4
2016-12-29 20:14:32,637 [INFO] yandextank.plugins.Telegraf.client client.py:149	Removing agent from: localhost
2016-12-29 20:14:32,637 [DEBUG] yandextank.plugins.Telegraf.collector collector.py:128	Waiting for agent <yandextank.plugins.Telegraf.client.LocalhostClient object at 0xb505692c> reader thread to finish.
2016-12-29 20:14:32,645 [DEBUG] yandextank.core.tankcore tankcore.py:491	Adding artifact file to collect (keep=False): /tmp/agent_collector_Hxf_aQ.cfg
2016-12-29 20:14:32,645 [DEBUG] yandextank.core.tankcore tankcore.py:491	Adding artifact file to collect (keep=False): /tmp/agent_wPONKG.cfg
2016-12-29 20:14:32,645 [DEBUG] yandextank.core.tankcore tankcore.py:491	Adding artifact file to collect (keep=False): /tmp/agent_customs_bP5LhW.sh
2016-12-29 20:14:32,645 [DEBUG] yandextank.core.tankcore tankcore.py:491	Adding artifact file to collect (keep=False): agent_localhost.log
2016-12-29 20:14:32,645 [DEBUG] yandextank.core.tankcore tankcore.py:491	Adding artifact file to collect (keep=False): agent_localhost.rawdata
2016-12-29 20:14:32,645 [INFO] yandextank.plugins.Telegraf.plugin plugin.py:224	Sending monitoring data rests...
2016-12-29 20:14:32,646 [DEBUG] yandextank.plugins.Overload.client client.py:58	Making POST request to: https://overload.yandex.net/api/monitoring/receiver/push?job_id=5738&upload_token=49b2366b3fe243c4946e5fd0db6e93ad
2016-12-29 20:14:32,877 [DEBUG] yandextank.plugins.Overload.client client.py:63	Response: ok
2016-12-29 20:14:32,878 [DEBUG] yandextank.plugins.Telegraf.plugin plugin.py:248	Closing monitoring file
2016-12-29 20:14:32,878 [DEBUG] yandextank.core.tankcore tankcore.py:340	RC after: 0
2016-12-29 20:14:32,878 [DEBUG] yandextank.core.tankcore tankcore.py:336	Finalize <yandextank.plugins.Console.plugin.Plugin object at 0xb50aae8c>
2016-12-29 20:14:32,878 [DEBUG] yandextank.core.tankcore tankcore.py:338	RC before: 0
2016-12-29 20:14:32,878 [DEBUG] yandextank.core.tankcore tankcore.py:340	RC after: 0
2016-12-29 20:14:32,878 [DEBUG] yandextank.core.tankcore tankcore.py:336	Finalize <yandextank.plugins.TipsAndTricks.plugin.Plugin object at 0xb50af16c>
2016-12-29 20:14:32,878 [DEBUG] yandextank.core.tankcore tankcore.py:338	RC before: 0
2016-12-29 20:14:32,878 [DEBUG] yandextank.core.tankcore tankcore.py:340	RC after: 0
2016-12-29 20:14:32,878 [DEBUG] yandextank.core.tankcore tankcore.py:336	Finalize <yandextank.plugins.RCAssert.plugin.Plugin object at 0xb50af34c>
2016-12-29 20:14:32,878 [DEBUG] yandextank.core.tankcore tankcore.py:338	RC before: 0
2016-12-29 20:14:32,878 [DEBUG] yandextank.core.tankcore tankcore.py:340	RC after: 0
2016-12-29 20:14:32,878 [DEBUG] yandextank.core.tankcore tankcore.py:336	Finalize <yandextank.plugins.JsonReport.plugin.Plugin object at 0xb50af6ac>
2016-12-29 20:14:32,878 [DEBUG] yandextank.core.tankcore tankcore.py:338	RC before: 0
2016-12-29 20:14:32,879 [DEBUG] yandextank.core.tankcore tankcore.py:340	RC after: 0
2016-12-29 20:14:32,879 [DEBUG] yandextank.core.tankcore tankcore.py:336	Finalize <yandextank.plugins.Overload.plugin.Plugin object at 0xb50bd02c>
2016-12-29 20:14:32,879 [DEBUG] yandextank.core.tankcore tankcore.py:338	RC before: 0
2016-12-29 20:14:32,879 [DEBUG] yandextank.core.tankcore tankcore.py:449	Searching for plugin: <class 'yandextank.plugins.Monitoring.plugin.Plugin'>
2016-12-29 20:14:32,879 [DEBUG] yandextank.plugins.Overload.plugin plugin.py:311	Can't get monitoring config
Traceback (most recent call last):
  File "/usr/local/lib/python2.7/dist-packages/yandextank/plugins/Overload/plugin.py", line 304, in __save_conf
    mon = self.core.get_plugin_of_type(MonitoringPlugin)
  File "/usr/local/lib/python2.7/dist-packages/yandextank/core/tankcore.py", line 461, in get_plugin_of_type
    plugin_class)
KeyError: "Requested plugin type not found: <class 'yandextank.plugins.Monitoring.plugin.Plugin'>"
2016-12-29 20:14:32,879 [DEBUG] yandextank.plugins.Overload.client client.py:307	Sending config snapshot
2016-12-29 20:14:32,879 [DEBUG] yandextank.plugins.Overload.client client.py:58	Making POST request to: https://overload.yandex.net/api/job/5738/configinfo.txt?api_token=a694d38cccf44963b1e9bc297139907a
2016-12-29 20:14:33,091 [DEBUG] yandextank.plugins.Overload.client client.py:63	Response: [{"success": 1}]
2016-12-29 20:14:33,091 [DEBUG] yandextank.core.tankcore tankcore.py:340	RC after: 0
2016-12-29 20:14:33,091 [INFO] yandextank.core.tankcore tankcore.py:356	Post-processing test...
2016-12-29 20:14:33,091 [DEBUG] yandextank.core.tankcore tankcore.py:360	Post-process <yandextank.plugins.ResourceCheck.plugin.Plugin object at 0xb50aa5ec>
2016-12-29 20:14:33,091 [DEBUG] yandextank.core.tankcore tankcore.py:362	RC before: 0
2016-12-29 20:14:33,091 [DEBUG] yandextank.core.tankcore tankcore.py:364	RC after: 0
2016-12-29 20:14:33,091 [DEBUG] yandextank.core.tankcore tankcore.py:360	Post-process <yandextank.plugins.ShellExec.plugin.Plugin object at 0xb50aa9ec>
2016-12-29 20:14:33,091 [DEBUG] yandextank.core.tankcore tankcore.py:362	RC before: 0
2016-12-29 20:14:33,091 [DEBUG] yandextank.core.tankcore tankcore.py:364	RC after: 0
2016-12-29 20:14:33,091 [DEBUG] yandextank.core.tankcore tankcore.py:360	Post-process <yandextank.plugins.Phantom.plugin.Plugin object at 0xb50aaa4c>
2016-12-29 20:14:33,091 [DEBUG] yandextank.core.tankcore tankcore.py:362	RC before: 0
2016-12-29 20:14:33,092 [WARNING] yandextank.plugins.Phantom.plugin plugin.py:219	Planned ammo count 2 differs from processed 0
2016-12-29 20:14:33,092 [DEBUG] yandextank.core.tankcore tankcore.py:364	RC after: 0
2016-12-29 20:14:33,092 [DEBUG] yandextank.core.tankcore tankcore.py:360	Post-process <yandextank.plugins.Aggregator.plugin.Plugin object at 0xb50aaa6c>
2016-12-29 20:14:33,092 [DEBUG] yandextank.core.tankcore tankcore.py:362	RC before: 0
2016-12-29 20:14:33,092 [DEBUG] yandextank.core.tankcore tankcore.py:364	RC after: 0
2016-12-29 20:14:33,092 [DEBUG] yandextank.core.tankcore tankcore.py:360	Post-process <yandextank.plugins.Autostop.plugin.Plugin object at 0xb50aad2c>
2016-12-29 20:14:33,092 [DEBUG] yandextank.core.tankcore tankcore.py:362	RC before: 0
2016-12-29 20:14:33,092 [DEBUG] yandextank.core.tankcore tankcore.py:364	RC after: 0
2016-12-29 20:14:33,092 [DEBUG] yandextank.core.tankcore tankcore.py:360	Post-process <yandextank.plugins.Telegraf.plugin.Plugin object at 0xb50aad6c>
2016-12-29 20:14:33,092 [DEBUG] yandextank.core.tankcore tankcore.py:362	RC before: 0
2016-12-29 20:14:33,092 [DEBUG] yandextank.core.tankcore tankcore.py:364	RC after: 0
2016-12-29 20:14:33,092 [DEBUG] yandextank.core.tankcore tankcore.py:360	Post-process <yandextank.plugins.Console.plugin.Plugin object at 0xb50aae8c>
2016-12-29 20:14:33,092 [DEBUG] yandextank.core.tankcore tankcore.py:362	RC before: 0
2016-12-29 20:14:33,092 [DEBUG] yandextank.core.tankcore tankcore.py:364	RC after: 0
2016-12-29 20:14:33,092 [DEBUG] yandextank.core.tankcore tankcore.py:360	Post-process <yandextank.plugins.TipsAndTricks.plugin.Plugin object at 0xb50af16c>
2016-12-29 20:14:33,092 [DEBUG] yandextank.core.tankcore tankcore.py:362	RC before: 0
2016-12-29 20:14:33,092 [DEBUG] yandextank.core.tankcore tankcore.py:364	RC after: 0
2016-12-29 20:14:33,092 [DEBUG] yandextank.core.tankcore tankcore.py:360	Post-process <yandextank.plugins.RCAssert.plugin.Plugin object at 0xb50af34c>
2016-12-29 20:14:33,093 [DEBUG] yandextank.core.tankcore tankcore.py:362	RC before: 0
2016-12-29 20:14:33,093 [DEBUG] yandextank.core.tankcore tankcore.py:364	RC after: 0
2016-12-29 20:14:33,093 [DEBUG] yandextank.core.tankcore tankcore.py:360	Post-process <yandextank.plugins.JsonReport.plugin.Plugin object at 0xb50af6ac>
2016-12-29 20:14:33,093 [DEBUG] yandextank.core.tankcore tankcore.py:362	RC before: 0
2016-12-29 20:14:33,093 [DEBUG] yandextank.core.tankcore tankcore.py:364	RC after: 0
2016-12-29 20:14:33,093 [DEBUG] yandextank.core.tankcore tankcore.py:360	Post-process <yandextank.plugins.Overload.plugin.Plugin object at 0xb50bd02c>
2016-12-29 20:14:33,093 [DEBUG] yandextank.core.tankcore tankcore.py:362	RC before: 0
2016-12-29 20:14:33,093 [DEBUG] yandextank.plugins.Overload.client client.py:38	Making request to: https://overload.yandex.net/api/job/5738/close.json?api_token=a694d38cccf44963b1e9bc297139907a&exitcode=0
2016-12-29 20:14:33,207 [DEBUG] yandextank.plugins.Overload.client client.py:44	Raw response: [{"success": 1}]
2016-12-29 20:14:33,207 [DEBUG] yandextank.plugins.Overload.client client.py:50	Response: [{u'success': 1}]
2016-12-29 20:14:33,207 [INFO] yandextank.plugins.Overload.plugin plugin.py:242	Web link: https://overload.yandex.net/5738
2016-12-29 20:14:33,207 [DEBUG] yandextank.core.tankcore tankcore.py:449	Searching for plugin: <class 'yandextank.plugins.Autostop.plugin.Plugin'>
2016-12-29 20:14:33,207 [DEBUG] yandextank.plugins.Overload.plugin plugin.py:262	No autostop cause detected
2016-12-29 20:14:33,207 [DEBUG] yandextank.core.tankcore tankcore.py:449	Searching for plugin: <class 'yandextank.plugins.Monitoring.plugin.Plugin'>
2016-12-29 20:14:33,207 [DEBUG] yandextank.plugins.Overload.plugin plugin.py:311	Can't get monitoring config
Traceback (most recent call last):
  File "/usr/local/lib/python2.7/dist-packages/yandextank/plugins/Overload/plugin.py", line 304, in __save_conf
    mon = self.core.get_plugin_of_type(MonitoringPlugin)
  File "/usr/local/lib/python2.7/dist-packages/yandextank/core/tankcore.py", line 461, in get_plugin_of_type
    plugin_class)
KeyError: "Requested plugin type not found: <class 'yandextank.plugins.Monitoring.plugin.Plugin'>"
2016-12-29 20:14:33,208 [DEBUG] yandextank.plugins.Overload.client client.py:307	Sending config snapshot
2016-12-29 20:14:33,208 [DEBUG] yandextank.plugins.Overload.client client.py:58	Making POST request to: https://overload.yandex.net/api/job/5738/configinfo.txt?api_token=a694d38cccf44963b1e9bc297139907a
2016-12-29 20:14:33,445 [DEBUG] yandextank.plugins.Overload.client client.py:63	Response: [{"success": 1}]
2016-12-29 20:14:33,445 [DEBUG] yandextank.core.tankcore tankcore.py:364	RC after: 0
2016-12-29 20:14:33,445 [DEBUG] yandextank.core.tankcore tankcore.py:395	Collecting artifacts
2016-12-29 20:14:33,445 [INFO] yandextank.core.tankcore tankcore.py:396	Artifacts dir: /home/ubuntu/Desktop/GetPoll/load/logs/2016-12-29_20-14-20.cGc0Dd
2016-12-29 20:14:33,445 [DEBUG] yandextank.core.tankcore tankcore.py:468	Collecting file: /tmp/agent_customs_bP5LhW.sh to /home/ubuntu/Desktop/GetPoll/load/logs/2016-12-29_20-14-20.cGc0Dd/agent_customs_bP5LhW.sh
2016-12-29 20:14:33,445 [DEBUG] yandextank.core.tankcore tankcore.py:468	Collecting file: /home/ubuntu/Desktop/GetPoll/load/logs/monitoring_iiCVje.xml to /home/ubuntu/Desktop/GetPoll/load/logs/2016-12-29_20-14-20.cGc0Dd/monitoring_iiCVje.xml
2016-12-29 20:14:33,446 [DEBUG] yandextank.core.tankcore tankcore.py:468	Collecting file: agent_localhost.log to /home/ubuntu/Desktop/GetPoll/load/logs/2016-12-29_20-14-20.cGc0Dd/agent_localhost.log
2016-12-29 20:14:33,446 [DEBUG] yandextank.core.tankcore tankcore.py:468	Collecting file: /home/ubuntu/Desktop/GetPoll/load/logs/phantom_GFfWnW.conf to /home/ubuntu/Desktop/GetPoll/load/logs/2016-12-29_20-14-20.cGc0Dd/phantom_GFfWnW.conf
2016-12-29 20:14:33,446 [DEBUG] yandextank.core.tankcore tankcore.py:468	Collecting file: /home/ubuntu/Desktop/GetPoll/load/logs/monitoring_overall_y7WWU2.data to /home/ubuntu/Desktop/GetPoll/load/logs/2016-12-29_20-14-20.cGc0Dd/monitoring_overall_y7WWU2.data
2016-12-29 20:14:33,446 [DEBUG] yandextank.core.tankcore tankcore.py:468	Collecting file: /home/ubuntu/Desktop/GetPoll/load/logs/answ_MRGet4.log to /home/ubuntu/Desktop/GetPoll/load/logs/2016-12-29_20-14-20.cGc0Dd/answ_MRGet4.log
2016-12-29 20:14:33,446 [DEBUG] yandextank.core.tankcore tankcore.py:468	Collecting file: /tmp/agent_wPONKG.cfg to /home/ubuntu/Desktop/GetPoll/load/logs/2016-12-29_20-14-20.cGc0Dd/agent_wPONKG.cfg
2016-12-29 20:14:33,446 [DEBUG] yandextank.core.tankcore tankcore.py:468	Collecting file: /var/lock/lunapark_oVoUgW.lock to /home/ubuntu/Desktop/GetPoll/load/logs/2016-12-29_20-14-20.cGc0Dd/lunapark_oVoUgW.lock
2016-12-29 20:14:33,446 [DEBUG] yandextank.core.tankcore tankcore.py:468	Collecting file: /home/ubuntu/Desktop/GetPoll/load/logs/phantom_stat_qKR9X4.log to /home/ubuntu/Desktop/GetPoll/load/logs/2016-12-29_20-14-20.cGc0Dd/phantom_stat_qKR9X4.log
2016-12-29 20:14:33,447 [DEBUG] yandextank.core.tankcore tankcore.py:468	Collecting file: /home/ubuntu/Desktop/GetPoll/load/logs/phantom_vDFqPM.log to /home/ubuntu/Desktop/GetPoll/load/logs/2016-12-29_20-14-20.cGc0Dd/phantom_vDFqPM.log
2016-12-29 20:14:33,447 [DEBUG] yandextank.core.tankcore tankcore.py:468	Collecting file: /home/ubuntu/Desktop/GetPoll/load/logs/phout_cDmzRS.log to /home/ubuntu/Desktop/GetPoll/load/logs/2016-12-29_20-14-20.cGc0Dd/phout_cDmzRS.log
2016-12-29 20:14:33,447 [DEBUG] yandextank.core.tankcore tankcore.py:468	Collecting file: tank.log to /home/ubuntu/Desktop/GetPoll/load/logs/2016-12-29_20-14-20.cGc0Dd/tank.log
2016-12-29 20:14:33,447 [DEBUG] yandextank.core.tankcore tankcore.py:468	Collecting file: agent_localhost.rawdata to /home/ubuntu/Desktop/GetPoll/load/logs/2016-12-29_20-14-20.cGc0Dd/agent_localhost.rawdata
2016-12-29 20:14:33,447 [DEBUG] yandextank.core.tankcore tankcore.py:468	Collecting file: /tmp/agent_collector_Hxf_aQ.cfg to /home/ubuntu/Desktop/GetPoll/load/logs/2016-12-29_20-14-20.cGc0Dd/agent_collector_Hxf_aQ.cfg
2016-12-29 20:14:33,447 [DEBUG] yandextank.core.tankcore tankcore.py:468	Collecting file: /home/ubuntu/Desktop/GetPoll/load/logs/phantom_stdout_stderr_PKY3GM.log to /home/ubuntu/Desktop/GetPoll/load/logs/2016-12-29_20-14-20.cGc0Dd/phantom_stdout_stderr_PKY3GM.log
2016-12-29 20:14:33,447 [INFO] yandextank.core.tankcore tankcore.py:579	Close allocated resources...
2016-12-29 20:14:33,447 [DEBUG] yandextank.core.tankcore tankcore.py:582	Close <yandextank.plugins.ResourceCheck.plugin.Plugin object at 0xb50aa5ec>
2016-12-29 20:14:33,447 [DEBUG] yandextank.core.tankcore tankcore.py:582	Close <yandextank.plugins.ShellExec.plugin.Plugin object at 0xb50aa9ec>
2016-12-29 20:14:33,447 [DEBUG] yandextank.core.tankcore tankcore.py:582	Close <yandextank.plugins.Phantom.plugin.Plugin object at 0xb50aaa4c>
2016-12-29 20:14:33,447 [DEBUG] yandextank.core.tankcore tankcore.py:582	Close <yandextank.plugins.Aggregator.plugin.Plugin object at 0xb50aaa6c>
2016-12-29 20:14:33,448 [DEBUG] yandextank.core.tankcore tankcore.py:582	Close <yandextank.plugins.Autostop.plugin.Plugin object at 0xb50aad2c>
2016-12-29 20:14:33,448 [DEBUG] yandextank.core.tankcore tankcore.py:582	Close <yandextank.plugins.Telegraf.plugin.Plugin object at 0xb50aad6c>
2016-12-29 20:14:33,448 [DEBUG] yandextank.core.tankcore tankcore.py:582	Close <yandextank.plugins.Console.plugin.Plugin object at 0xb50aae8c>
2016-12-29 20:14:33,448 [DEBUG] yandextank.core.tankcore tankcore.py:582	Close <yandextank.plugins.TipsAndTricks.plugin.Plugin object at 0xb50af16c>
2016-12-29 20:14:33,448 [DEBUG] yandextank.core.tankcore tankcore.py:582	Close <yandextank.plugins.RCAssert.plugin.Plugin object at 0xb50af34c>
2016-12-29 20:14:33,448 [DEBUG] yandextank.core.tankcore tankcore.py:582	Close <yandextank.plugins.JsonReport.plugin.Plugin object at 0xb50af6ac>
2016-12-29 20:14:33,448 [DEBUG] yandextank.core.tankcore tankcore.py:582	Close <yandextank.plugins.Overload.plugin.Plugin object at 0xb50bd02c>
2016-12-29 20:14:33,448 [INFO] yandextank.core.consoleworker consoleworker.py:308	Done performing test with code 0
