2016-12-29 20:00:18,706 [WARNING] yandextank.core.consoleworker consoleworker.py:163	/etc/yandex-tank is not accessible to get configs list
2016-12-29 20:00:18,706 [INFO] yandextank.core.tankcore tankcore.py:122	Loading configs...
2016-12-29 20:00:18,706 [DEBUG] yandextank.core.tankcore tankcore.py:623	Reading configs: ['/usr/local/lib/python2.7/dist-packages/yandextank/core/config/00-base.ini', '/home/ubuntu/.yandex-tank', 'load.ini']
2016-12-29 20:00:18,707 [DEBUG] yandextank.core.tankcore tankcore.py:653	Section: [tank] prefix: '' options:
[('uuid', '7eff24ab-86e2-42d9-93a2-b35687877dd4'), ('pid', '12107'), ('lock_dir', '/var/lock'), ('plugin_rcheck', 'yandextank.plugins.ResourceCheck'), ('plugin_shellexec', 'yandextank.plugins.ShellExec'), ('plugin_phantom', 'yandextank.plugins.Phantom'), ('plugin_aggregate', 'yandextank.plugins.Aggregator'), ('plugin_autostop', 'yandextank.plugins.Autostop'), ('plugin_telegraf', 'yandextank.plugins.Telegraf'), ('plugin_console', 'yandextank.plugins.Console'), ('plugin_tips', 'yandextank.plugins.TipsAndTricks'), ('plugin_rcassert', 'yandextank.plugins.RCAssert'), ('plugin_jsonreport', 'yandextank.plugins.JsonReport'), ('artifacts_base_dir', 'logs'), ('plugin_overload', 'yandextank.plugins.Overload')]
2016-12-29 20:00:18,707 [DEBUG] yandextank.core.tankcore tankcore.py:491	Adding artifact file to collect (keep=False): /var/lock/lunapark_v7lMPq.lock
2016-12-29 20:00:18,707 [INFO] yandextank.core.tankcore tankcore.py:141	Loading plugins...
2016-12-29 20:00:18,708 [DEBUG] yandextank.core.tankcore tankcore.py:653	Section: [tank] prefix: 'plugin_' options:
[('rcheck', 'yandextank.plugins.ResourceCheck'), ('shellexec', 'yandextank.plugins.ShellExec'), ('phantom', 'yandextank.plugins.Phantom'), ('aggregate', 'yandextank.plugins.Aggregator'), ('autostop', 'yandextank.plugins.Autostop'), ('telegraf', 'yandextank.plugins.Telegraf'), ('console', 'yandextank.plugins.Console'), ('tips', 'yandextank.plugins.TipsAndTricks'), ('rcassert', 'yandextank.plugins.RCAssert'), ('jsonreport', 'yandextank.plugins.JsonReport'), ('overload', 'yandextank.plugins.Overload')]
2016-12-29 20:00:18,708 [DEBUG] yandextank.core.tankcore tankcore.py:162	Loading plugin rcheck from yandextank.plugins.ResourceCheck
2016-12-29 20:00:18,708 [DEBUG] yandextank.core.tankcore tankcore.py:162	Loading plugin shellexec from yandextank.plugins.ShellExec
2016-12-29 20:00:18,709 [DEBUG] yandextank.core.tankcore tankcore.py:162	Loading plugin phantom from yandextank.plugins.Phantom
2016-12-29 20:00:18,709 [DEBUG] yandextank.core.tankcore tankcore.py:162	Loading plugin aggregate from yandextank.plugins.Aggregator
2016-12-29 20:00:18,709 [DEBUG] yandextank.core.tankcore tankcore.py:162	Loading plugin autostop from yandextank.plugins.Autostop
2016-12-29 20:00:18,709 [DEBUG] yandextank.core.tankcore tankcore.py:162	Loading plugin telegraf from yandextank.plugins.Telegraf
2016-12-29 20:00:18,709 [DEBUG] yandextank.core.tankcore tankcore.py:162	Loading plugin console from yandextank.plugins.Console
2016-12-29 20:00:18,709 [DEBUG] yandextank.core.tankcore tankcore.py:162	Loading plugin tips from yandextank.plugins.TipsAndTricks
2016-12-29 20:00:18,710 [DEBUG] yandextank.core.tankcore tankcore.py:162	Loading plugin rcassert from yandextank.plugins.RCAssert
2016-12-29 20:00:18,710 [DEBUG] yandextank.core.tankcore tankcore.py:162	Loading plugin jsonreport from yandextank.plugins.JsonReport
2016-12-29 20:00:18,710 [DEBUG] yandextank.core.tankcore tankcore.py:162	Loading plugin overload from yandextank.plugins.Overload
2016-12-29 20:00:18,712 [DEBUG] yandextank.core.tankcore tankcore.py:210	Plugin instances: [<yandextank.plugins.ResourceCheck.plugin.Plugin object at 0xb500c5ec>, <yandextank.plugins.ShellExec.plugin.Plugin object at 0xb500c9ec>, <yandextank.plugins.Phantom.plugin.Plugin object at 0xb500ca4c>, <yandextank.plugins.Aggregator.plugin.Plugin object at 0xb500ca6c>, <yandextank.plugins.Autostop.plugin.Plugin object at 0xb500cd2c>, <yandextank.plugins.Telegraf.plugin.Plugin object at 0xb500cd6c>, <yandextank.plugins.Console.plugin.Plugin object at 0xb500ce8c>, <yandextank.plugins.TipsAndTricks.plugin.Plugin object at 0xb501116c>, <yandextank.plugins.RCAssert.plugin.Plugin object at 0xb501134c>, <yandextank.plugins.JsonReport.plugin.Plugin object at 0xb50116ac>, <yandextank.plugins.Overload.plugin.Plugin object at 0xb501f02c>]
2016-12-29 20:00:18,712 [INFO] yandextank.core.consoleworker consoleworker.py:257	Performing test
2016-12-29 20:00:18,712 [INFO] yandextank.core.tankcore tankcore.py:220	Configuring plugins...
2016-12-29 20:00:18,712 [DEBUG] yandextank.core.tankcore tankcore.py:449	Searching for plugin: <class 'yandextank.plugins.Telegraf.plugin.Plugin'>
2016-12-29 20:00:18,712 [DEBUG] yandextank.core.tankcore tankcore.py:449	Searching for plugin: <class 'yandextank.plugins.Aggregator.plugin.Plugin'>
2016-12-29 20:00:18,712 [DEBUG] yandextank.core.tankcore tankcore.py:449	Searching for plugin: <class 'yandextank.common.interfaces.GeneratorPlugin'>
2016-12-29 20:00:18,712 [DEBUG] yandextank.core.tankcore tankcore.py:409	No section 'meta', adding
2016-12-29 20:00:18,713 [DEBUG] yandextank.core.tankcore tankcore.py:276	Configuring <yandextank.plugins.ResourceCheck.plugin.Plugin object at 0xb500c5ec>
2016-12-29 20:00:18,714 [DEBUG] yandextank.core.tankcore tankcore.py:276	Configuring <yandextank.plugins.ShellExec.plugin.Plugin object at 0xb500c9ec>
2016-12-29 20:00:18,714 [DEBUG] yandextank.core.tankcore tankcore.py:409	No section 'shellexec', adding
2016-12-29 20:00:18,715 [DEBUG] yandextank.core.tankcore tankcore.py:276	Configuring <yandextank.plugins.Phantom.plugin.Plugin object at 0xb500ca4c>
2016-12-29 20:00:18,716 [DEBUG] yandextank.core.tankcore tankcore.py:449	Searching for plugin: <class 'yandextank.plugins.Autostop.plugin.Plugin'>
2016-12-29 20:00:18,717 [DEBUG] yandextank.core.tankcore tankcore.py:491	Adding artifact file to collect (keep=False): /home/ubuntu/Desktop/GetPoll/load/logs/answ_iDNEUB.log
2016-12-29 20:00:18,717 [DEBUG] yandextank.core.tankcore tankcore.py:491	Adding artifact file to collect (keep=False): /home/ubuntu/Desktop/GetPoll/load/logs/phout_OkOZHr.log
2016-12-29 20:00:18,717 [DEBUG] yandextank.core.tankcore tankcore.py:491	Adding artifact file to collect (keep=False): /home/ubuntu/Desktop/GetPoll/load/logs/phantom_stat_PRVHPl.log
2016-12-29 20:00:18,718 [DEBUG] yandextank.core.tankcore tankcore.py:491	Adding artifact file to collect (keep=False): /home/ubuntu/Desktop/GetPoll/load/logs/phantom_k4Amqq.log
2016-12-29 20:00:18,720 [DEBUG] yandextank.common.util util.py:528	Trying to resolve address string: 127.0.0.1
2016-12-29 20:00:18,720 [DEBUG] yandextank.common.util util.py:545	Parsing port
2016-12-29 20:00:18,720 [DEBUG] yandextank.common.util util.py:555	Lookup result: [(2, 1, 6, '', ('127.0.0.1', 0)), (2, 2, 17, '', ('127.0.0.1', 0)), (2, 3, 0, '', ('127.0.0.1', 0))]
2016-12-29 20:00:18,720 [WARNING] yandextank.common.util util.py:568	Using phantom.port option is deprecated. Use phantom.address=[address]:port instead
2016-12-29 20:00:18,721 [INFO] yandextank.plugins.Phantom.utils utils.py:268	Resolved 127.0.0.1 into 127.0.0.1:8080
2016-12-29 20:00:18,725 [INFO] yandextank.stepper.main main.py:138	Configuring StepperWrapper...
2016-12-29 20:00:18,726 [DEBUG] yandextank.stepper.main main.py:122	Option phantom.ammofile = 
2016-12-29 20:00:18,726 [DEBUG] yandextank.stepper.main main.py:122	Option phantom.ammo_type = 
2016-12-29 20:00:18,726 [DEBUG] yandextank.stepper.main main.py:122	Option phantom.loop = -1
2016-12-29 20:00:18,726 [DEBUG] yandextank.stepper.main main.py:122	Option phantom.ammo_limit = -1
2016-12-29 20:00:18,727 [DEBUG] yandextank.stepper.main main.py:122	Option phantom.rps_schedule = 
2016-12-29 20:00:18,727 [DEBUG] yandextank.stepper.main main.py:122	Option phantom.instances_schedule = 
2016-12-29 20:00:18,728 [DEBUG] yandextank.stepper.main main.py:122	Option phantom.instances = 1000
2016-12-29 20:00:18,728 [DEBUG] yandextank.stepper.main main.py:122	Option phantom.uris = /polls
/polls?creationDateTime=2016-12-29T16%3A27%3A41%2B0300
2016-12-29 20:00:18,728 [DEBUG] yandextank.stepper.main main.py:122	Option phantom.headers = 
2016-12-29 20:00:18,729 [DEBUG] yandextank.stepper.main main.py:122	Option phantom.header_http = 1.0
2016-12-29 20:00:18,730 [DEBUG] yandextank.stepper.main main.py:122	Option phantom.autocases = 0
2016-12-29 20:00:18,730 [DEBUG] yandextank.stepper.main main.py:122	Option phantom.enum_ammo = False
2016-12-29 20:00:18,731 [DEBUG] yandextank.stepper.main main.py:122	Option phantom.use_caching = 1
2016-12-29 20:00:18,731 [DEBUG] yandextank.stepper.main main.py:122	Option phantom.file_cache = 8192
2016-12-29 20:00:18,732 [DEBUG] yandextank.stepper.main main.py:122	Option phantom.force_stepping = 0
2016-12-29 20:00:18,732 [DEBUG] yandextank.stepper.main main.py:122	Option phantom.stpd_file = 
2016-12-29 20:00:18,732 [DEBUG] yandextank.stepper.main main.py:122	Option phantom.chosen_cases = 
2016-12-29 20:00:18,732 [DEBUG] yandextank.core.tankcore tankcore.py:276	Configuring <yandextank.plugins.Aggregator.plugin.Plugin object at 0xb500ca6c>
2016-12-29 20:00:18,733 [DEBUG] yandextank.core.tankcore tankcore.py:409	No section 'aggregator', adding
2016-12-29 20:00:18,733 [DEBUG] yandextank.core.tankcore tankcore.py:276	Configuring <yandextank.plugins.Autostop.plugin.Plugin object at 0xb500cd2c>
2016-12-29 20:00:18,734 [DEBUG] yandextank.core.tankcore tankcore.py:449	Searching for plugin: <class 'yandextank.plugins.Aggregator.plugin.Plugin'>
2016-12-29 20:00:18,734 [DEBUG] yandextank.core.tankcore tankcore.py:409	No section 'autostop', adding
2016-12-29 20:00:18,735 [DEBUG] yandextank.core.tankcore tankcore.py:276	Configuring <yandextank.plugins.Telegraf.plugin.Plugin object at 0xb500cd6c>
2016-12-29 20:00:18,736 [DEBUG] yandextank.core.tankcore tankcore.py:409	No section 'telegraf', adding
2016-12-29 20:00:18,736 [WARNING] yandextank.core.tankcore tankcore.py:423	Mandatory option config was not found in section telegraf
2016-12-29 20:00:18,736 [DEBUG] yandextank.core.tankcore tankcore.py:409	No section 'monitoring', adding
2016-12-29 20:00:18,736 [WARNING] yandextank.core.tankcore tankcore.py:423	Mandatory option config was not found in section monitoring
2016-12-29 20:00:18,736 [WARNING] yandextank.core.tankcore tankcore.py:423	Mandatory option default_target was not found in section telegraf
2016-12-29 20:00:18,736 [WARNING] yandextank.core.tankcore tankcore.py:423	Mandatory option default_target was not found in section monitoring
2016-12-29 20:00:18,740 [DEBUG] yandextank.core.tankcore tankcore.py:491	Adding artifact file to collect (keep=False): /home/ubuntu/Desktop/GetPoll/load/logs/monitoring_cAFIiz.xml
2016-12-29 20:00:18,741 [DEBUG] yandextank.core.tankcore tankcore.py:449	Searching for plugin: <class 'yandextank.plugins.Autostop.plugin.Plugin'>
2016-12-29 20:00:18,741 [DEBUG] yandextank.core.tankcore tankcore.py:276	Configuring <yandextank.plugins.Console.plugin.Plugin object at 0xb500ce8c>
2016-12-29 20:00:18,741 [DEBUG] yandextank.core.tankcore tankcore.py:409	No section 'console', adding
2016-12-29 20:00:18,743 [DEBUG] yandextank.core.tankcore tankcore.py:449	Searching for plugin: <class 'yandextank.plugins.Aggregator.plugin.Plugin'>
2016-12-29 20:00:18,743 [DEBUG] yandextank.core.tankcore tankcore.py:276	Configuring <yandextank.plugins.TipsAndTricks.plugin.Plugin object at 0xb501116c>
2016-12-29 20:00:18,743 [DEBUG] yandextank.core.tankcore tankcore.py:409	No section 'tips', adding
2016-12-29 20:00:18,744 [DEBUG] yandextank.core.tankcore tankcore.py:276	Configuring <yandextank.plugins.RCAssert.plugin.Plugin object at 0xb501134c>
2016-12-29 20:00:18,744 [DEBUG] yandextank.core.tankcore tankcore.py:409	No section 'rcassert', adding
2016-12-29 20:00:18,745 [DEBUG] yandextank.core.tankcore tankcore.py:276	Configuring <yandextank.plugins.JsonReport.plugin.Plugin object at 0xb50116ac>
2016-12-29 20:00:18,745 [DEBUG] yandextank.core.tankcore tankcore.py:409	No section 'json_report', adding
2016-12-29 20:00:18,747 [DEBUG] yandextank.core.tankcore tankcore.py:276	Configuring <yandextank.plugins.Overload.plugin.Plugin object at 0xb501f02c>
2016-12-29 20:00:18,748 [DEBUG] yandextank.plugins.Overload.plugin plugin.py:78	Trying to read token from token.txt
2016-12-29 20:00:18,748 [INFO] yandextank.plugins.Overload.plugin plugin.py:84	Read authentication token from token.txt, token length is 32 bytes
2016-12-29 20:00:18,758 [DEBUG] yandextank.core.tankcore tankcore.py:449	Searching for plugin: <class 'yandextank.plugins.Monitoring.plugin.Plugin'>
2016-12-29 20:00:18,758 [DEBUG] yandextank.plugins.Overload.plugin plugin.py:311	Can't get monitoring config
Traceback (most recent call last):
  File "/usr/local/lib/python2.7/dist-packages/yandextank/plugins/Overload/plugin.py", line 304, in __save_conf
    mon = self.core.get_plugin_of_type(MonitoringPlugin)
  File "/usr/local/lib/python2.7/dist-packages/yandextank/core/tankcore.py", line 461, in get_plugin_of_type
    plugin_class)
KeyError: "Requested plugin type not found: <class 'yandextank.plugins.Monitoring.plugin.Plugin'>"
2016-12-29 20:00:18,760 [INFO] yandextank.core.tankcore tankcore.py:284	Preparing test...
2016-12-29 20:00:18,760 [DEBUG] yandextank.core.tankcore tankcore.py:287	Preparing <yandextank.plugins.ResourceCheck.plugin.Plugin object at 0xb500c5ec>
2016-12-29 20:00:18,760 [INFO] yandextank.common.interfaces plugin.py:37	Checking tank resources...
2016-12-29 20:00:18,760 [DEBUG] yandextank.common.util util.py:454	Starting: sh -c "df --no-sync -m -P -l -x fuse -x tmpfs -x devtmpfs -x davfs -x nfs logs | tail -n 1 | awk '{print \$4}' "
2016-12-29 20:00:18,780 [DEBUG] yandextank.common.util util.py:476	Process output:
5050

2016-12-29 20:00:18,780 [DEBUG] yandextank.common.util util.py:478	Process exit code: 0
2016-12-29 20:00:18,780 [DEBUG] root plugin.py:56	Result: (0, '5050\n', '')
2016-12-29 20:00:18,780 [DEBUG] yandextank.common.interfaces plugin.py:62	Disk free space: 5050/2048
2016-12-29 20:00:18,780 [DEBUG] yandextank.common.interfaces plugin.py:72	Memory free: 308/100
2016-12-29 20:00:18,780 [DEBUG] yandextank.core.tankcore tankcore.py:287	Preparing <yandextank.plugins.ShellExec.plugin.Plugin object at 0xb500c9ec>
2016-12-29 20:00:18,781 [DEBUG] yandextank.core.tankcore tankcore.py:287	Preparing <yandextank.plugins.Phantom.plugin.Plugin object at 0xb500ca4c>
2016-12-29 20:00:18,781 [DEBUG] yandextank.stepper.main main.py:255	stpd-hash source: cache version 6||-1|-1||0|/polls;/polls?creationDateTime=2016-12-29T16%3A27%3A41%2B0300||1.0||False|phantom|/polls;/polls?creationDateTime=2016-12-29T16%3A27%3A41%2B0300|
2016-12-29 20:00:18,781 [DEBUG] yandextank.stepper.main main.py:264	Generated cache file name: logs/_3382433a8735e22591ef65b431091843.stpd
2016-12-29 20:00:18,781 [INFO] yandextank.stepper.main main.py:286	Making stpd-file: logs/_3382433a8735e22591ef65b431091843.stpd
2016-12-29 20:00:18,787 [DEBUG] yandextank.stepper.info info.py:43	Published 1000 to instances
2016-12-29 20:00:18,787 [DEBUG] yandextank.stepper.info info.py:43	Published [] to loadscheme
2016-12-29 20:00:18,788 [DEBUG] yandextank.stepper.info info.py:43	Published 0 to duration
2016-12-29 20:00:18,788 [DEBUG] yandextank.stepper.info info.py:43	Published [] to steps
2016-12-29 20:00:18,788 [DEBUG] yandextank.stepper.info info.py:43	Published 0 to instances
2016-12-29 20:00:18,788 [INFO] yandextank.stepper.config config.py:119	Using UriStyleGenerator ammo reader
2016-12-29 20:00:18,788 [INFO] yandextank.stepper.info info.py:80	Loop limit reached: 1
2016-12-29 20:00:18,788 [DEBUG] yandextank.stepper.main main.py:280	Saving stepper info: logs/_3382433a8735e22591ef65b431091843.stpd_si.json
2016-12-29 20:00:18,789 [DEBUG] yandextank.core.tankcore tankcore.py:491	Adding artifact file to collect (keep=False): /home/ubuntu/Desktop/GetPoll/load/logs/phantom_lXgDXB.conf
2016-12-29 20:00:18,789 [DEBUG] yandextank.plugins.Phantom.utils utils.py:119	Generating phantom config: /home/ubuntu/Desktop/GetPoll/load/logs/phantom_lXgDXB.conf
2016-12-29 20:00:18,789 [DEBUG] yandextank.common.util util.py:454	Starting: [u'phantom', 'check', '/home/ubuntu/Desktop/GetPoll/load/logs/phantom_lXgDXB.conf']
2016-12-29 20:00:18,800 [DEBUG] yandextank.common.util util.py:476	Process output:
setup_t module_setup = setup_module_t {
  dir = "/usr/lib/phantom"
  list = {
    io_monitor
    io_benchmark
    io_benchmark_method_stream
    io_benchmark_method_stream_ipv4
    io_benchmark_method_stream_ipv6
    io_benchmark_method_stream_source_log
    io_benchmark_method_stream_proto_none
    io_benchmark_method_stream_proto_http
  }
}
setup_t stat_setup = setup_stat_t {
  list = {
    default
  }
}
scheduler_t main_scheduler = scheduler_simple_t {
  threads = 2
  limit = unlimited
  event_buf_size = 20
  timeout_prec = 001
  tname = ""
  policy = other
  priority = 0
}
logger_t phantom_logger = logger_file_t {
  level = info
  filename = "/home/ubuntu/Desktop/GetPoll/load/logs/phantom_k4Amqq.log"
  check_interval = 1s
  scheduler = main_scheduler
}
logger = phantom_logger
io_t benchmark_io = io_benchmark_t {
  instances = 1000
  method_t stream_method = method_stream_ipv4_t {
    address = 127.0.0.1
    port = 8080
    bind = {
    }
    cork = true
    timeout = 11s
    ibuf_size = 4K
    obuf_size = 1K
    source_t source_log = source_log_t {
      filename = "logs/_3382433a8735e22591ef65b431091843.stpd"
      ibuf_size = 1M
    }
    source = source_log
    transport = NULL
    proto_t http_proto0 = proto_http_t {
      reply_limits = {
        line = 1K
        field_num = 128
        field = 8K
        entity = 8M
      }
    }
    proto_t none_proto = proto_none_t {
    }
    proto = http_proto0
    logger_t benchmark_logger = logger_default_t {
      filename = "/home/ubuntu/Desktop/GetPoll/load/logs/answ_iDNEUB.log"
      check_interval = 1s
      scheduler = main_scheduler
      level = all
    }
    logger_t brief_logger = logger_brief_t {
      time_format = unix
      filename = "/home/ubuntu/Desktop/GetPoll/load/logs/phout_OkOZHr.log"
      check_interval = 1s
      scheduler = main_scheduler
      level = all
    }
    loggers = {
      brief_logger
    }
  }
  method = stream_method
  times_t simple_times = times_simple_t {
    max = 11s
    min = 001
    steps = 20
  }
  times = simple_times
  scheduler = main_scheduler
}
io_t monitor_io = io_monitor_t {
  clear = true
  period = 1s
  list = {
    main_scheduler
    benchmark_io
  }
  stat_id = default
  filename = "/home/ubuntu/Desktop/GetPoll/load/logs/phantom_stat_PRVHPl.log"
  check_interval = 1s
  scheduler = main_scheduler
}

2016-12-29 20:00:18,800 [DEBUG] yandextank.common.util util.py:478	Process exit code: 0
2016-12-29 20:00:18,801 [DEBUG] yandextank.plugins.Phantom.plugin plugin.py:118	Linking sample reader to aggregator. Reading samples from /home/ubuntu/Desktop/GetPoll/load/logs/phout_OkOZHr.log
2016-12-29 20:00:18,801 [DEBUG] yandextank.plugins.Phantom.plugin plugin.py:121	Linking stats reader to aggregator. Reading stats from /home/ubuntu/Desktop/GetPoll/load/logs/phantom_stat_PRVHPl.log
2016-12-29 20:00:18,801 [DEBUG] yandextank.plugins.Phantom.utils utils.py:150	Steps: []
2016-12-29 20:00:18,801 [DEBUG] yandextank.core.tankcore tankcore.py:449	Searching for plugin: <class 'yandextank.plugins.Console.plugin.Plugin'>
2016-12-29 20:00:18,801 [DEBUG] yandextank.plugins.Phantom.utils utils.py:150	Steps: []
2016-12-29 20:00:18,801 [DEBUG] yandextank.plugins.Phantom.utils utils.py:150	Steps: []
2016-12-29 20:00:18,802 [DEBUG] yandextank.core.tankcore tankcore.py:449	Searching for plugin: <class 'yandextank.plugins.Aggregator.plugin.Plugin'>
2016-12-29 20:00:18,802 [DEBUG] yandextank.core.tankcore tankcore.py:287	Preparing <yandextank.plugins.Aggregator.plugin.Plugin object at 0xb500ca6c>
2016-12-29 20:00:18,802 [DEBUG] yandextank.core.tankcore tankcore.py:287	Preparing <yandextank.plugins.Autostop.plugin.Plugin object at 0xb500cd2c>
2016-12-29 20:00:18,802 [DEBUG] yandextank.common.interfaces plugin.py:82	Criterion objects: {}
2016-12-29 20:00:18,802 [DEBUG] yandextank.core.tankcore tankcore.py:449	Searching for plugin: <class 'yandextank.plugins.Console.plugin.Plugin'>
2016-12-29 20:00:18,802 [DEBUG] yandextank.core.tankcore tankcore.py:287	Preparing <yandextank.plugins.Telegraf.plugin.Plugin object at 0xb500cd6c>
2016-12-29 20:00:18,802 [DEBUG] yandextank.plugins.Telegraf.plugin plugin.py:173	Changed monitoring target to 127.0.0.1
2016-12-29 20:00:18,803 [DEBUG] yandextank.core.tankcore tankcore.py:491	Adding artifact file to collect (keep=False): /home/ubuntu/Desktop/GetPoll/load/logs/monitoring_overall_bxDBnA.data
2016-12-29 20:00:18,803 [DEBUG] yandextank.core.tankcore tankcore.py:449	Searching for plugin: <class 'yandextank.plugins.Console.plugin.Plugin'>
2016-12-29 20:00:18,804 [DEBUG] yandextank.plugins.Telegraf.config config.py:103	Using target hint: 127.0.0.1
2016-12-29 20:00:18,805 [INFO] root config.py:140	Empty host config, using defaults
2016-12-29 20:00:18,805 [DEBUG] yandextank.plugins.Telegraf.collector collector.py:66	Installing monitoring agent. Host: localhost
2016-12-29 20:00:18,806 [INFO] yandextank.plugins.Telegraf.client client.py:55	Created temp dir /tmp/tmpWaHaQm
2016-12-29 20:00:18,809 [ERROR] yandextank.plugins.Telegraf.client client.py:73	Telegraf binary not found at specified path: /usr/bin/telegraf
You can download telegraf binaries here: https://github.com/influxdata/telegraf
or install debian package: `telegraf`
2016-12-29 20:00:19,009 [DEBUG] yandextank.plugins.Telegraf.collector collector.py:107	Polling/decoding agents data took: 0.00ms
2016-12-29 20:00:19,009 [DEBUG] yandextank.plugins.Overload.plugin plugin.py:284	No jobNo gained yet
2016-12-29 20:00:19,210 [DEBUG] yandextank.plugins.Telegraf.collector collector.py:107	Polling/decoding agents data took: 0.00ms
2016-12-29 20:00:19,210 [DEBUG] yandextank.plugins.Overload.plugin plugin.py:284	No jobNo gained yet
2016-12-29 20:00:19,411 [DEBUG] yandextank.plugins.Telegraf.collector collector.py:107	Polling/decoding agents data took: 0.01ms
2016-12-29 20:00:19,411 [DEBUG] yandextank.plugins.Overload.plugin plugin.py:284	No jobNo gained yet
2016-12-29 20:00:19,612 [DEBUG] yandextank.plugins.Telegraf.collector collector.py:107	Polling/decoding agents data took: 0.01ms
2016-12-29 20:00:19,612 [DEBUG] yandextank.plugins.Overload.plugin plugin.py:284	No jobNo gained yet
2016-12-29 20:00:19,812 [DEBUG] yandextank.plugins.Telegraf.collector collector.py:107	Polling/decoding agents data took: 0.00ms
2016-12-29 20:00:19,812 [DEBUG] yandextank.plugins.Overload.plugin plugin.py:284	No jobNo gained yet
2016-12-29 20:00:20,013 [DEBUG] yandextank.plugins.Telegraf.collector collector.py:107	Polling/decoding agents data took: 0.01ms
2016-12-29 20:00:20,013 [DEBUG] yandextank.plugins.Overload.plugin plugin.py:284	No jobNo gained yet
2016-12-29 20:00:20,214 [DEBUG] yandextank.plugins.Telegraf.collector collector.py:107	Polling/decoding agents data took: 0.01ms
2016-12-29 20:00:20,214 [DEBUG] yandextank.plugins.Overload.plugin plugin.py:284	No jobNo gained yet
2016-12-29 20:00:20,415 [DEBUG] yandextank.plugins.Telegraf.collector collector.py:107	Polling/decoding agents data took: 0.00ms
2016-12-29 20:00:20,415 [DEBUG] yandextank.plugins.Overload.plugin plugin.py:284	No jobNo gained yet
2016-12-29 20:00:20,616 [DEBUG] yandextank.plugins.Telegraf.collector collector.py:107	Polling/decoding agents data took: 0.00ms
2016-12-29 20:00:20,616 [DEBUG] yandextank.plugins.Overload.plugin plugin.py:284	No jobNo gained yet
2016-12-29 20:00:20,817 [DEBUG] yandextank.plugins.Telegraf.collector collector.py:107	Polling/decoding agents data took: 0.00ms
2016-12-29 20:00:20,817 [DEBUG] yandextank.plugins.Overload.plugin plugin.py:284	No jobNo gained yet
2016-12-29 20:00:21,018 [DEBUG] yandextank.plugins.Telegraf.collector collector.py:107	Polling/decoding agents data took: 0.00ms
2016-12-29 20:00:21,018 [DEBUG] yandextank.plugins.Overload.plugin plugin.py:284	No jobNo gained yet
2016-12-29 20:00:21,219 [DEBUG] yandextank.plugins.Telegraf.collector collector.py:107	Polling/decoding agents data took: 0.00ms
2016-12-29 20:00:21,219 [DEBUG] yandextank.plugins.Overload.plugin plugin.py:284	No jobNo gained yet
2016-12-29 20:00:21,419 [DEBUG] yandextank.plugins.Telegraf.collector collector.py:107	Polling/decoding agents data took: 0.00ms
2016-12-29 20:00:21,419 [DEBUG] yandextank.plugins.Overload.plugin plugin.py:284	No jobNo gained yet
2016-12-29 20:00:21,620 [DEBUG] yandextank.plugins.Telegraf.collector collector.py:107	Polling/decoding agents data took: 0.00ms
2016-12-29 20:00:21,621 [DEBUG] yandextank.plugins.Overload.plugin plugin.py:284	No jobNo gained yet
2016-12-29 20:00:21,821 [DEBUG] yandextank.plugins.Telegraf.collector collector.py:107	Polling/decoding agents data took: 0.00ms
2016-12-29 20:00:21,821 [DEBUG] yandextank.plugins.Overload.plugin plugin.py:284	No jobNo gained yet
2016-12-29 20:00:22,022 [DEBUG] yandextank.plugins.Telegraf.collector collector.py:107	Polling/decoding agents data took: 0.00ms
2016-12-29 20:00:22,022 [DEBUG] yandextank.plugins.Overload.plugin plugin.py:284	No jobNo gained yet
2016-12-29 20:00:22,223 [DEBUG] yandextank.plugins.Telegraf.collector collector.py:107	Polling/decoding agents data took: 0.00ms
2016-12-29 20:00:22,223 [DEBUG] yandextank.plugins.Overload.plugin plugin.py:284	No jobNo gained yet
2016-12-29 20:00:22,424 [DEBUG] yandextank.plugins.Telegraf.collector collector.py:107	Polling/decoding agents data took: 0.00ms
2016-12-29 20:00:22,424 [DEBUG] yandextank.plugins.Overload.plugin plugin.py:284	No jobNo gained yet
2016-12-29 20:00:22,625 [DEBUG] yandextank.plugins.Telegraf.collector collector.py:107	Polling/decoding agents data took: 0.00ms
2016-12-29 20:00:22,625 [DEBUG] yandextank.plugins.Overload.plugin plugin.py:284	No jobNo gained yet
2016-12-29 20:00:22,825 [DEBUG] yandextank.plugins.Telegraf.collector collector.py:107	Polling/decoding agents data took: 0.00ms
2016-12-29 20:00:22,826 [DEBUG] yandextank.plugins.Overload.plugin plugin.py:284	No jobNo gained yet
2016-12-29 20:00:23,026 [DEBUG] yandextank.plugins.Telegraf.collector collector.py:107	Polling/decoding agents data took: 0.00ms
2016-12-29 20:00:23,026 [DEBUG] yandextank.plugins.Overload.plugin plugin.py:284	No jobNo gained yet
2016-12-29 20:00:23,227 [DEBUG] yandextank.plugins.Telegraf.collector collector.py:107	Polling/decoding agents data took: 0.01ms
2016-12-29 20:00:23,228 [DEBUG] yandextank.plugins.Overload.plugin plugin.py:284	No jobNo gained yet
2016-12-29 20:00:23,428 [DEBUG] yandextank.plugins.Telegraf.collector collector.py:107	Polling/decoding agents data took: 0.00ms
2016-12-29 20:00:23,428 [DEBUG] yandextank.plugins.Overload.plugin plugin.py:284	No jobNo gained yet
2016-12-29 20:00:23,630 [DEBUG] yandextank.plugins.Telegraf.collector collector.py:107	Polling/decoding agents data took: 0.00ms
2016-12-29 20:00:23,630 [DEBUG] yandextank.plugins.Overload.plugin plugin.py:284	No jobNo gained yet
2016-12-29 20:00:23,831 [DEBUG] yandextank.plugins.Telegraf.collector collector.py:107	Polling/decoding agents data took: 0.00ms
2016-12-29 20:00:23,831 [DEBUG] yandextank.plugins.Overload.plugin plugin.py:284	No jobNo gained yet
2016-12-29 20:00:24,032 [DEBUG] yandextank.plugins.Telegraf.collector collector.py:107	Polling/decoding agents data took: 0.00ms
2016-12-29 20:00:24,032 [DEBUG] yandextank.plugins.Overload.plugin plugin.py:284	No jobNo gained yet
2016-12-29 20:00:24,232 [DEBUG] yandextank.plugins.Telegraf.collector collector.py:107	Polling/decoding agents data took: 0.00ms
2016-12-29 20:00:24,233 [DEBUG] yandextank.plugins.Overload.plugin plugin.py:284	No jobNo gained yet
2016-12-29 20:00:24,434 [DEBUG] yandextank.plugins.Telegraf.collector collector.py:107	Polling/decoding agents data took: 0.00ms
2016-12-29 20:00:24,435 [DEBUG] yandextank.plugins.Overload.plugin plugin.py:284	No jobNo gained yet
2016-12-29 20:00:24,636 [DEBUG] yandextank.plugins.Telegraf.collector collector.py:107	Polling/decoding agents data took: 0.00ms
2016-12-29 20:00:24,636 [DEBUG] yandextank.plugins.Overload.plugin plugin.py:284	No jobNo gained yet
2016-12-29 20:00:24,837 [DEBUG] yandextank.plugins.Telegraf.collector collector.py:107	Polling/decoding agents data took: 0.01ms
2016-12-29 20:00:24,837 [DEBUG] yandextank.plugins.Overload.plugin plugin.py:284	No jobNo gained yet
2016-12-29 20:00:25,038 [DEBUG] yandextank.plugins.Telegraf.collector collector.py:107	Polling/decoding agents data took: 0.00ms
2016-12-29 20:00:25,038 [DEBUG] yandextank.plugins.Overload.plugin plugin.py:284	No jobNo gained yet
2016-12-29 20:00:25,239 [DEBUG] yandextank.plugins.Telegraf.collector collector.py:107	Polling/decoding agents data took: 0.00ms
2016-12-29 20:00:25,240 [DEBUG] yandextank.plugins.Overload.plugin plugin.py:284	No jobNo gained yet
2016-12-29 20:00:25,440 [DEBUG] yandextank.plugins.Telegraf.collector collector.py:107	Polling/decoding agents data took: 0.00ms
2016-12-29 20:00:25,441 [DEBUG] yandextank.plugins.Overload.plugin plugin.py:284	No jobNo gained yet
2016-12-29 20:00:25,641 [DEBUG] yandextank.plugins.Telegraf.collector collector.py:107	Polling/decoding agents data took: 0.00ms
2016-12-29 20:00:25,641 [DEBUG] yandextank.plugins.Overload.plugin plugin.py:284	No jobNo gained yet
2016-12-29 20:00:25,842 [DEBUG] yandextank.plugins.Telegraf.collector collector.py:107	Polling/decoding agents data took: 0.00ms
2016-12-29 20:00:25,842 [DEBUG] yandextank.plugins.Overload.plugin plugin.py:284	No jobNo gained yet
2016-12-29 20:00:26,043 [DEBUG] yandextank.plugins.Telegraf.collector collector.py:107	Polling/decoding agents data took: 0.00ms
2016-12-29 20:00:26,043 [DEBUG] yandextank.plugins.Overload.plugin plugin.py:284	No jobNo gained yet
2016-12-29 20:00:26,243 [DEBUG] yandextank.plugins.Telegraf.collector collector.py:107	Polling/decoding agents data took: 0.00ms
2016-12-29 20:00:26,244 [DEBUG] yandextank.plugins.Overload.plugin plugin.py:284	No jobNo gained yet
2016-12-29 20:00:26,444 [DEBUG] yandextank.plugins.Telegraf.collector collector.py:107	Polling/decoding agents data took: 0.00ms
2016-12-29 20:00:26,445 [DEBUG] yandextank.plugins.Overload.plugin plugin.py:284	No jobNo gained yet
2016-12-29 20:00:26,645 [DEBUG] yandextank.plugins.Telegraf.collector collector.py:107	Polling/decoding agents data took: 0.00ms
2016-12-29 20:00:26,646 [DEBUG] yandextank.plugins.Overload.plugin plugin.py:284	No jobNo gained yet
2016-12-29 20:00:26,846 [DEBUG] yandextank.plugins.Telegraf.collector collector.py:107	Polling/decoding agents data took: 0.00ms
2016-12-29 20:00:26,846 [DEBUG] yandextank.plugins.Overload.plugin plugin.py:284	No jobNo gained yet
2016-12-29 20:00:27,047 [DEBUG] yandextank.plugins.Telegraf.collector collector.py:107	Polling/decoding agents data took: 0.00ms
2016-12-29 20:00:27,047 [DEBUG] yandextank.plugins.Overload.plugin plugin.py:284	No jobNo gained yet
2016-12-29 20:00:27,248 [DEBUG] yandextank.plugins.Telegraf.collector collector.py:107	Polling/decoding agents data took: 0.00ms
2016-12-29 20:00:27,248 [DEBUG] yandextank.plugins.Overload.plugin plugin.py:284	No jobNo gained yet
2016-12-29 20:00:27,451 [DEBUG] yandextank.plugins.Telegraf.collector collector.py:107	Polling/decoding agents data took: 0.01ms
2016-12-29 20:00:27,451 [DEBUG] yandextank.plugins.Overload.plugin plugin.py:284	No jobNo gained yet
2016-12-29 20:00:27,652 [DEBUG] yandextank.plugins.Telegraf.collector collector.py:107	Polling/decoding agents data took: 0.00ms
2016-12-29 20:00:27,652 [DEBUG] yandextank.plugins.Overload.plugin plugin.py:284	No jobNo gained yet
2016-12-29 20:00:27,853 [DEBUG] yandextank.plugins.Telegraf.collector collector.py:107	Polling/decoding agents data took: 0.00ms
2016-12-29 20:00:27,853 [DEBUG] yandextank.plugins.Overload.plugin plugin.py:284	No jobNo gained yet
2016-12-29 20:00:28,053 [DEBUG] yandextank.plugins.Telegraf.collector collector.py:107	Polling/decoding agents data took: 0.00ms
2016-12-29 20:00:28,054 [DEBUG] yandextank.plugins.Overload.plugin plugin.py:284	No jobNo gained yet
2016-12-29 20:00:28,254 [DEBUG] yandextank.plugins.Telegraf.collector collector.py:107	Polling/decoding agents data took: 0.01ms
2016-12-29 20:00:28,254 [DEBUG] yandextank.plugins.Overload.plugin plugin.py:284	No jobNo gained yet
2016-12-29 20:00:28,455 [DEBUG] yandextank.plugins.Telegraf.collector collector.py:107	Polling/decoding agents data took: 0.01ms
2016-12-29 20:00:28,455 [DEBUG] yandextank.plugins.Overload.plugin plugin.py:284	No jobNo gained yet
2016-12-29 20:00:28,655 [DEBUG] yandextank.plugins.Telegraf.collector collector.py:107	Polling/decoding agents data took: 0.00ms
2016-12-29 20:00:28,656 [DEBUG] yandextank.plugins.Overload.plugin plugin.py:284	No jobNo gained yet
2016-12-29 20:00:28,856 [DEBUG] yandextank.plugins.Telegraf.collector collector.py:107	Polling/decoding agents data took: 0.00ms
2016-12-29 20:00:28,856 [DEBUG] yandextank.plugins.Overload.plugin plugin.py:284	No jobNo gained yet
2016-12-29 20:00:29,057 [DEBUG] yandextank.plugins.Telegraf.collector collector.py:107	Polling/decoding agents data took: 0.00ms
2016-12-29 20:00:29,057 [DEBUG] yandextank.plugins.Overload.plugin plugin.py:284	No jobNo gained yet
2016-12-29 20:00:29,258 [DEBUG] yandextank.plugins.Telegraf.collector collector.py:107	Polling/decoding agents data took: 0.00ms
2016-12-29 20:00:29,258 [DEBUG] yandextank.plugins.Overload.plugin plugin.py:284	No jobNo gained yet
2016-12-29 20:00:29,459 [DEBUG] yandextank.plugins.Telegraf.collector collector.py:107	Polling/decoding agents data took: 0.00ms
2016-12-29 20:00:29,459 [DEBUG] yandextank.plugins.Overload.plugin plugin.py:284	No jobNo gained yet
2016-12-29 20:00:29,660 [DEBUG] yandextank.plugins.Telegraf.collector collector.py:107	Polling/decoding agents data took: 0.00ms
2016-12-29 20:00:29,660 [DEBUG] yandextank.plugins.Overload.plugin plugin.py:284	No jobNo gained yet
2016-12-29 20:00:29,862 [DEBUG] yandextank.plugins.Telegraf.collector collector.py:107	Polling/decoding agents data took: 0.01ms
2016-12-29 20:00:29,862 [DEBUG] yandextank.plugins.Overload.plugin plugin.py:284	No jobNo gained yet
2016-12-29 20:00:30,062 [DEBUG] yandextank.plugins.Telegraf.collector collector.py:107	Polling/decoding agents data took: 0.00ms
2016-12-29 20:00:30,062 [DEBUG] yandextank.plugins.Overload.plugin plugin.py:284	No jobNo gained yet
2016-12-29 20:00:30,263 [DEBUG] yandextank.plugins.Telegraf.collector collector.py:107	Polling/decoding agents data took: 0.00ms
2016-12-29 20:00:30,264 [DEBUG] yandextank.plugins.Overload.plugin plugin.py:284	No jobNo gained yet
2016-12-29 20:00:30,464 [DEBUG] yandextank.plugins.Telegraf.collector collector.py:107	Polling/decoding agents data took: 0.00ms
2016-12-29 20:00:30,464 [DEBUG] yandextank.plugins.Overload.plugin plugin.py:284	No jobNo gained yet
2016-12-29 20:00:30,665 [DEBUG] yandextank.plugins.Telegraf.collector collector.py:107	Polling/decoding agents data took: 0.00ms
2016-12-29 20:00:30,665 [DEBUG] yandextank.plugins.Overload.plugin plugin.py:284	No jobNo gained yet
2016-12-29 20:00:30,866 [DEBUG] yandextank.plugins.Telegraf.collector collector.py:107	Polling/decoding agents data took: 0.00ms
2016-12-29 20:00:30,866 [DEBUG] yandextank.plugins.Overload.plugin plugin.py:284	No jobNo gained yet
2016-12-29 20:00:31,067 [DEBUG] yandextank.plugins.Telegraf.collector collector.py:107	Polling/decoding agents data took: 0.00ms
2016-12-29 20:00:31,067 [DEBUG] yandextank.plugins.Overload.plugin plugin.py:284	No jobNo gained yet
2016-12-29 20:00:31,267 [DEBUG] yandextank.plugins.Telegraf.collector collector.py:107	Polling/decoding agents data took: 0.00ms
2016-12-29 20:00:31,268 [DEBUG] yandextank.plugins.Overload.plugin plugin.py:284	No jobNo gained yet
2016-12-29 20:00:31,469 [DEBUG] yandextank.plugins.Telegraf.collector collector.py:107	Polling/decoding agents data took: 0.01ms
2016-12-29 20:00:31,469 [DEBUG] yandextank.plugins.Overload.plugin plugin.py:284	No jobNo gained yet
2016-12-29 20:00:31,669 [DEBUG] yandextank.plugins.Telegraf.collector collector.py:107	Polling/decoding agents data took: 0.01ms
2016-12-29 20:00:31,670 [DEBUG] yandextank.plugins.Overload.plugin plugin.py:284	No jobNo gained yet
2016-12-29 20:00:31,870 [DEBUG] yandextank.plugins.Telegraf.collector collector.py:107	Polling/decoding agents data took: 0.01ms
2016-12-29 20:00:31,871 [DEBUG] yandextank.plugins.Overload.plugin plugin.py:284	No jobNo gained yet
2016-12-29 20:00:32,071 [DEBUG] yandextank.plugins.Telegraf.collector collector.py:107	Polling/decoding agents data took: 0.00ms
2016-12-29 20:00:32,072 [DEBUG] yandextank.plugins.Overload.plugin plugin.py:284	No jobNo gained yet
2016-12-29 20:00:32,273 [DEBUG] yandextank.plugins.Telegraf.collector collector.py:107	Polling/decoding agents data took: 0.00ms
2016-12-29 20:00:32,273 [DEBUG] yandextank.plugins.Overload.plugin plugin.py:284	No jobNo gained yet
2016-12-29 20:00:32,473 [DEBUG] yandextank.plugins.Telegraf.collector collector.py:107	Polling/decoding agents data took: 0.01ms
2016-12-29 20:00:32,473 [DEBUG] yandextank.plugins.Overload.plugin plugin.py:284	No jobNo gained yet
2016-12-29 20:00:32,674 [DEBUG] yandextank.plugins.Telegraf.collector collector.py:107	Polling/decoding agents data took: 0.00ms
2016-12-29 20:00:32,674 [DEBUG] yandextank.plugins.Overload.plugin plugin.py:284	No jobNo gained yet
2016-12-29 20:00:32,875 [DEBUG] yandextank.plugins.Telegraf.collector collector.py:107	Polling/decoding agents data took: 0.00ms
2016-12-29 20:00:32,875 [DEBUG] yandextank.plugins.Overload.plugin plugin.py:284	No jobNo gained yet
2016-12-29 20:00:33,076 [DEBUG] yandextank.plugins.Telegraf.collector collector.py:107	Polling/decoding agents data took: 0.00ms
2016-12-29 20:00:33,076 [DEBUG] yandextank.plugins.Overload.plugin plugin.py:284	No jobNo gained yet
2016-12-29 20:00:33,276 [DEBUG] yandextank.plugins.Telegraf.collector collector.py:107	Polling/decoding agents data took: 0.00ms
2016-12-29 20:00:33,277 [DEBUG] yandextank.plugins.Overload.plugin plugin.py:284	No jobNo gained yet
2016-12-29 20:00:33,477 [DEBUG] yandextank.plugins.Telegraf.collector collector.py:107	Polling/decoding agents data took: 0.00ms
2016-12-29 20:00:33,477 [DEBUG] yandextank.plugins.Overload.plugin plugin.py:284	No jobNo gained yet
2016-12-29 20:00:33,678 [DEBUG] yandextank.plugins.Telegraf.collector collector.py:107	Polling/decoding agents data took: 0.00ms
2016-12-29 20:00:33,678 [DEBUG] yandextank.plugins.Overload.plugin plugin.py:284	No jobNo gained yet
2016-12-29 20:00:33,878 [DEBUG] yandextank.plugins.Telegraf.collector collector.py:107	Polling/decoding agents data took: 0.00ms
2016-12-29 20:00:33,879 [DEBUG] yandextank.plugins.Overload.plugin plugin.py:284	No jobNo gained yet
2016-12-29 20:00:33,879 [DEBUG] yandextank.core.tankcore tankcore.py:287	Preparing <yandextank.plugins.Console.plugin.Plugin object at 0xb500ce8c>
2016-12-29 20:00:33,879 [DEBUG] yandextank.core.tankcore tankcore.py:287	Preparing <yandextank.plugins.TipsAndTricks.plugin.Plugin object at 0xb501116c>
2016-12-29 20:00:33,880 [DEBUG] yandextank.core.tankcore tankcore.py:449	Searching for plugin: <class 'yandextank.plugins.Console.plugin.Plugin'>
2016-12-29 20:00:33,880 [DEBUG] yandextank.core.tankcore tankcore.py:287	Preparing <yandextank.plugins.RCAssert.plugin.Plugin object at 0xb501134c>
2016-12-29 20:00:33,880 [DEBUG] yandextank.core.tankcore tankcore.py:287	Preparing <yandextank.plugins.JsonReport.plugin.Plugin object at 0xb50116ac>
2016-12-29 20:00:33,880 [DEBUG] yandextank.core.tankcore tankcore.py:287	Preparing <yandextank.plugins.Overload.plugin.Plugin object at 0xb501f02c>
2016-12-29 20:00:33,880 [DEBUG] yandextank.core.tankcore tankcore.py:449	Searching for plugin: <class 'yandextank.plugins.Console.plugin.Plugin'>
2016-12-29 20:00:33,880 [DEBUG] yandextank.core.tankcore tankcore.py:449	Searching for plugin: <class 'yandextank.plugins.Phantom.plugin.Plugin'>
2016-12-29 20:00:33,880 [DEBUG] yandextank.core.tankcore tankcore.py:449	Searching for plugin: <class 'yandextank.plugins.Monitoring.plugin.Plugin'>
2016-12-29 20:00:33,880 [DEBUG] yandextank.plugins.Overload.plugin plugin.py:311	Can't get monitoring config
Traceback (most recent call last):
  File "/usr/local/lib/python2.7/dist-packages/yandextank/plugins/Overload/plugin.py", line 304, in __save_conf
    mon = self.core.get_plugin_of_type(MonitoringPlugin)
  File "/usr/local/lib/python2.7/dist-packages/yandextank/core/tankcore.py", line 461, in get_plugin_of_type
    plugin_class)
KeyError: "Requested plugin type not found: <class 'yandextank.plugins.Monitoring.plugin.Plugin'>"
2016-12-29 20:00:33,881 [INFO] yandextank.core.tankcore tankcore.py:294	Starting test...
2016-12-29 20:00:33,881 [DEBUG] yandextank.core.tankcore tankcore.py:297	Starting <yandextank.plugins.ResourceCheck.plugin.Plugin object at 0xb500c5ec>
2016-12-29 20:00:33,881 [DEBUG] yandextank.core.tankcore tankcore.py:297	Starting <yandextank.plugins.ShellExec.plugin.Plugin object at 0xb500c9ec>
2016-12-29 20:00:33,881 [DEBUG] yandextank.core.tankcore tankcore.py:297	Starting <yandextank.plugins.Phantom.plugin.Plugin object at 0xb500ca4c>
2016-12-29 20:00:33,881 [DEBUG] yandextank.plugins.Phantom.plugin plugin.py:155	Starting phantom with arguments: [u'phantom', 'run', '/home/ubuntu/Desktop/GetPoll/load/logs/phantom_lXgDXB.conf']
2016-12-29 20:00:33,881 [DEBUG] yandextank.core.tankcore tankcore.py:491	Adding artifact file to collect (keep=False): /home/ubuntu/Desktop/GetPoll/load/logs/phantom_stdout_stderr_BlZhZI.log
2016-12-29 20:00:33,885 [DEBUG] yandextank.core.tankcore tankcore.py:297	Starting <yandextank.plugins.Aggregator.plugin.Plugin object at 0xb500ca6c>
2016-12-29 20:00:33,886 [DEBUG] yandextank.core.tankcore tankcore.py:297	Starting <yandextank.plugins.Autostop.plugin.Plugin object at 0xb500cd2c>
2016-12-29 20:00:33,886 [DEBUG] yandextank.core.tankcore tankcore.py:297	Starting <yandextank.plugins.Telegraf.plugin.Plugin object at 0xb500cd6c>
2016-12-29 20:00:33,886 [DEBUG] yandextank.plugins.Telegraf.plugin plugin.py:58	load_start_time = 1483030833.89
2016-12-29 20:00:33,887 [DEBUG] yandextank.core.tankcore tankcore.py:297	Starting <yandextank.plugins.Console.plugin.Plugin object at 0xb500ce8c>
2016-12-29 20:00:33,887 [DEBUG] yandextank.core.tankcore tankcore.py:297	Starting <yandextank.plugins.TipsAndTricks.plugin.Plugin object at 0xb501116c>
2016-12-29 20:00:33,887 [DEBUG] yandextank.core.tankcore tankcore.py:297	Starting <yandextank.plugins.RCAssert.plugin.Plugin object at 0xb501134c>
2016-12-29 20:00:33,887 [DEBUG] yandextank.core.tankcore tankcore.py:297	Starting <yandextank.plugins.JsonReport.plugin.Plugin object at 0xb50116ac>
2016-12-29 20:00:33,887 [DEBUG] yandextank.core.tankcore tankcore.py:297	Starting <yandextank.plugins.Overload.plugin.Plugin object at 0xb501f02c>
2016-12-29 20:00:33,887 [DEBUG] yandextank.core.tankcore tankcore.py:449	Searching for plugin: <class 'yandextank.plugins.Phantom.plugin.Plugin'>
2016-12-29 20:00:33,887 [DEBUG] yandextank.core.tankcore tankcore.py:449	Searching for plugin: <class 'yandextank.plugins.JMeter.plugin.Plugin'>
2016-12-29 20:00:33,887 [DEBUG] yandextank.plugins.Overload.plugin plugin.py:194	No jmeter plugin to get info: "Requested plugin type not found: <class 'yandextank.plugins.JMeter.plugin.Plugin'>"
2016-12-29 20:00:33,887 [INFO] yandextank.plugins.Overload.plugin plugin.py:204	Detected target: 127.0.0.1
2016-12-29 20:00:33,888 [DEBUG] yandextank.plugins.Overload.client client.py:93	Job create request: {'person': 'ubuntu', 'host': '127.0.0.1', 'task': u'DEFAULT', 'tank': 'ubuntu-VirtualBox', 'notify': [u''], 'loadscheme': [], 'detailed_time': 'interval_real', 'port': 8080}
2016-12-29 20:00:33,888 [DEBUG] yandextank.plugins.Overload.client client.py:69	Making POST request to: https://overload.yandex.net/api/job/create.json?api_token=a694d38cccf44963b1e9bc297139907a
{
  "person": "ubuntu", 
  "host": "127.0.0.1", 
  "task": "DEFAULT", 
  "tank": "ubuntu-VirtualBox", 
  "notify": [
    ""
  ], 
  "loadscheme": [], 
  "detailed_time": "interval_real", 
  "port": 8080
}
2016-12-29 20:00:34,404 [DEBUG] yandextank.plugins.Overload.client client.py:74	Response: [{"upload_token": "2cef760cab6d49ca8be15fb28b16f18c", "job": 5733}]
2016-12-29 20:00:34,404 [INFO] yandextank.plugins.Overload.plugin plugin.py:210	Web link: https://overload.yandex.net/5733
2016-12-29 20:00:34,405 [DEBUG] yandextank.common.interfaces interfaces.py:80	Publishing status: Plugin/jobno: 5733
2016-12-29 20:00:34,405 [DEBUG] yandextank.common.interfaces interfaces.py:80	Publishing status: Plugin/web_link: https://overload.yandex.net/5733
2016-12-29 20:00:34,406 [DEBUG] yandextank.plugins.Overload.client client.py:69	Making POST request to: https://overload.yandex.net/api/job/5733/edit.json?api_token=a694d38cccf44963b1e9bc297139907a
{
  "description": "", 
  "component": "", 
  "instances": "1000", 
  "regression": "0", 
  "name": "none", 
  "command_line": "/usr/local/bin/yandex-tank -c load.ini", 
  "tank_type": 1, 
  "version": "", 
  "ammo": "/home/ubuntu/Desktop/GetPoll/load/ ", 
  "starred": 0, 
  "loop": 1
}
2016-12-29 20:00:34,541 [DEBUG] yandextank.plugins.Overload.client client.py:74	Response: [{"success": true}]
2016-12-29 20:00:34,541 [DEBUG] yandextank.core.tankcore tankcore.py:449	Searching for plugin: <class 'yandextank.plugins.Monitoring.plugin.Plugin'>
2016-12-29 20:00:34,542 [DEBUG] yandextank.plugins.Overload.plugin plugin.py:311	Can't get monitoring config
Traceback (most recent call last):
  File "/usr/local/lib/python2.7/dist-packages/yandextank/plugins/Overload/plugin.py", line 304, in __save_conf
    mon = self.core.get_plugin_of_type(MonitoringPlugin)
  File "/usr/local/lib/python2.7/dist-packages/yandextank/core/tankcore.py", line 461, in get_plugin_of_type
    plugin_class)
KeyError: "Requested plugin type not found: <class 'yandextank.plugins.Monitoring.plugin.Plugin'>"
2016-12-29 20:00:34,542 [DEBUG] yandextank.plugins.Overload.client client.py:307	Sending config snapshot
2016-12-29 20:00:34,543 [DEBUG] yandextank.plugins.Overload.client client.py:58	Making POST request to: https://overload.yandex.net/api/job/5733/configinfo.txt?api_token=a694d38cccf44963b1e9bc297139907a
2016-12-29 20:00:34,783 [DEBUG] yandextank.plugins.Overload.client client.py:63	Response: [{"success": 1}]
2016-12-29 20:00:34,783 [INFO] yandextank.core.tankcore tankcore.py:307	Waiting for test to finish...
2016-12-29 20:00:34,783 [DEBUG] yandextank.core.tankcore tankcore.py:315	Polling <yandextank.plugins.ResourceCheck.plugin.Plugin object at 0xb500c5ec>
2016-12-29 20:00:34,783 [DEBUG] yandextank.common.interfaces plugin.py:42	Checking tank resources...
2016-12-29 20:00:34,784 [DEBUG] yandextank.common.util util.py:454	Starting: sh -c "df --no-sync -m -P -l -x fuse -x tmpfs -x devtmpfs -x davfs -x nfs logs | tail -n 1 | awk '{print \$4}' "
2016-12-29 20:00:34,804 [DEBUG] yandextank.common.util util.py:476	Process output:
5049

2016-12-29 20:00:34,805 [DEBUG] yandextank.common.util util.py:478	Process exit code: 0
2016-12-29 20:00:34,805 [DEBUG] root plugin.py:56	Result: (0, '5049\n', '')
2016-12-29 20:00:34,806 [DEBUG] yandextank.common.interfaces plugin.py:62	Disk free space: 5049/2048
2016-12-29 20:00:34,806 [DEBUG] yandextank.common.interfaces plugin.py:72	Memory free: 304/100
2016-12-29 20:00:34,807 [DEBUG] yandextank.core.tankcore tankcore.py:315	Polling <yandextank.plugins.ShellExec.plugin.Plugin object at 0xb500c9ec>
2016-12-29 20:00:34,807 [DEBUG] yandextank.core.tankcore tankcore.py:315	Polling <yandextank.plugins.Phantom.plugin.Plugin object at 0xb500ca4c>
2016-12-29 20:00:34,808 [INFO] yandextank.plugins.Phantom.plugin plugin.py:184	Phantom done its work with exit code: 0
2016-12-29 20:00:34,808 [INFO] yandextank.core.tankcore tankcore.py:332	Finishing test...
2016-12-29 20:00:34,808 [DEBUG] yandextank.core.tankcore tankcore.py:336	Finalize <yandextank.plugins.ResourceCheck.plugin.Plugin object at 0xb500c5ec>
2016-12-29 20:00:34,808 [DEBUG] yandextank.core.tankcore tankcore.py:338	RC before: 0
2016-12-29 20:00:34,808 [DEBUG] yandextank.core.tankcore tankcore.py:340	RC after: 0
2016-12-29 20:00:34,808 [DEBUG] yandextank.core.tankcore tankcore.py:336	Finalize <yandextank.plugins.ShellExec.plugin.Plugin object at 0xb500c9ec>
2016-12-29 20:00:34,808 [DEBUG] yandextank.core.tankcore tankcore.py:338	RC before: 0
2016-12-29 20:00:34,808 [DEBUG] yandextank.core.tankcore tankcore.py:340	RC after: 0
2016-12-29 20:00:34,808 [DEBUG] yandextank.core.tankcore tankcore.py:336	Finalize <yandextank.plugins.Phantom.plugin.Plugin object at 0xb500ca4c>
2016-12-29 20:00:34,808 [DEBUG] yandextank.core.tankcore tankcore.py:338	RC before: 0
2016-12-29 20:00:34,809 [DEBUG] yandextank.plugins.Phantom.plugin plugin.py:208	Seems phantom finished OK
2016-12-29 20:00:34,809 [DEBUG] yandextank.core.tankcore tankcore.py:340	RC after: 0
2016-12-29 20:00:34,809 [DEBUG] yandextank.core.tankcore tankcore.py:336	Finalize <yandextank.plugins.Aggregator.plugin.Plugin object at 0xb500ca6c>
2016-12-29 20:00:34,809 [DEBUG] yandextank.core.tankcore tankcore.py:338	RC before: 0
2016-12-29 20:00:34,902 [DEBUG] yandextank.plugins.Phantom.reader reader.py:53	Chunk decode time: 14.29ms
2016-12-29 20:00:35,920 [DEBUG] yandextank.plugins.Aggregator.aggregator aggregator.py:154	Aggregation time: 6.60ms
2016-12-29 20:00:36,927 [DEBUG] yandextank.plugins.Aggregator.plugin plugin.py:98	Data timestamps:
[1483030833]
2016-12-29 20:00:36,927 [DEBUG] yandextank.plugins.Aggregator.plugin plugin.py:99	Stats timestamps:
[]
2016-12-29 20:00:36,927 [DEBUG] yandextank.core.tankcore tankcore.py:340	RC after: 0
2016-12-29 20:00:36,927 [DEBUG] yandextank.core.tankcore tankcore.py:336	Finalize <yandextank.plugins.Autostop.plugin.Plugin object at 0xb500cd2c>
2016-12-29 20:00:36,927 [DEBUG] yandextank.core.tankcore tankcore.py:338	RC before: 0
2016-12-29 20:00:36,927 [DEBUG] yandextank.core.tankcore tankcore.py:340	RC after: 0
2016-12-29 20:00:36,927 [DEBUG] yandextank.core.tankcore tankcore.py:336	Finalize <yandextank.plugins.Telegraf.plugin.Plugin object at 0xb500cd6c>
2016-12-29 20:00:36,927 [DEBUG] yandextank.core.tankcore tankcore.py:338	RC before: 0
2016-12-29 20:00:36,927 [INFO] yandextank.plugins.Telegraf.plugin plugin.py:217	Finishing monitoring
2016-12-29 20:00:36,927 [DEBUG] yandextank.plugins.Telegraf.collector collector.py:120	Uninstalling monitoring agents
2016-12-29 20:00:36,927 [DEBUG] yandextank.plugins.Telegraf.plugin plugin.py:248	Closing monitoring file
2016-12-29 20:00:36,928 [DEBUG] yandextank.core.tankcore tankcore.py:340	RC after: 0
2016-12-29 20:00:36,928 [DEBUG] yandextank.core.tankcore tankcore.py:336	Finalize <yandextank.plugins.Console.plugin.Plugin object at 0xb500ce8c>
2016-12-29 20:00:36,928 [DEBUG] yandextank.core.tankcore tankcore.py:338	RC before: 0
2016-12-29 20:00:36,928 [DEBUG] yandextank.core.tankcore tankcore.py:340	RC after: 0
2016-12-29 20:00:36,928 [DEBUG] yandextank.core.tankcore tankcore.py:336	Finalize <yandextank.plugins.TipsAndTricks.plugin.Plugin object at 0xb501116c>
2016-12-29 20:00:36,928 [DEBUG] yandextank.core.tankcore tankcore.py:338	RC before: 0
2016-12-29 20:00:36,928 [DEBUG] yandextank.core.tankcore tankcore.py:340	RC after: 0
2016-12-29 20:00:36,928 [DEBUG] yandextank.core.tankcore tankcore.py:336	Finalize <yandextank.plugins.RCAssert.plugin.Plugin object at 0xb501134c>
2016-12-29 20:00:36,929 [DEBUG] yandextank.core.tankcore tankcore.py:338	RC before: 0
2016-12-29 20:00:36,929 [DEBUG] yandextank.core.tankcore tankcore.py:340	RC after: 0
2016-12-29 20:00:36,929 [DEBUG] yandextank.core.tankcore tankcore.py:336	Finalize <yandextank.plugins.JsonReport.plugin.Plugin object at 0xb50116ac>
2016-12-29 20:00:36,929 [DEBUG] yandextank.core.tankcore tankcore.py:338	RC before: 0
2016-12-29 20:00:36,929 [DEBUG] yandextank.core.tankcore tankcore.py:340	RC after: 0
2016-12-29 20:00:36,929 [DEBUG] yandextank.core.tankcore tankcore.py:336	Finalize <yandextank.plugins.Overload.plugin.Plugin object at 0xb501f02c>
2016-12-29 20:00:36,929 [DEBUG] yandextank.core.tankcore tankcore.py:338	RC before: 0
2016-12-29 20:00:36,930 [DEBUG] yandextank.core.tankcore tankcore.py:449	Searching for plugin: <class 'yandextank.plugins.Monitoring.plugin.Plugin'>
2016-12-29 20:00:36,930 [DEBUG] yandextank.plugins.Overload.plugin plugin.py:311	Can't get monitoring config
Traceback (most recent call last):
  File "/usr/local/lib/python2.7/dist-packages/yandextank/plugins/Overload/plugin.py", line 304, in __save_conf
    mon = self.core.get_plugin_of_type(MonitoringPlugin)
  File "/usr/local/lib/python2.7/dist-packages/yandextank/core/tankcore.py", line 461, in get_plugin_of_type
    plugin_class)
KeyError: "Requested plugin type not found: <class 'yandextank.plugins.Monitoring.plugin.Plugin'>"
2016-12-29 20:00:36,931 [DEBUG] yandextank.plugins.Overload.client client.py:307	Sending config snapshot
2016-12-29 20:00:36,931 [DEBUG] yandextank.plugins.Overload.client client.py:58	Making POST request to: https://overload.yandex.net/api/job/5733/configinfo.txt?api_token=a694d38cccf44963b1e9bc297139907a
2016-12-29 20:00:37,184 [DEBUG] yandextank.plugins.Overload.client client.py:63	Response: [{"success": 1}]
2016-12-29 20:00:37,184 [DEBUG] yandextank.core.tankcore tankcore.py:340	RC after: 0
2016-12-29 20:00:37,184 [INFO] yandextank.core.tankcore tankcore.py:356	Post-processing test...
2016-12-29 20:00:37,185 [DEBUG] yandextank.core.tankcore tankcore.py:360	Post-process <yandextank.plugins.ResourceCheck.plugin.Plugin object at 0xb500c5ec>
2016-12-29 20:00:37,185 [DEBUG] yandextank.core.tankcore tankcore.py:362	RC before: 0
2016-12-29 20:00:37,186 [DEBUG] yandextank.core.tankcore tankcore.py:364	RC after: 0
2016-12-29 20:00:37,186 [DEBUG] yandextank.core.tankcore tankcore.py:360	Post-process <yandextank.plugins.ShellExec.plugin.Plugin object at 0xb500c9ec>
2016-12-29 20:00:37,187 [DEBUG] yandextank.core.tankcore tankcore.py:362	RC before: 0
2016-12-29 20:00:37,187 [DEBUG] yandextank.core.tankcore tankcore.py:364	RC after: 0
2016-12-29 20:00:37,188 [DEBUG] yandextank.core.tankcore tankcore.py:360	Post-process <yandextank.plugins.Phantom.plugin.Plugin object at 0xb500ca4c>
2016-12-29 20:00:37,188 [DEBUG] yandextank.core.tankcore tankcore.py:362	RC before: 0
2016-12-29 20:00:37,188 [WARNING] yandextank.plugins.Phantom.plugin plugin.py:219	Planned ammo count 2 differs from processed 0
2016-12-29 20:00:37,189 [DEBUG] yandextank.core.tankcore tankcore.py:364	RC after: 0
2016-12-29 20:00:37,190 [DEBUG] yandextank.core.tankcore tankcore.py:360	Post-process <yandextank.plugins.Aggregator.plugin.Plugin object at 0xb500ca6c>
2016-12-29 20:00:37,190 [DEBUG] yandextank.core.tankcore tankcore.py:362	RC before: 0
2016-12-29 20:00:37,191 [DEBUG] yandextank.core.tankcore tankcore.py:364	RC after: 0
2016-12-29 20:00:37,191 [DEBUG] yandextank.core.tankcore tankcore.py:360	Post-process <yandextank.plugins.Autostop.plugin.Plugin object at 0xb500cd2c>
2016-12-29 20:00:37,191 [DEBUG] yandextank.core.tankcore tankcore.py:362	RC before: 0
2016-12-29 20:00:37,192 [DEBUG] yandextank.core.tankcore tankcore.py:364	RC after: 0
2016-12-29 20:00:37,192 [DEBUG] yandextank.core.tankcore tankcore.py:360	Post-process <yandextank.plugins.Telegraf.plugin.Plugin object at 0xb500cd6c>
2016-12-29 20:00:37,192 [DEBUG] yandextank.core.tankcore tankcore.py:362	RC before: 0
2016-12-29 20:00:37,193 [DEBUG] yandextank.core.tankcore tankcore.py:364	RC after: 0
2016-12-29 20:00:37,193 [DEBUG] yandextank.core.tankcore tankcore.py:360	Post-process <yandextank.plugins.Console.plugin.Plugin object at 0xb500ce8c>
2016-12-29 20:00:37,193 [DEBUG] yandextank.core.tankcore tankcore.py:362	RC before: 0
2016-12-29 20:00:37,193 [DEBUG] yandextank.core.tankcore tankcore.py:364	RC after: 0
2016-12-29 20:00:37,193 [DEBUG] yandextank.core.tankcore tankcore.py:360	Post-process <yandextank.plugins.TipsAndTricks.plugin.Plugin object at 0xb501116c>
2016-12-29 20:00:37,193 [DEBUG] yandextank.core.tankcore tankcore.py:362	RC before: 0
2016-12-29 20:00:37,193 [DEBUG] yandextank.core.tankcore tankcore.py:364	RC after: 0
2016-12-29 20:00:37,193 [DEBUG] yandextank.core.tankcore tankcore.py:360	Post-process <yandextank.plugins.RCAssert.plugin.Plugin object at 0xb501134c>
2016-12-29 20:00:37,193 [DEBUG] yandextank.core.tankcore tankcore.py:362	RC before: 0
2016-12-29 20:00:37,193 [DEBUG] yandextank.core.tankcore tankcore.py:364	RC after: 0
2016-12-29 20:00:37,193 [DEBUG] yandextank.core.tankcore tankcore.py:360	Post-process <yandextank.plugins.JsonReport.plugin.Plugin object at 0xb50116ac>
2016-12-29 20:00:37,193 [DEBUG] yandextank.core.tankcore tankcore.py:362	RC before: 0
2016-12-29 20:00:37,193 [DEBUG] yandextank.core.tankcore tankcore.py:364	RC after: 0
2016-12-29 20:00:37,193 [DEBUG] yandextank.core.tankcore tankcore.py:360	Post-process <yandextank.plugins.Overload.plugin.Plugin object at 0xb501f02c>
2016-12-29 20:00:37,193 [DEBUG] yandextank.core.tankcore tankcore.py:362	RC before: 0
2016-12-29 20:00:37,193 [DEBUG] yandextank.plugins.Overload.client client.py:38	Making request to: https://overload.yandex.net/api/job/5733/close.json?api_token=a694d38cccf44963b1e9bc297139907a&exitcode=0
2016-12-29 20:00:37,327 [DEBUG] yandextank.plugins.Overload.client client.py:44	Raw response: [{"success": 1}]
2016-12-29 20:00:37,327 [DEBUG] yandextank.plugins.Overload.client client.py:50	Response: [{u'success': 1}]
2016-12-29 20:00:37,327 [INFO] yandextank.plugins.Overload.plugin plugin.py:242	Web link: https://overload.yandex.net/5733
2016-12-29 20:00:37,327 [DEBUG] yandextank.core.tankcore tankcore.py:449	Searching for plugin: <class 'yandextank.plugins.Autostop.plugin.Plugin'>
2016-12-29 20:00:37,327 [DEBUG] yandextank.plugins.Overload.plugin plugin.py:262	No autostop cause detected
2016-12-29 20:00:37,327 [DEBUG] yandextank.core.tankcore tankcore.py:449	Searching for plugin: <class 'yandextank.plugins.Monitoring.plugin.Plugin'>
2016-12-29 20:00:37,327 [DEBUG] yandextank.plugins.Overload.plugin plugin.py:311	Can't get monitoring config
Traceback (most recent call last):
  File "/usr/local/lib/python2.7/dist-packages/yandextank/plugins/Overload/plugin.py", line 304, in __save_conf
    mon = self.core.get_plugin_of_type(MonitoringPlugin)
  File "/usr/local/lib/python2.7/dist-packages/yandextank/core/tankcore.py", line 461, in get_plugin_of_type
    plugin_class)
KeyError: "Requested plugin type not found: <class 'yandextank.plugins.Monitoring.plugin.Plugin'>"
2016-12-29 20:00:37,328 [DEBUG] yandextank.plugins.Overload.client client.py:307	Sending config snapshot
2016-12-29 20:00:37,328 [DEBUG] yandextank.plugins.Overload.client client.py:58	Making POST request to: https://overload.yandex.net/api/job/5733/configinfo.txt?api_token=a694d38cccf44963b1e9bc297139907a
2016-12-29 20:00:37,653 [DEBUG] yandextank.plugins.Overload.client client.py:63	Response: [{"success": 1}]
2016-12-29 20:00:37,653 [DEBUG] yandextank.core.tankcore tankcore.py:364	RC after: 0
2016-12-29 20:00:37,653 [DEBUG] yandextank.core.tankcore tankcore.py:395	Collecting artifacts
2016-12-29 20:00:37,653 [INFO] yandextank.core.tankcore tankcore.py:396	Artifacts dir: /home/ubuntu/Desktop/GetPoll/load/logs/2016-12-29_20-00-18.C1s7kl
2016-12-29 20:00:37,653 [DEBUG] yandextank.core.tankcore tankcore.py:468	Collecting file: /home/ubuntu/Desktop/GetPoll/load/logs/phout_OkOZHr.log to /home/ubuntu/Desktop/GetPoll/load/logs/2016-12-29_20-00-18.C1s7kl/phout_OkOZHr.log
2016-12-29 20:00:37,654 [DEBUG] yandextank.core.tankcore tankcore.py:468	Collecting file: /var/lock/lunapark_v7lMPq.lock to /home/ubuntu/Desktop/GetPoll/load/logs/2016-12-29_20-00-18.C1s7kl/lunapark_v7lMPq.lock
2016-12-29 20:00:37,655 [DEBUG] yandextank.core.tankcore tankcore.py:468	Collecting file: /home/ubuntu/Desktop/GetPoll/load/logs/monitoring_overall_bxDBnA.data to /home/ubuntu/Desktop/GetPoll/load/logs/2016-12-29_20-00-18.C1s7kl/monitoring_overall_bxDBnA.data
2016-12-29 20:00:37,655 [DEBUG] yandextank.core.tankcore tankcore.py:468	Collecting file: /home/ubuntu/Desktop/GetPoll/load/logs/answ_iDNEUB.log to /home/ubuntu/Desktop/GetPoll/load/logs/2016-12-29_20-00-18.C1s7kl/answ_iDNEUB.log
2016-12-29 20:00:37,655 [DEBUG] yandextank.core.tankcore tankcore.py:468	Collecting file: /home/ubuntu/Desktop/GetPoll/load/logs/phantom_lXgDXB.conf to /home/ubuntu/Desktop/GetPoll/load/logs/2016-12-29_20-00-18.C1s7kl/phantom_lXgDXB.conf
2016-12-29 20:00:37,656 [DEBUG] yandextank.core.tankcore tankcore.py:468	Collecting file: /home/ubuntu/Desktop/GetPoll/load/logs/phantom_stdout_stderr_BlZhZI.log to /home/ubuntu/Desktop/GetPoll/load/logs/2016-12-29_20-00-18.C1s7kl/phantom_stdout_stderr_BlZhZI.log
2016-12-29 20:00:37,656 [DEBUG] yandextank.core.tankcore tankcore.py:468	Collecting file: /home/ubuntu/Desktop/GetPoll/load/logs/monitoring_cAFIiz.xml to /home/ubuntu/Desktop/GetPoll/load/logs/2016-12-29_20-00-18.C1s7kl/monitoring_cAFIiz.xml
2016-12-29 20:00:37,656 [DEBUG] yandextank.core.tankcore tankcore.py:468	Collecting file: tank.log to /home/ubuntu/Desktop/GetPoll/load/logs/2016-12-29_20-00-18.C1s7kl/tank.log
2016-12-29 20:00:37,656 [DEBUG] yandextank.core.tankcore tankcore.py:468	Collecting file: /home/ubuntu/Desktop/GetPoll/load/logs/phantom_k4Amqq.log to /home/ubuntu/Desktop/GetPoll/load/logs/2016-12-29_20-00-18.C1s7kl/phantom_k4Amqq.log
2016-12-29 20:00:37,656 [DEBUG] yandextank.core.tankcore tankcore.py:468	Collecting file: /home/ubuntu/Desktop/GetPoll/load/logs/phantom_stat_PRVHPl.log to /home/ubuntu/Desktop/GetPoll/load/logs/2016-12-29_20-00-18.C1s7kl/phantom_stat_PRVHPl.log
2016-12-29 20:00:37,656 [INFO] yandextank.core.tankcore tankcore.py:579	Close allocated resources...
2016-12-29 20:00:37,656 [DEBUG] yandextank.core.tankcore tankcore.py:582	Close <yandextank.plugins.ResourceCheck.plugin.Plugin object at 0xb500c5ec>
2016-12-29 20:00:37,656 [DEBUG] yandextank.core.tankcore tankcore.py:582	Close <yandextank.plugins.ShellExec.plugin.Plugin object at 0xb500c9ec>
2016-12-29 20:00:37,656 [DEBUG] yandextank.core.tankcore tankcore.py:582	Close <yandextank.plugins.Phantom.plugin.Plugin object at 0xb500ca4c>
2016-12-29 20:00:37,656 [DEBUG] yandextank.core.tankcore tankcore.py:582	Close <yandextank.plugins.Aggregator.plugin.Plugin object at 0xb500ca6c>
2016-12-29 20:00:37,657 [DEBUG] yandextank.core.tankcore tankcore.py:582	Close <yandextank.plugins.Autostop.plugin.Plugin object at 0xb500cd2c>
2016-12-29 20:00:37,657 [DEBUG] yandextank.core.tankcore tankcore.py:582	Close <yandextank.plugins.Telegraf.plugin.Plugin object at 0xb500cd6c>
2016-12-29 20:00:37,657 [DEBUG] yandextank.core.tankcore tankcore.py:582	Close <yandextank.plugins.Console.plugin.Plugin object at 0xb500ce8c>
2016-12-29 20:00:37,657 [DEBUG] yandextank.core.tankcore tankcore.py:582	Close <yandextank.plugins.TipsAndTricks.plugin.Plugin object at 0xb501116c>
2016-12-29 20:00:37,657 [DEBUG] yandextank.core.tankcore tankcore.py:582	Close <yandextank.plugins.RCAssert.plugin.Plugin object at 0xb501134c>
2016-12-29 20:00:37,657 [DEBUG] yandextank.core.tankcore tankcore.py:582	Close <yandextank.plugins.JsonReport.plugin.Plugin object at 0xb50116ac>
2016-12-29 20:00:37,657 [DEBUG] yandextank.core.tankcore tankcore.py:582	Close <yandextank.plugins.Overload.plugin.Plugin object at 0xb501f02c>
2016-12-29 20:00:37,657 [INFO] yandextank.core.consoleworker consoleworker.py:308	Done performing test with code 0
