"2016-12-29 20:43:30.730 +0300" : {
  "main_scheduler" : {
    "bqs" : {
      "14076" : {
        "mmconts" : [0, 31, 240],
        "acts" : [503, 25107],
        "tstate" : { "idle" : 14555, "run" : 2895, "locked" : 1, "mmap" : 2582 }
      },
      "14077" : {
        "mmconts" : [0, 2, 4],
        "acts" : [5, 250],
        "tstate" : { "idle" : 9973, "run" : 7635, "locked" : 0, "mmap" : 2384 }
      }
    }
  },
  "benchmark_io" : {
    "simple_times" : {
      "mcount" : {
        "mcount" : { "16 -- 25" : 1 }
      }
    },
    "stream_method" : {
      "conns" : [1, 49],
      "in" : [1487, 73716],
      "out" : [23, 1140],
      "mmtasks" : [0, 0, 1],
      "load" : 0.021,
      "mcount" : {
        "mcount" : { "Success" : 1 }
      },
      "http_proto0" : {
        "mcount" : {
          "mcount" : { "OK" : 1 }
        }
      },
      "source_log" : {
        "delta" : [0, 0, 384]
      },
      "loggers" : {
        "brief_logger" : {
          "records" : [1, 49],
          "out" : [61, 3018]
        }
      }
    }
  }
}