"2016-12-29 20:29:10.992 +0300" : {
  "main_scheduler" : {
    "bqs" : {
      "13741" : {
        "mmconts" : [0, 16, 216],
        "acts" : [503, 14564],
        "tstate" : { "idle" : 10964, "run" : 22517, "locked" : 0, "mmap" : 1056 }
      },
      "13742" : {
        "mmconts" : [0, 2, 4],
        "acts" : [5, 154],
        "tstate" : { "idle" : 8991, "run" : 22724, "locked" : 0, "mmap" : 716 }
      }
    }
  },
  "benchmark_io" : {
    "simple_times" : {
      "mcount" : {
        "mcount" : { "10 -- 16" : 1 }
      }
    },
    "stream_method" : {
      "conns" : [1, 28],
      "in" : [1487, 42871],
      "out" : [23, 663],
      "mmtasks" : [0, 0, 1],
      "load" : 0.017,
      "mcount" : {
        "mcount" : { "Success" : 1 }
      },
      "http_proto0" : {
        "mcount" : {
          "mcount" : { "OK" : 1 }
        }
      },
      "source_log" : {
        "delta" : [0, 7373, 15995]
      },
      "loggers" : {
        "brief_logger" : {
          "records" : [1, 28],
          "out" : [60, 1727]
        }
      }
    }
  }
}