"2016-12-29 20:18:23.670 +0300" : {
  "main_scheduler" : {
    "bqs" : {
      "13486" : {
        "mmconts" : [0, 31, 299],
        "acts" : [503, 17037],
        "tstate" : { "idle" : 19467, "run" : 3257, "locked" : 580, "mmap" : 6220 }
      },
      "13487" : {
        "mmconts" : [0, 3, 5],
        "acts" : [5, 171],
        "tstate" : { "idle" : 9511, "run" : 13797, "locked" : 0, "mmap" : 5893 }
      }
    }
  },
  "benchmark_io" : {
    "simple_times" : {
      "mcount" : {
        "mcount" : { "25 -- 41" : 1 }
      }
    },
    "stream_method" : {
      "conns" : [1, 33],
      "in" : [1487, 50121],
      "out" : [23, 775],
      "mmtasks" : [0, 0, 1],
      "load" : 0.007,
      "mcount" : {
        "mcount" : { "Success" : 1 }
      },
      "http_proto0" : {
        "mcount" : {
          "mcount" : { "OK" : 1 }
        }
      },
      "source_log" : {
        "delta" : [0, 0, 107]
      },
      "loggers" : {
        "brief_logger" : {
          "records" : [1, 33],
          "out" : [61, 2053]
        }
      }
    }
  }
}