"2016-12-29 20:25:13.063 +0300" : {
  "main_scheduler" : {
    "bqs" : {
      "13599" : {
        "mmconts" : [0, 18, 137],
        "acts" : [503, 20113],
        "tstate" : { "idle" : 13770, "run" : 9212, "locked" : 5, "mmap" : 2021 }
      },
      "13600" : {
        "mmconts" : [0, 3, 4],
        "acts" : [5, 200],
        "tstate" : { "idle" : 10174, "run" : 12997, "locked" : 6, "mmap" : 1799 }
      }
    }
  },
  "benchmark_io" : {
    "simple_times" : {
      "mcount" : {
        "mcount" : { "16 -- 25" : 1 }
      }
    },
    "stream_method" : {
      "conns" : [1, 39],
      "in" : [1487, 59104],
      "out" : [23, 914],
      "mmtasks" : [0, 0, 1],
      "load" : 0.010,
      "mcount" : {
        "mcount" : { "Success" : 1 }
      },
      "http_proto0" : {
        "mcount" : {
          "mcount" : { "OK" : 1 }
        }
      },
      "source_log" : {
        "delta" : [0, 0, 256]
      },
      "loggers" : {
        "brief_logger" : {
          "records" : [1, 39],
          "out" : [62, 2459]
        }
      }
    }
  }
}