"2016-12-29 20:55:12.295 +0300" : {
  "main_scheduler" : {
    "bqs" : {
      "14431" : {
        "mmconts" : [0, 494, 503],
        "acts" : [508, 506],
        "tstate" : { "idle" : 979446, "run" : 22515, "locked" : 1296, "mmap" : 9 }
      },
      "14432" : {
        "mmconts" : [0, 493, 502],
        "acts" : [16, 15],
        "tstate" : { "idle" : 972372, "run" : 28844, "locked" : 0, "mmap" : 2018 }
      }
    }
  },
  "benchmark_io" : {
    "simple_times" : {
      "mcount" : {
        "mcount" : { "25 -- 41" : 1, "2 -- 4" : 1, "1 -- 1" : 1, "-- 1" : 3 }
      }
    },
    "stream_method" : {
      "conns" : [6, 5],
      "in" : [1110, 1106],
      "out" : [366, 364],
      "mmtasks" : [0, 0, 1],
      "load" : 0.058,
      "mcount" : {
        "mcount" : { "Success" : 6 }
      },
      "http_proto0" : {
        "mcount" : {
          "mcount" : { "Not Found" : 6 }
        }
      },
      "source_log" : {
        "delta" : [0, 1, 2288]
      },
      "loggers" : {
        "brief_logger" : {
          "records" : [6, 5],
          "out" : [325, 323]
        }
      }
    }
  }
},
"2016-12-29 20:55:13.295 +0300" : {
  "main_scheduler" : {
    "bqs" : {
      "14431" : {
        "mmconts" : [503, 503, 503],
        "acts" : [1, 1],
        "tstate" : { "idle" : 998074, "run" : 1897, "locked" : 0, "mmap" : 0 }
      },
      "14432" : {
        "mmconts" : [502, 502, 502],
        "acts" : [45, 45],
        "tstate" : { "idle" : 994022, "run" : 5948, "locked" : 0, "mmap" : 0 }
      }
    }
  },
  "benchmark_io" : {
    "simple_times" : {
      "mcount" : {
        "mcount" : { "1 -- 1" : 2, "-- 1" : 13 }
      }
    },
    "stream_method" : {
      "conns" : [15, 15],
      "in" : [2775, 2775],
      "out" : [918, 918],
      "mmtasks" : [0, 0, 1],
      "load" : 0.287,
      "mcount" : {
        "mcount" : { "Success" : 15 }
      },
      "http_proto0" : {
        "mcount" : {
          "mcount" : { "Not Found" : 15 }
        }
      },
      "source_log" : {
        "delta" : [0, 0, 0]
      },
      "loggers" : {
        "brief_logger" : {
          "records" : [15, 15],
          "out" : [799, 799]
        }
      }
    }
  }
},
"2016-12-29 20:55:14.295 +0300" : {
  "main_scheduler" : {
    "bqs" : {
      "14431" : {
        "mmconts" : [503, 503, 503],
        "acts" : [3, 3],
        "tstate" : { "idle" : 998353, "run" : 1541, "locked" : 0, "mmap" : 0 }
      },
      "14432" : {
        "mmconts" : [502, 502, 502],
        "acts" : [73, 73],
        "tstate" : { "idle" : 990988, "run" : 8907, "locked" : 0, "mmap" : 0 }
      }
    }
  },
  "benchmark_io" : {
    "simple_times" : {
      "mcount" : {
        "mcount" : { "1 -- 1" : 3, "-- 1" : 21 }
      }
    },
    "stream_method" : {
      "conns" : [24, 24],
      "in" : [4440, 4440],
      "out" : [1464, 1464],
      "mmtasks" : [0, 0, 1],
      "load" : 0.340,
      "mcount" : {
        "mcount" : { "Success" : 24 }
      },
      "http_proto0" : {
        "mcount" : {
          "mcount" : { "Not Found" : 24 }
        }
      },
      "source_log" : {
        "delta" : [0, 0, 0]
      },
      "loggers" : {
        "brief_logger" : {
          "records" : [24, 24],
          "out" : [1291, 1291]
        }
      }
    }
  }
},
"2016-12-29 20:55:14.754 +0300" : {
  "main_scheduler" : {
    "bqs" : {
      "14431" : {
        "mmconts" : [503, 503, 503],
        "acts" : [26, 56],
        "tstate" : { "idle" : 455909, "run" : 2904, "locked" : 0, "mmap" : 0 }
      },
      "14432" : {
        "mmconts" : [502, 502, 502],
        "acts" : [19, 41],
        "tstate" : { "idle" : 454171, "run" : 4640, "locked" : 0, "mmap" : 0 }
      }
    }
  },
  "benchmark_io" : {
    "simple_times" : {
      "mcount" : {
        "mcount" : { "1 -- 2" : 2, "-- 1" : 12 }
      }
    },
    "stream_method" : {
      "conns" : [14, 30],
      "in" : [2590, 5645],
      "out" : [854, 1861],
      "mmtasks" : [0, 0, 1],
      "load" : 0.463,
      "mcount" : {
        "mcount" : { "Success" : 14 }
      },
      "http_proto0" : {
        "mcount" : {
          "mcount" : { "Not Found" : 14 }
        }
      },
      "source_log" : {
        "delta" : [0, 0, 0]
      },
      "loggers" : {
        "brief_logger" : {
          "records" : [14, 30],
          "out" : [762, 1660]
        }
      }
    }
  }
}