2016-12-29 20:54:36,662 [WARNING] yandextank.core.consoleworker consoleworker.py:163	/etc/yandex-tank is not accessible to get configs list
2016-12-29 20:54:36,662 [INFO] yandextank.core.tankcore tankcore.py:122	Loading configs...
2016-12-29 20:54:36,662 [DEBUG] yandextank.core.tankcore tankcore.py:623	Reading configs: ['/usr/local/lib/python2.7/dist-packages/yandextank/core/config/00-base.ini', '/home/ubuntu/.yandex-tank', 'load.ini']
2016-12-29 20:54:36,664 [DEBUG] yandextank.core.tankcore tankcore.py:653	Section: [tank] prefix: '' options:
[('uuid', '97cd1594-3f15-456b-b10f-e864551bcdf2'), ('pid', '14370'), ('lock_dir', '/var/lock'), ('plugin_rcheck', 'yandextank.plugins.ResourceCheck'), ('plugin_shellexec', 'yandextank.plugins.ShellExec'), ('plugin_phantom', 'yandextank.plugins.Phantom'), ('plugin_aggregate', 'yandextank.plugins.Aggregator'), ('plugin_autostop', 'yandextank.plugins.Autostop'), ('plugin_telegraf', 'yandextank.plugins.Telegraf'), ('plugin_console', 'yandextank.plugins.Console'), ('plugin_tips', 'yandextank.plugins.TipsAndTricks'), ('plugin_rcassert', 'yandextank.plugins.RCAssert'), ('plugin_jsonreport', 'yandextank.plugins.JsonReport'), ('artifacts_base_dir', 'logs'), ('plugin_overload', 'yandextank.plugins.Overload')]
2016-12-29 20:54:36,664 [DEBUG] yandextank.core.tankcore tankcore.py:491	Adding artifact file to collect (keep=False): /var/lock/lunapark_sED6lB.lock
2016-12-29 20:54:36,664 [INFO] yandextank.core.tankcore tankcore.py:141	Loading plugins...
2016-12-29 20:54:36,665 [DEBUG] yandextank.core.tankcore tankcore.py:653	Section: [tank] prefix: 'plugin_' options:
[('rcheck', 'yandextank.plugins.ResourceCheck'), ('shellexec', 'yandextank.plugins.ShellExec'), ('phantom', 'yandextank.plugins.Phantom'), ('aggregate', 'yandextank.plugins.Aggregator'), ('autostop', 'yandextank.plugins.Autostop'), ('telegraf', 'yandextank.plugins.Telegraf'), ('console', 'yandextank.plugins.Console'), ('tips', 'yandextank.plugins.TipsAndTricks'), ('rcassert', 'yandextank.plugins.RCAssert'), ('jsonreport', 'yandextank.plugins.JsonReport'), ('overload', 'yandextank.plugins.Overload')]
2016-12-29 20:54:36,665 [DEBUG] yandextank.core.tankcore tankcore.py:162	Loading plugin rcheck from yandextank.plugins.ResourceCheck
2016-12-29 20:54:36,666 [DEBUG] yandextank.core.tankcore tankcore.py:162	Loading plugin shellexec from yandextank.plugins.ShellExec
2016-12-29 20:54:36,666 [DEBUG] yandextank.core.tankcore tankcore.py:162	Loading plugin phantom from yandextank.plugins.Phantom
2016-12-29 20:54:36,666 [DEBUG] yandextank.core.tankcore tankcore.py:162	Loading plugin aggregate from yandextank.plugins.Aggregator
2016-12-29 20:54:36,667 [DEBUG] yandextank.core.tankcore tankcore.py:162	Loading plugin autostop from yandextank.plugins.Autostop
2016-12-29 20:54:36,667 [DEBUG] yandextank.core.tankcore tankcore.py:162	Loading plugin telegraf from yandextank.plugins.Telegraf
2016-12-29 20:54:36,667 [DEBUG] yandextank.core.tankcore tankcore.py:162	Loading plugin console from yandextank.plugins.Console
2016-12-29 20:54:36,667 [DEBUG] yandextank.core.tankcore tankcore.py:162	Loading plugin tips from yandextank.plugins.TipsAndTricks
2016-12-29 20:54:36,668 [DEBUG] yandextank.core.tankcore tankcore.py:162	Loading plugin rcassert from yandextank.plugins.RCAssert
2016-12-29 20:54:36,669 [DEBUG] yandextank.core.tankcore tankcore.py:162	Loading plugin jsonreport from yandextank.plugins.JsonReport
2016-12-29 20:54:36,669 [DEBUG] yandextank.core.tankcore tankcore.py:162	Loading plugin overload from yandextank.plugins.Overload
2016-12-29 20:54:36,672 [DEBUG] yandextank.core.tankcore tankcore.py:210	Plugin instances: [<yandextank.plugins.ResourceCheck.plugin.Plugin object at 0xb4f1deec>, <yandextank.plugins.ShellExec.plugin.Plugin object at 0xb4f2730c>, <yandextank.plugins.Phantom.plugin.Plugin object at 0xb4f2736c>, <yandextank.plugins.Aggregator.plugin.Plugin object at 0xb4f2738c>, <yandextank.plugins.Autostop.plugin.Plugin object at 0xb4f2764c>, <yandextank.plugins.Telegraf.plugin.Plugin object at 0xb4f2768c>, <yandextank.plugins.Console.plugin.Plugin object at 0xb4f277ac>, <yandextank.plugins.TipsAndTricks.plugin.Plugin object at 0xb4f27a6c>, <yandextank.plugins.RCAssert.plugin.Plugin object at 0xb4f27c2c>, <yandextank.plugins.JsonReport.plugin.Plugin object at 0xb4f27f8c>, <yandextank.plugins.Overload.plugin.Plugin object at 0xb4eb6a2c>]
2016-12-29 20:54:36,673 [INFO] yandextank.core.consoleworker consoleworker.py:257	Performing test
2016-12-29 20:54:36,673 [INFO] yandextank.core.tankcore tankcore.py:220	Configuring plugins...
2016-12-29 20:54:36,673 [DEBUG] yandextank.core.tankcore tankcore.py:449	Searching for plugin: <class 'yandextank.plugins.Telegraf.plugin.Plugin'>
2016-12-29 20:54:36,673 [DEBUG] yandextank.core.tankcore tankcore.py:449	Searching for plugin: <class 'yandextank.plugins.Aggregator.plugin.Plugin'>
2016-12-29 20:54:36,673 [DEBUG] yandextank.core.tankcore tankcore.py:449	Searching for plugin: <class 'yandextank.common.interfaces.GeneratorPlugin'>
2016-12-29 20:54:36,673 [DEBUG] yandextank.core.tankcore tankcore.py:409	No section 'meta', adding
2016-12-29 20:54:36,675 [DEBUG] yandextank.core.tankcore tankcore.py:276	Configuring <yandextank.plugins.ResourceCheck.plugin.Plugin object at 0xb4f1deec>
2016-12-29 20:54:36,675 [DEBUG] yandextank.core.tankcore tankcore.py:409	No section 'rcheck', adding
2016-12-29 20:54:36,682 [DEBUG] yandextank.core.tankcore tankcore.py:276	Configuring <yandextank.plugins.ShellExec.plugin.Plugin object at 0xb4f2730c>
2016-12-29 20:54:36,682 [DEBUG] yandextank.core.tankcore tankcore.py:409	No section 'shellexec', adding
2016-12-29 20:54:36,683 [DEBUG] yandextank.core.tankcore tankcore.py:276	Configuring <yandextank.plugins.Phantom.plugin.Plugin object at 0xb4f2736c>
2016-12-29 20:54:36,684 [DEBUG] yandextank.core.tankcore tankcore.py:449	Searching for plugin: <class 'yandextank.plugins.Autostop.plugin.Plugin'>
2016-12-29 20:54:36,685 [DEBUG] yandextank.core.tankcore tankcore.py:491	Adding artifact file to collect (keep=False): /home/ubuntu/Desktop/GetPoll/load/logs/answ_x9V75h.log
2016-12-29 20:54:36,686 [DEBUG] yandextank.core.tankcore tankcore.py:491	Adding artifact file to collect (keep=False): /home/ubuntu/Desktop/GetPoll/load/logs/phout_2EbR6x.log
2016-12-29 20:54:36,686 [DEBUG] yandextank.core.tankcore tankcore.py:491	Adding artifact file to collect (keep=False): /home/ubuntu/Desktop/GetPoll/load/logs/phantom_stat_V5OleO.log
2016-12-29 20:54:36,686 [DEBUG] yandextank.core.tankcore tankcore.py:491	Adding artifact file to collect (keep=False): /home/ubuntu/Desktop/GetPoll/load/logs/phantom_Kt4lkq.log
2016-12-29 20:54:36,688 [DEBUG] yandextank.common.util util.py:528	Trying to resolve address string: 127.0.0.1
2016-12-29 20:54:36,688 [DEBUG] yandextank.common.util util.py:545	Parsing port
2016-12-29 20:54:36,688 [DEBUG] yandextank.common.util util.py:555	Lookup result: [(2, 1, 6, '', ('127.0.0.1', 0)), (2, 2, 17, '', ('127.0.0.1', 0)), (2, 3, 0, '', ('127.0.0.1', 0))]
2016-12-29 20:54:36,688 [WARNING] yandextank.common.util util.py:568	Using phantom.port option is deprecated. Use phantom.address=[address]:port instead
2016-12-29 20:54:36,690 [INFO] yandextank.plugins.Phantom.utils utils.py:268	Resolved 127.0.0.1 into 127.0.0.1:8080
2016-12-29 20:54:36,691 [INFO] yandextank.stepper.main main.py:138	Configuring StepperWrapper...
2016-12-29 20:54:36,691 [DEBUG] yandextank.stepper.main main.py:122	Option phantom.ammofile = 
2016-12-29 20:54:36,691 [DEBUG] yandextank.stepper.main main.py:122	Option phantom.ammo_type = 
2016-12-29 20:54:36,693 [DEBUG] yandextank.stepper.main main.py:122	Option phantom.loop = -1
2016-12-29 20:54:36,693 [DEBUG] yandextank.stepper.main main.py:122	Option phantom.ammo_limit = -1
2016-12-29 20:54:36,693 [DEBUG] yandextank.stepper.main main.py:122	Option phantom.rps_schedule = line(1, 1100, 2m) const(1100, 5m)
2016-12-29 20:54:36,693 [DEBUG] yandextank.stepper.main main.py:122	Option phantom.instances_schedule = 
2016-12-29 20:54:36,694 [DEBUG] yandextank.stepper.main main.py:122	Option phantom.instances = 1000
2016-12-29 20:54:36,694 [DEBUG] yandextank.stepper.main main.py:122	Option phantom.uris = /news/www.bbc.com/news/world-us-canada-38429496
/news/www.bbc.com/sport/football/38428342
2016-12-29 20:54:36,694 [DEBUG] yandextank.stepper.main main.py:122	Option phantom.headers = 
2016-12-29 20:54:36,694 [DEBUG] yandextank.stepper.main main.py:122	Option phantom.header_http = 1.0
2016-12-29 20:54:36,695 [DEBUG] yandextank.stepper.main main.py:122	Option phantom.autocases = 0
2016-12-29 20:54:36,695 [DEBUG] yandextank.stepper.main main.py:122	Option phantom.enum_ammo = False
2016-12-29 20:54:36,695 [DEBUG] yandextank.stepper.main main.py:122	Option phantom.use_caching = 1
2016-12-29 20:54:36,695 [DEBUG] yandextank.stepper.main main.py:122	Option phantom.file_cache = 8192
2016-12-29 20:54:36,697 [DEBUG] yandextank.stepper.main main.py:122	Option phantom.force_stepping = 0
2016-12-29 20:54:36,697 [DEBUG] yandextank.stepper.main main.py:122	Option phantom.stpd_file = 
2016-12-29 20:54:36,698 [DEBUG] yandextank.stepper.main main.py:122	Option phantom.chosen_cases = 
2016-12-29 20:54:36,698 [DEBUG] yandextank.core.tankcore tankcore.py:276	Configuring <yandextank.plugins.Aggregator.plugin.Plugin object at 0xb4f2738c>
2016-12-29 20:54:36,699 [DEBUG] yandextank.core.tankcore tankcore.py:409	No section 'aggregator', adding
2016-12-29 20:54:36,700 [DEBUG] yandextank.core.tankcore tankcore.py:276	Configuring <yandextank.plugins.Autostop.plugin.Plugin object at 0xb4f2764c>
2016-12-29 20:54:36,701 [DEBUG] yandextank.core.tankcore tankcore.py:449	Searching for plugin: <class 'yandextank.plugins.Aggregator.plugin.Plugin'>
2016-12-29 20:54:36,701 [DEBUG] yandextank.core.tankcore tankcore.py:409	No section 'autostop', adding
2016-12-29 20:54:36,703 [DEBUG] yandextank.core.tankcore tankcore.py:276	Configuring <yandextank.plugins.Telegraf.plugin.Plugin object at 0xb4f2768c>
2016-12-29 20:54:36,703 [DEBUG] yandextank.core.tankcore tankcore.py:409	No section 'telegraf', adding
2016-12-29 20:54:36,703 [WARNING] yandextank.core.tankcore tankcore.py:423	Mandatory option config was not found in section telegraf
2016-12-29 20:54:36,703 [DEBUG] yandextank.core.tankcore tankcore.py:409	No section 'monitoring', adding
2016-12-29 20:54:36,704 [WARNING] yandextank.core.tankcore tankcore.py:423	Mandatory option config was not found in section monitoring
2016-12-29 20:54:36,704 [WARNING] yandextank.core.tankcore tankcore.py:423	Mandatory option default_target was not found in section telegraf
2016-12-29 20:54:36,704 [WARNING] yandextank.core.tankcore tankcore.py:423	Mandatory option default_target was not found in section monitoring
2016-12-29 20:54:36,705 [DEBUG] yandextank.core.tankcore tankcore.py:491	Adding artifact file to collect (keep=False): /home/ubuntu/Desktop/GetPoll/load/logs/monitoring_1FH4VR.xml
2016-12-29 20:54:36,706 [DEBUG] yandextank.core.tankcore tankcore.py:449	Searching for plugin: <class 'yandextank.plugins.Autostop.plugin.Plugin'>
2016-12-29 20:54:36,706 [DEBUG] yandextank.core.tankcore tankcore.py:276	Configuring <yandextank.plugins.Console.plugin.Plugin object at 0xb4f277ac>
2016-12-29 20:54:36,706 [DEBUG] yandextank.core.tankcore tankcore.py:409	No section 'console', adding
2016-12-29 20:54:36,707 [DEBUG] yandextank.core.tankcore tankcore.py:449	Searching for plugin: <class 'yandextank.plugins.Aggregator.plugin.Plugin'>
2016-12-29 20:54:36,708 [DEBUG] yandextank.core.tankcore tankcore.py:276	Configuring <yandextank.plugins.TipsAndTricks.plugin.Plugin object at 0xb4f27a6c>
2016-12-29 20:54:36,708 [DEBUG] yandextank.core.tankcore tankcore.py:409	No section 'tips', adding
2016-12-29 20:54:36,708 [DEBUG] yandextank.core.tankcore tankcore.py:276	Configuring <yandextank.plugins.RCAssert.plugin.Plugin object at 0xb4f27c2c>
2016-12-29 20:54:36,708 [DEBUG] yandextank.core.tankcore tankcore.py:409	No section 'rcassert', adding
2016-12-29 20:54:36,709 [DEBUG] yandextank.core.tankcore tankcore.py:276	Configuring <yandextank.plugins.JsonReport.plugin.Plugin object at 0xb4f27f8c>
2016-12-29 20:54:36,709 [DEBUG] yandextank.core.tankcore tankcore.py:409	No section 'json_report', adding
2016-12-29 20:54:36,710 [DEBUG] yandextank.core.tankcore tankcore.py:276	Configuring <yandextank.plugins.Overload.plugin.Plugin object at 0xb4eb6a2c>
2016-12-29 20:54:36,710 [DEBUG] yandextank.plugins.Overload.plugin plugin.py:78	Trying to read token from token.txt
2016-12-29 20:54:36,710 [INFO] yandextank.plugins.Overload.plugin plugin.py:84	Read authentication token from token.txt, token length is 32 bytes
2016-12-29 20:54:36,715 [DEBUG] yandextank.core.tankcore tankcore.py:449	Searching for plugin: <class 'yandextank.plugins.Monitoring.plugin.Plugin'>
2016-12-29 20:54:36,715 [DEBUG] yandextank.plugins.Overload.plugin plugin.py:311	Can't get monitoring config
Traceback (most recent call last):
  File "/usr/local/lib/python2.7/dist-packages/yandextank/plugins/Overload/plugin.py", line 304, in __save_conf
    mon = self.core.get_plugin_of_type(MonitoringPlugin)
  File "/usr/local/lib/python2.7/dist-packages/yandextank/core/tankcore.py", line 461, in get_plugin_of_type
    plugin_class)
KeyError: "Requested plugin type not found: <class 'yandextank.plugins.Monitoring.plugin.Plugin'>"
2016-12-29 20:54:36,718 [INFO] yandextank.core.tankcore tankcore.py:284	Preparing test...
2016-12-29 20:54:36,719 [DEBUG] yandextank.core.tankcore tankcore.py:287	Preparing <yandextank.plugins.ResourceCheck.plugin.Plugin object at 0xb4f1deec>
2016-12-29 20:54:36,719 [INFO] yandextank.common.interfaces plugin.py:37	Checking tank resources...
2016-12-29 20:54:36,719 [DEBUG] yandextank.common.util util.py:454	Starting: sh -c "df --no-sync -m -P -l -x fuse -x tmpfs -x devtmpfs -x davfs -x nfs logs | tail -n 1 | awk '{print \$4}' "
2016-12-29 20:54:36,747 [DEBUG] yandextank.common.util util.py:476	Process output:
4971

2016-12-29 20:54:36,747 [DEBUG] yandextank.common.util util.py:478	Process exit code: 0
2016-12-29 20:54:36,747 [DEBUG] root plugin.py:56	Result: (0, '4971\n', '')
2016-12-29 20:54:36,747 [DEBUG] yandextank.common.interfaces plugin.py:62	Disk free space: 4971/2048
2016-12-29 20:54:36,748 [DEBUG] yandextank.common.interfaces plugin.py:72	Memory free: 317/512
2016-12-29 20:54:36,751 [INFO] yandextank.core.consoleworker consoleworker.py:298	Exception: Traceback (most recent call last):
  File "/usr/local/lib/python2.7/dist-packages/yandextank/core/consoleworker.py", line 261, in perform_test
    self.core.plugins_prepare_test()
  File "/usr/local/lib/python2.7/dist-packages/yandextank/core/tankcore.py", line 288, in plugins_prepare_test
    plugin.prepare_test()
  File "/usr/local/lib/python2.7/dist-packages/yandextank/plugins/ResourceCheck/plugin.py", line 39, in prepare_test
    self.__check_mem()
  File "/usr/local/lib/python2.7/dist-packages/yandextank/plugins/ResourceCheck/plugin.py", line 75, in __check_mem
    "than %sMB: %sMB" % (self.mem_limit, mem_free))
RuntimeError: Not enough resources: free memory less than 512MB: 317MB

2016-12-29 20:54:36,752 [ERROR] yandextank.core.consoleworker consoleworker.py:300	Not enough resources: free memory less than 512MB: 317MB
2016-12-29 20:54:36,753 [INFO] yandextank.core.consoleworker consoleworker.py:247	Trying to shutdown gracefully...
2016-12-29 20:54:36,754 [INFO] yandextank.core.tankcore tankcore.py:332	Finishing test...
2016-12-29 20:54:36,755 [DEBUG] yandextank.core.tankcore tankcore.py:336	Finalize <yandextank.plugins.ResourceCheck.plugin.Plugin object at 0xb4f1deec>
2016-12-29 20:54:36,755 [DEBUG] yandextank.core.tankcore tankcore.py:338	RC before: 1
2016-12-29 20:54:36,755 [DEBUG] yandextank.core.tankcore tankcore.py:340	RC after: 1
2016-12-29 20:54:36,755 [DEBUG] yandextank.core.tankcore tankcore.py:336	Finalize <yandextank.plugins.ShellExec.plugin.Plugin object at 0xb4f2730c>
2016-12-29 20:54:36,755 [DEBUG] yandextank.core.tankcore tankcore.py:338	RC before: 1
2016-12-29 20:54:36,755 [DEBUG] yandextank.core.tankcore tankcore.py:340	RC after: 1
2016-12-29 20:54:36,755 [DEBUG] yandextank.core.tankcore tankcore.py:336	Finalize <yandextank.plugins.Phantom.plugin.Plugin object at 0xb4f2736c>
2016-12-29 20:54:36,755 [DEBUG] yandextank.core.tankcore tankcore.py:338	RC before: 1
2016-12-29 20:54:36,755 [DEBUG] yandextank.plugins.Phantom.plugin plugin.py:208	Seems phantom finished OK
2016-12-29 20:54:36,756 [DEBUG] yandextank.core.tankcore tankcore.py:340	RC after: 1
2016-12-29 20:54:36,756 [DEBUG] yandextank.core.tankcore tankcore.py:336	Finalize <yandextank.plugins.Aggregator.plugin.Plugin object at 0xb4f2738c>
2016-12-29 20:54:36,756 [DEBUG] yandextank.core.tankcore tankcore.py:338	RC before: 1
2016-12-29 20:54:36,756 [ERROR] yandextank.core.tankcore tankcore.py:342	Failed finishing plugin <yandextank.plugins.Aggregator.plugin.Plugin object at 0xb4f2738c>: 'Plugin' object has no attribute 'drain'
2016-12-29 20:54:36,757 [DEBUG] yandextank.core.tankcore tankcore.py:344	Failed finishing plugin: Traceback (most recent call last):
  File "/usr/local/lib/python2.7/dist-packages/yandextank/core/tankcore.py", line 339, in plugins_end_test
    plugin.end_test(retcode)
  File "/usr/local/lib/python2.7/dist-packages/yandextank/plugins/Aggregator/plugin.py", line 126, in end_test
    if self.drain:
AttributeError: 'Plugin' object has no attribute 'drain'

2016-12-29 20:54:36,757 [DEBUG] yandextank.core.tankcore tankcore.py:336	Finalize <yandextank.plugins.Autostop.plugin.Plugin object at 0xb4f2764c>
2016-12-29 20:54:36,758 [DEBUG] yandextank.core.tankcore tankcore.py:338	RC before: 1
2016-12-29 20:54:36,758 [DEBUG] yandextank.core.tankcore tankcore.py:340	RC after: 1
2016-12-29 20:54:36,758 [DEBUG] yandextank.core.tankcore tankcore.py:336	Finalize <yandextank.plugins.Telegraf.plugin.Plugin object at 0xb4f2768c>
2016-12-29 20:54:36,758 [DEBUG] yandextank.core.tankcore tankcore.py:338	RC before: 1
2016-12-29 20:54:36,758 [INFO] yandextank.plugins.Telegraf.plugin plugin.py:217	Finishing monitoring
2016-12-29 20:54:36,758 [DEBUG] yandextank.plugins.Telegraf.collector collector.py:120	Uninstalling monitoring agents
2016-12-29 20:54:36,758 [DEBUG] yandextank.core.tankcore tankcore.py:340	RC after: 1
2016-12-29 20:54:36,758 [DEBUG] yandextank.core.tankcore tankcore.py:336	Finalize <yandextank.plugins.Console.plugin.Plugin object at 0xb4f277ac>
2016-12-29 20:54:36,758 [DEBUG] yandextank.core.tankcore tankcore.py:338	RC before: 1
2016-12-29 20:54:36,758 [DEBUG] yandextank.core.tankcore tankcore.py:340	RC after: 1
2016-12-29 20:54:36,758 [DEBUG] yandextank.core.tankcore tankcore.py:336	Finalize <yandextank.plugins.TipsAndTricks.plugin.Plugin object at 0xb4f27a6c>
2016-12-29 20:54:36,758 [DEBUG] yandextank.core.tankcore tankcore.py:338	RC before: 1
2016-12-29 20:54:36,758 [DEBUG] yandextank.core.tankcore tankcore.py:340	RC after: 1
2016-12-29 20:54:36,758 [DEBUG] yandextank.core.tankcore tankcore.py:336	Finalize <yandextank.plugins.RCAssert.plugin.Plugin object at 0xb4f27c2c>
2016-12-29 20:54:36,758 [DEBUG] yandextank.core.tankcore tankcore.py:338	RC before: 1
2016-12-29 20:54:36,758 [DEBUG] yandextank.core.tankcore tankcore.py:340	RC after: 1
2016-12-29 20:54:36,758 [DEBUG] yandextank.core.tankcore tankcore.py:336	Finalize <yandextank.plugins.JsonReport.plugin.Plugin object at 0xb4f27f8c>
2016-12-29 20:54:36,759 [DEBUG] yandextank.core.tankcore tankcore.py:338	RC before: 1
2016-12-29 20:54:36,759 [DEBUG] yandextank.core.tankcore tankcore.py:340	RC after: 1
2016-12-29 20:54:36,759 [DEBUG] yandextank.core.tankcore tankcore.py:336	Finalize <yandextank.plugins.Overload.plugin.Plugin object at 0xb4eb6a2c>
2016-12-29 20:54:36,759 [DEBUG] yandextank.core.tankcore tankcore.py:338	RC before: 1
2016-12-29 20:54:36,759 [DEBUG] yandextank.core.tankcore tankcore.py:449	Searching for plugin: <class 'yandextank.plugins.Monitoring.plugin.Plugin'>
2016-12-29 20:54:36,759 [DEBUG] yandextank.plugins.Overload.plugin plugin.py:311	Can't get monitoring config
Traceback (most recent call last):
  File "/usr/local/lib/python2.7/dist-packages/yandextank/plugins/Overload/plugin.py", line 304, in __save_conf
    mon = self.core.get_plugin_of_type(MonitoringPlugin)
  File "/usr/local/lib/python2.7/dist-packages/yandextank/core/tankcore.py", line 461, in get_plugin_of_type
    plugin_class)
KeyError: "Requested plugin type not found: <class 'yandextank.plugins.Monitoring.plugin.Plugin'>"
2016-12-29 20:54:36,759 [DEBUG] yandextank.core.tankcore tankcore.py:340	RC after: 1
2016-12-29 20:54:36,759 [INFO] yandextank.core.tankcore tankcore.py:356	Post-processing test...
2016-12-29 20:54:36,759 [DEBUG] yandextank.core.tankcore tankcore.py:360	Post-process <yandextank.plugins.ResourceCheck.plugin.Plugin object at 0xb4f1deec>
2016-12-29 20:54:36,759 [DEBUG] yandextank.core.tankcore tankcore.py:362	RC before: 1
2016-12-29 20:54:36,760 [DEBUG] yandextank.core.tankcore tankcore.py:364	RC after: 1
2016-12-29 20:54:36,760 [DEBUG] yandextank.core.tankcore tankcore.py:360	Post-process <yandextank.plugins.ShellExec.plugin.Plugin object at 0xb4f2730c>
2016-12-29 20:54:36,760 [DEBUG] yandextank.core.tankcore tankcore.py:362	RC before: 1
2016-12-29 20:54:36,760 [DEBUG] yandextank.core.tankcore tankcore.py:364	RC after: 1
2016-12-29 20:54:36,760 [DEBUG] yandextank.core.tankcore tankcore.py:360	Post-process <yandextank.plugins.Phantom.plugin.Plugin object at 0xb4f2736c>
2016-12-29 20:54:36,760 [DEBUG] yandextank.core.tankcore tankcore.py:362	RC before: 1
2016-12-29 20:54:36,760 [DEBUG] yandextank.core.tankcore tankcore.py:364	RC after: 1
2016-12-29 20:54:36,760 [DEBUG] yandextank.core.tankcore tankcore.py:360	Post-process <yandextank.plugins.Aggregator.plugin.Plugin object at 0xb4f2738c>
2016-12-29 20:54:36,760 [DEBUG] yandextank.core.tankcore tankcore.py:362	RC before: 1
2016-12-29 20:54:36,760 [DEBUG] yandextank.core.tankcore tankcore.py:364	RC after: 1
2016-12-29 20:54:36,760 [DEBUG] yandextank.core.tankcore tankcore.py:360	Post-process <yandextank.plugins.Autostop.plugin.Plugin object at 0xb4f2764c>
2016-12-29 20:54:36,760 [DEBUG] yandextank.core.tankcore tankcore.py:362	RC before: 1
2016-12-29 20:54:36,760 [DEBUG] yandextank.core.tankcore tankcore.py:364	RC after: 1
2016-12-29 20:54:36,760 [DEBUG] yandextank.core.tankcore tankcore.py:360	Post-process <yandextank.plugins.Telegraf.plugin.Plugin object at 0xb4f2768c>
2016-12-29 20:54:36,761 [DEBUG] yandextank.core.tankcore tankcore.py:362	RC before: 1
2016-12-29 20:54:36,761 [DEBUG] yandextank.core.tankcore tankcore.py:364	RC after: 1
2016-12-29 20:54:36,761 [DEBUG] yandextank.core.tankcore tankcore.py:360	Post-process <yandextank.plugins.Console.plugin.Plugin object at 0xb4f277ac>
2016-12-29 20:54:36,761 [DEBUG] yandextank.core.tankcore tankcore.py:362	RC before: 1
2016-12-29 20:54:36,761 [DEBUG] yandextank.core.tankcore tankcore.py:364	RC after: 1
2016-12-29 20:54:36,761 [DEBUG] yandextank.core.tankcore tankcore.py:360	Post-process <yandextank.plugins.TipsAndTricks.plugin.Plugin object at 0xb4f27a6c>
2016-12-29 20:54:36,762 [DEBUG] yandextank.core.tankcore tankcore.py:362	RC before: 1
2016-12-29 20:54:36,762 [DEBUG] yandextank.core.tankcore tankcore.py:364	RC after: 1
2016-12-29 20:54:36,762 [DEBUG] yandextank.core.tankcore tankcore.py:360	Post-process <yandextank.plugins.RCAssert.plugin.Plugin object at 0xb4f27c2c>
2016-12-29 20:54:36,762 [DEBUG] yandextank.core.tankcore tankcore.py:362	RC before: 1
2016-12-29 20:54:36,762 [DEBUG] yandextank.core.tankcore tankcore.py:364	RC after: 1
2016-12-29 20:54:36,762 [DEBUG] yandextank.core.tankcore tankcore.py:360	Post-process <yandextank.plugins.JsonReport.plugin.Plugin object at 0xb4f27f8c>
2016-12-29 20:54:36,762 [DEBUG] yandextank.core.tankcore tankcore.py:362	RC before: 1
2016-12-29 20:54:36,762 [DEBUG] yandextank.core.tankcore tankcore.py:364	RC after: 1
2016-12-29 20:54:36,762 [DEBUG] yandextank.core.tankcore tankcore.py:360	Post-process <yandextank.plugins.Overload.plugin.Plugin object at 0xb4eb6a2c>
2016-12-29 20:54:36,762 [DEBUG] yandextank.core.tankcore tankcore.py:362	RC before: 1
2016-12-29 20:54:36,763 [DEBUG] yandextank.core.tankcore tankcore.py:449	Searching for plugin: <class 'yandextank.plugins.Monitoring.plugin.Plugin'>
2016-12-29 20:54:36,763 [DEBUG] yandextank.plugins.Overload.plugin plugin.py:311	Can't get monitoring config
Traceback (most recent call last):
  File "/usr/local/lib/python2.7/dist-packages/yandextank/plugins/Overload/plugin.py", line 304, in __save_conf
    mon = self.core.get_plugin_of_type(MonitoringPlugin)
  File "/usr/local/lib/python2.7/dist-packages/yandextank/core/tankcore.py", line 461, in get_plugin_of_type
    plugin_class)
KeyError: "Requested plugin type not found: <class 'yandextank.plugins.Monitoring.plugin.Plugin'>"
2016-12-29 20:54:36,763 [DEBUG] yandextank.core.tankcore tankcore.py:364	RC after: 1
2016-12-29 20:54:36,763 [DEBUG] yandextank.core.tankcore tankcore.py:395	Collecting artifacts
2016-12-29 20:54:36,763 [INFO] yandextank.core.tankcore tankcore.py:396	Artifacts dir: /home/ubuntu/Desktop/GetPoll/load/logs/2016-12-29_20-54-36.yiTHMj
2016-12-29 20:54:36,764 [DEBUG] yandextank.core.tankcore tankcore.py:468	Collecting file: /var/lock/lunapark_sED6lB.lock to /home/ubuntu/Desktop/GetPoll/load/logs/2016-12-29_20-54-36.yiTHMj/lunapark_sED6lB.lock
2016-12-29 20:54:36,764 [DEBUG] yandextank.core.tankcore tankcore.py:468	Collecting file: /home/ubuntu/Desktop/GetPoll/load/logs/phantom_stat_V5OleO.log to /home/ubuntu/Desktop/GetPoll/load/logs/2016-12-29_20-54-36.yiTHMj/phantom_stat_V5OleO.log
2016-12-29 20:54:36,764 [DEBUG] yandextank.core.tankcore tankcore.py:468	Collecting file: /home/ubuntu/Desktop/GetPoll/load/logs/monitoring_1FH4VR.xml to /home/ubuntu/Desktop/GetPoll/load/logs/2016-12-29_20-54-36.yiTHMj/monitoring_1FH4VR.xml
2016-12-29 20:54:36,764 [DEBUG] yandextank.core.tankcore tankcore.py:468	Collecting file: /home/ubuntu/Desktop/GetPoll/load/logs/phout_2EbR6x.log to /home/ubuntu/Desktop/GetPoll/load/logs/2016-12-29_20-54-36.yiTHMj/phout_2EbR6x.log
2016-12-29 20:54:36,764 [DEBUG] yandextank.core.tankcore tankcore.py:468	Collecting file: tank.log to /home/ubuntu/Desktop/GetPoll/load/logs/2016-12-29_20-54-36.yiTHMj/tank.log
2016-12-29 20:54:36,765 [DEBUG] yandextank.core.tankcore tankcore.py:468	Collecting file: /home/ubuntu/Desktop/GetPoll/load/logs/phantom_Kt4lkq.log to /home/ubuntu/Desktop/GetPoll/load/logs/2016-12-29_20-54-36.yiTHMj/phantom_Kt4lkq.log
2016-12-29 20:54:36,765 [DEBUG] yandextank.core.tankcore tankcore.py:468	Collecting file: /home/ubuntu/Desktop/GetPoll/load/logs/answ_x9V75h.log to /home/ubuntu/Desktop/GetPoll/load/logs/2016-12-29_20-54-36.yiTHMj/answ_x9V75h.log
2016-12-29 20:54:36,765 [INFO] yandextank.core.consoleworker consoleworker.py:250	Done graceful shutdown
2016-12-29 20:54:36,765 [INFO] yandextank.core.tankcore tankcore.py:579	Close allocated resources...
2016-12-29 20:54:36,765 [DEBUG] yandextank.core.tankcore tankcore.py:582	Close <yandextank.plugins.ResourceCheck.plugin.Plugin object at 0xb4f1deec>
2016-12-29 20:54:36,765 [DEBUG] yandextank.core.tankcore tankcore.py:582	Close <yandextank.plugins.ShellExec.plugin.Plugin object at 0xb4f2730c>
2016-12-29 20:54:36,765 [DEBUG] yandextank.core.tankcore tankcore.py:582	Close <yandextank.plugins.Phantom.plugin.Plugin object at 0xb4f2736c>
2016-12-29 20:54:36,766 [DEBUG] yandextank.core.tankcore tankcore.py:582	Close <yandextank.plugins.Aggregator.plugin.Plugin object at 0xb4f2738c>
2016-12-29 20:54:36,766 [DEBUG] yandextank.core.tankcore tankcore.py:582	Close <yandextank.plugins.Autostop.plugin.Plugin object at 0xb4f2764c>
2016-12-29 20:54:36,766 [DEBUG] yandextank.core.tankcore tankcore.py:582	Close <yandextank.plugins.Telegraf.plugin.Plugin object at 0xb4f2768c>
2016-12-29 20:54:36,766 [DEBUG] yandextank.core.tankcore tankcore.py:582	Close <yandextank.plugins.Console.plugin.Plugin object at 0xb4f277ac>
2016-12-29 20:54:36,766 [DEBUG] yandextank.core.tankcore tankcore.py:582	Close <yandextank.plugins.TipsAndTricks.plugin.Plugin object at 0xb4f27a6c>
2016-12-29 20:54:36,766 [DEBUG] yandextank.core.tankcore tankcore.py:582	Close <yandextank.plugins.RCAssert.plugin.Plugin object at 0xb4f27c2c>
2016-12-29 20:54:36,766 [DEBUG] yandextank.core.tankcore tankcore.py:582	Close <yandextank.plugins.JsonReport.plugin.Plugin object at 0xb4f27f8c>
2016-12-29 20:54:36,766 [DEBUG] yandextank.core.tankcore tankcore.py:582	Close <yandextank.plugins.Overload.plugin.Plugin object at 0xb4eb6a2c>
2016-12-29 20:54:36,766 [INFO] yandextank.core.consoleworker consoleworker.py:308	Done performing test with code 1
